ERROR - 2022-11-18 08:08:26 --> Error connecting to the database: Aucune connexion n’a pu être établie car l’ordinateur cible l’a expressément refusée.

CRITICAL - 2022-11-18 08:08:26 --> Unable to connect to the database.
Main connection [MySQLi]: Aucune connexion n’a pu être établie car l’ordinateur cible l’a expressément refusée.

#0 C:\Users\yebdi\OneDrive\Documents\devWeb\amd_maj\system\Database\BaseConnection.php(577): CodeIgniter\Database\BaseConnection->initialize()
#1 C:\Users\yebdi\OneDrive\Documents\devWeb\amd_maj\system\Database\BaseBuilder.php(1455): CodeIgniter\Database\BaseConnection->query('SELECT *\nFROM `...', Array, false)
#2 C:\Users\yebdi\OneDrive\Documents\devWeb\amd_maj\system\Model.php(183): CodeIgniter\Database\BaseBuilder->get()
#3 C:\Users\yebdi\OneDrive\Documents\devWeb\amd_maj\system\BaseModel.php(584): CodeIgniter\Model->doFindAll(0, 0)
#4 C:\Users\yebdi\OneDrive\Documents\devWeb\amd_maj\app\Controllers\Home.php(22): CodeIgniter\BaseModel->findAll()
#5 C:\Users\yebdi\OneDrive\Documents\devWeb\amd_maj\system\CodeIgniter.php(832): App\Controllers\Home->index()
#6 C:\Users\yebdi\OneDrive\Documents\devWeb\amd_maj\system\CodeIgniter.php(419): CodeIgniter\CodeIgniter->runController(Object(App\Controllers\Home))
#7 C:\Users\yebdi\OneDrive\Documents\devWeb\amd_maj\system\CodeIgniter.php(326): CodeIgniter\CodeIgniter->handleRequest(NULL, Object(Config\Cache), false)
#8 C:\Users\yebdi\OneDrive\Documents\devWeb\amd_maj\public\index.php(37): CodeIgniter\CodeIgniter->run()
#9 C:\Users\yebdi\OneDrive\Documents\devWeb\amd_maj\system\Commands\Server\rewrite.php(43): require_once('C:\\Users\\yebdi\\...')
#10 {main}
ERROR - 2022-11-18 09:16:33 --> MySQL server has gone away
CRITICAL - 2022-11-18 09:16:33 --> MySQL server has gone away
#0 C:\Users\yebdi\OneDrive\Documents\devWeb\amd_maj\system\Database\MySQLi\Connection.php(292): mysqli->query('INSERT INTO `tb...', 0)
#1 C:\Users\yebdi\OneDrive\Documents\devWeb\amd_maj\system\Database\BaseConnection.php(670): CodeIgniter\Database\MySQLi\Connection->execute('INSERT INTO `tb...')
#2 C:\Users\yebdi\OneDrive\Documents\devWeb\amd_maj\system\Database\BaseConnection.php(598): CodeIgniter\Database\BaseConnection->simpleQuery('INSERT INTO `tb...')
#3 C:\Users\yebdi\OneDrive\Documents\devWeb\amd_maj\system\Database\BaseBuilder.php(1771): CodeIgniter\Database\BaseConnection->query('INSERT INTO `tb...', Array, false)
#4 C:\Users\yebdi\OneDrive\Documents\devWeb\amd_maj\system\Model.php(239): CodeIgniter\Database\BaseBuilder->insert()
#5 C:\Users\yebdi\OneDrive\Documents\devWeb\amd_maj\system\BaseModel.php(738): CodeIgniter\Model->doInsert(Array)
#6 C:\Users\yebdi\OneDrive\Documents\devWeb\amd_maj\system\Model.php(625): CodeIgniter\BaseModel->insert(Array, false)
#7 C:\Users\yebdi\OneDrive\Documents\devWeb\amd_maj\system\BaseModel.php(658): CodeIgniter\Model->insert(Array, false)
#8 C:\Users\yebdi\OneDrive\Documents\devWeb\amd_maj\app\Controllers\Approvisionnement.php(376): CodeIgniter\BaseModel->save(Array)
#9 C:\Users\yebdi\OneDrive\Documents\devWeb\amd_maj\system\CodeIgniter.php(832): App\Controllers\Approvisionnement->insert()
#10 C:\Users\yebdi\OneDrive\Documents\devWeb\amd_maj\system\CodeIgniter.php(419): CodeIgniter\CodeIgniter->runController(Object(App\Controllers\Approvisionnement))
#11 C:\Users\yebdi\OneDrive\Documents\devWeb\amd_maj\system\CodeIgniter.php(326): CodeIgniter\CodeIgniter->handleRequest(NULL, Object(Config\Cache), false)
#12 C:\Users\yebdi\OneDrive\Documents\devWeb\amd_maj\public\index.php(37): CodeIgniter\CodeIgniter->run()
#13 C:\Users\yebdi\OneDrive\Documents\devWeb\amd_maj\system\Commands\Server\rewrite.php(43): require_once('C:\\Users\\yebdi\\...')
#14 {main}
ERROR - 2022-11-18 09:16:57 --> Error connecting to the database: Aucune connexion n’a pu être établie car l’ordinateur cible l’a expressément refusée.

CRITICAL - 2022-11-18 09:16:57 --> Unable to connect to the database.
Main connection [MySQLi]: Aucune connexion n’a pu être établie car l’ordinateur cible l’a expressément refusée.

#0 C:\Users\yebdi\OneDrive\Documents\devWeb\amd_maj\system\Database\BaseConnection.php(577): CodeIgniter\Database\BaseConnection->initialize()
#1 C:\Users\yebdi\OneDrive\Documents\devWeb\amd_maj\system\Database\BaseBuilder.php(1455): CodeIgniter\Database\BaseConnection->query('SELECT *\nFROM `...', Array, false)
#2 C:\Users\yebdi\OneDrive\Documents\devWeb\amd_maj\system\Model.php(183): CodeIgniter\Database\BaseBuilder->get()
#3 C:\Users\yebdi\OneDrive\Documents\devWeb\amd_maj\system\BaseModel.php(584): CodeIgniter\Model->doFindAll(0, 0)
#4 C:\Users\yebdi\OneDrive\Documents\devWeb\amd_maj\app\Controllers\Article.php(24): CodeIgniter\BaseModel->findAll()
#5 C:\Users\yebdi\OneDrive\Documents\devWeb\amd_maj\system\CodeIgniter.php(832): App\Controllers\Article->load_article()
#6 C:\Users\yebdi\OneDrive\Documents\devWeb\amd_maj\system\CodeIgniter.php(419): CodeIgniter\CodeIgniter->runController(Object(App\Controllers\Article))
#7 C:\Users\yebdi\OneDrive\Documents\devWeb\amd_maj\system\CodeIgniter.php(326): CodeIgniter\CodeIgniter->handleRequest(NULL, Object(Config\Cache), false)
#8 C:\Users\yebdi\OneDrive\Documents\devWeb\amd_maj\public\index.php(37): CodeIgniter\CodeIgniter->run()
#9 C:\Users\yebdi\OneDrive\Documents\devWeb\amd_maj\system\Commands\Server\rewrite.php(43): require_once('C:\\Users\\yebdi\\...')
#10 {main}
ERROR - 2022-11-18 09:17:02 --> Error connecting to the database: Aucune connexion n’a pu être établie car l’ordinateur cible l’a expressément refusée.

CRITICAL - 2022-11-18 09:17:02 --> Unable to connect to the database.
Main connection [MySQLi]: Aucune connexion n’a pu être établie car l’ordinateur cible l’a expressément refusée.

#0 C:\Users\yebdi\OneDrive\Documents\devWeb\amd_maj\system\Database\BaseConnection.php(577): CodeIgniter\Database\BaseConnection->initialize()
#1 C:\Users\yebdi\OneDrive\Documents\devWeb\amd_maj\system\Database\BaseBuilder.php(1455): CodeIgniter\Database\BaseConnection->query('SELECT *\nFROM `...', Array, false)
#2 C:\Users\yebdi\OneDrive\Documents\devWeb\amd_maj\system\Model.php(183): CodeIgniter\Database\BaseBuilder->get()
#3 C:\Users\yebdi\OneDrive\Documents\devWeb\amd_maj\system\BaseModel.php(584): CodeIgniter\Model->doFindAll(0, 0)
#4 C:\Users\yebdi\OneDrive\Documents\devWeb\amd_maj\app\Controllers\Fournisseur.php(18): CodeIgniter\BaseModel->findAll()
#5 C:\Users\yebdi\OneDrive\Documents\devWeb\amd_maj\system\CodeIgniter.php(832): App\Controllers\Fournisseur->fetch_fournisseur()
#6 C:\Users\yebdi\OneDrive\Documents\devWeb\amd_maj\system\CodeIgniter.php(419): CodeIgniter\CodeIgniter->runController(Object(App\Controllers\Fournisseur))
#7 C:\Users\yebdi\OneDrive\Documents\devWeb\amd_maj\system\CodeIgniter.php(326): CodeIgniter\CodeIgniter->handleRequest(NULL, Object(Config\Cache), false)
#8 C:\Users\yebdi\OneDrive\Documents\devWeb\amd_maj\public\index.php(37): CodeIgniter\CodeIgniter->run()
#9 C:\Users\yebdi\OneDrive\Documents\devWeb\amd_maj\system\Commands\Server\rewrite.php(43): require_once('C:\\Users\\yebdi\\...')
#10 {main}
ERROR - 2022-11-18 09:17:06 --> Error connecting to the database: Aucune connexion n’a pu être établie car l’ordinateur cible l’a expressément refusée.

CRITICAL - 2022-11-18 09:17:06 --> Unable to connect to the database.
Main connection [MySQLi]: Aucune connexion n’a pu être établie car l’ordinateur cible l’a expressément refusée.

#0 C:\Users\yebdi\OneDrive\Documents\devWeb\amd_maj\system\Database\BaseConnection.php(577): CodeIgniter\Database\BaseConnection->initialize()
#1 C:\Users\yebdi\OneDrive\Documents\devWeb\amd_maj\system\Database\BaseBuilder.php(1455): CodeIgniter\Database\BaseConnection->query('SELECT *, `tbl_...', Array, false)
#2 C:\Users\yebdi\OneDrive\Documents\devWeb\amd_maj\app\Models\ApprovisionnementModel.php(32): CodeIgniter\Database\BaseBuilder->get()
#3 C:\Users\yebdi\OneDrive\Documents\devWeb\amd_maj\app\Controllers\Approvisionnement.php(29): App\Models\ApprovisionnementModel->getglobal()
#4 C:\Users\yebdi\OneDrive\Documents\devWeb\amd_maj\system\CodeIgniter.php(832): App\Controllers\Approvisionnement->fetch_global()
#5 C:\Users\yebdi\OneDrive\Documents\devWeb\amd_maj\system\CodeIgniter.php(419): CodeIgniter\CodeIgniter->runController(Object(App\Controllers\Approvisionnement))
#6 C:\Users\yebdi\OneDrive\Documents\devWeb\amd_maj\system\CodeIgniter.php(326): CodeIgniter\CodeIgniter->handleRequest(NULL, Object(Config\Cache), false)
#7 C:\Users\yebdi\OneDrive\Documents\devWeb\amd_maj\public\index.php(37): CodeIgniter\CodeIgniter->run()
#8 C:\Users\yebdi\OneDrive\Documents\devWeb\amd_maj\system\Commands\Server\rewrite.php(43): require_once('C:\\Users\\yebdi\\...')
#9 {main}
ERROR - 2022-11-18 09:17:10 --> Error connecting to the database: Aucune connexion n’a pu être établie car l’ordinateur cible l’a expressément refusée.

CRITICAL - 2022-11-18 09:17:10 --> Unable to connect to the database.
Main connection [MySQLi]: Aucune connexion n’a pu être établie car l’ordinateur cible l’a expressément refusée.

#0 C:\Users\yebdi\OneDrive\Documents\devWeb\amd_maj\system\Database\BaseConnection.php(577): CodeIgniter\Database\BaseConnection->initialize()
#1 C:\Users\yebdi\OneDrive\Documents\devWeb\amd_maj\system\Database\BaseBuilder.php(1455): CodeIgniter\Database\BaseConnection->query('SELECT *, `tbl_...', Array, false)
#2 C:\Users\yebdi\OneDrive\Documents\devWeb\amd_maj\app\Models\ApprovisionnementModel.php(21): CodeIgniter\Database\BaseBuilder->get()
#3 C:\Users\yebdi\OneDrive\Documents\devWeb\amd_maj\app\Controllers\Approvisionnement.php(22): App\Models\ApprovisionnementModel->getAll()
#4 C:\Users\yebdi\OneDrive\Documents\devWeb\amd_maj\system\CodeIgniter.php(832): App\Controllers\Approvisionnement->fetch_approvisionnement()
#5 C:\Users\yebdi\OneDrive\Documents\devWeb\amd_maj\system\CodeIgniter.php(419): CodeIgniter\CodeIgniter->runController(Object(App\Controllers\Approvisionnement))
#6 C:\Users\yebdi\OneDrive\Documents\devWeb\amd_maj\system\CodeIgniter.php(326): CodeIgniter\CodeIgniter->handleRequest(NULL, Object(Config\Cache), false)
#7 C:\Users\yebdi\OneDrive\Documents\devWeb\amd_maj\public\index.php(37): CodeIgniter\CodeIgniter->run()
#8 C:\Users\yebdi\OneDrive\Documents\devWeb\amd_maj\system\Commands\Server\rewrite.php(43): require_once('C:\\Users\\yebdi\\...')
#9 {main}
ERROR - 2022-11-18 09:17:50 --> Error connecting to the database: Aucune connexion n’a pu être établie car l’ordinateur cible l’a expressément refusée.

CRITICAL - 2022-11-18 09:17:50 --> Unable to connect to the database.
Main connection [MySQLi]: Aucune connexion n’a pu être établie car l’ordinateur cible l’a expressément refusée.

#0 C:\Users\yebdi\OneDrive\Documents\devWeb\amd_maj\system\Database\BaseConnection.php(577): CodeIgniter\Database\BaseConnection->initialize()
#1 C:\Users\yebdi\OneDrive\Documents\devWeb\amd_maj\system\Database\BaseBuilder.php(1455): CodeIgniter\Database\BaseConnection->query('SELECT *\nFROM `...', Array, false)
#2 C:\Users\yebdi\OneDrive\Documents\devWeb\amd_maj\system\Model.php(183): CodeIgniter\Database\BaseBuilder->get()
#3 C:\Users\yebdi\OneDrive\Documents\devWeb\amd_maj\system\BaseModel.php(584): CodeIgniter\Model->doFindAll(0, 0)
#4 C:\Users\yebdi\OneDrive\Documents\devWeb\amd_maj\app\Controllers\Article.php(24): CodeIgniter\BaseModel->findAll()
#5 C:\Users\yebdi\OneDrive\Documents\devWeb\amd_maj\system\CodeIgniter.php(832): App\Controllers\Article->load_article()
#6 C:\Users\yebdi\OneDrive\Documents\devWeb\amd_maj\system\CodeIgniter.php(419): CodeIgniter\CodeIgniter->runController(Object(App\Controllers\Article))
#7 C:\Users\yebdi\OneDrive\Documents\devWeb\amd_maj\system\CodeIgniter.php(326): CodeIgniter\CodeIgniter->handleRequest(NULL, Object(Config\Cache), false)
#8 C:\Users\yebdi\OneDrive\Documents\devWeb\amd_maj\public\index.php(37): CodeIgniter\CodeIgniter->run()
#9 C:\Users\yebdi\OneDrive\Documents\devWeb\amd_maj\system\Commands\Server\rewrite.php(43): require_once('C:\\Users\\yebdi\\...')
#10 {main}
ERROR - 2022-11-18 09:17:54 --> Error connecting to the database: Aucune connexion n’a pu être établie car l’ordinateur cible l’a expressément refusée.

CRITICAL - 2022-11-18 09:17:54 --> Unable to connect to the database.
Main connection [MySQLi]: Aucune connexion n’a pu être établie car l’ordinateur cible l’a expressément refusée.

#0 C:\Users\yebdi\OneDrive\Documents\devWeb\amd_maj\system\Database\BaseConnection.php(577): CodeIgniter\Database\BaseConnection->initialize()
#1 C:\Users\yebdi\OneDrive\Documents\devWeb\amd_maj\system\Database\BaseBuilder.php(1455): CodeIgniter\Database\BaseConnection->query('SELECT *\nFROM `...', Array, false)
#2 C:\Users\yebdi\OneDrive\Documents\devWeb\amd_maj\system\Model.php(183): CodeIgniter\Database\BaseBuilder->get()
#3 C:\Users\yebdi\OneDrive\Documents\devWeb\amd_maj\system\BaseModel.php(584): CodeIgniter\Model->doFindAll(0, 0)
#4 C:\Users\yebdi\OneDrive\Documents\devWeb\amd_maj\app\Controllers\Fournisseur.php(18): CodeIgniter\BaseModel->findAll()
#5 C:\Users\yebdi\OneDrive\Documents\devWeb\amd_maj\system\CodeIgniter.php(832): App\Controllers\Fournisseur->fetch_fournisseur()
#6 C:\Users\yebdi\OneDrive\Documents\devWeb\amd_maj\system\CodeIgniter.php(419): CodeIgniter\CodeIgniter->runController(Object(App\Controllers\Fournisseur))
#7 C:\Users\yebdi\OneDrive\Documents\devWeb\amd_maj\system\CodeIgniter.php(326): CodeIgniter\CodeIgniter->handleRequest(NULL, Object(Config\Cache), false)
#8 C:\Users\yebdi\OneDrive\Documents\devWeb\amd_maj\public\index.php(37): CodeIgniter\CodeIgniter->run()
#9 C:\Users\yebdi\OneDrive\Documents\devWeb\amd_maj\system\Commands\Server\rewrite.php(43): require_once('C:\\Users\\yebdi\\...')
#10 {main}
ERROR - 2022-11-18 09:17:58 --> Error connecting to the database: Aucune connexion n’a pu être établie car l’ordinateur cible l’a expressément refusée.

CRITICAL - 2022-11-18 09:17:58 --> Unable to connect to the database.
Main connection [MySQLi]: Aucune connexion n’a pu être établie car l’ordinateur cible l’a expressément refusée.

#0 C:\Users\yebdi\OneDrive\Documents\devWeb\amd_maj\system\Database\BaseConnection.php(577): CodeIgniter\Database\BaseConnection->initialize()
#1 C:\Users\yebdi\OneDrive\Documents\devWeb\amd_maj\system\Database\BaseBuilder.php(1455): CodeIgniter\Database\BaseConnection->query('SELECT *, `tbl_...', Array, false)
#2 C:\Users\yebdi\OneDrive\Documents\devWeb\amd_maj\app\Models\ApprovisionnementModel.php(21): CodeIgniter\Database\BaseBuilder->get()
#3 C:\Users\yebdi\OneDrive\Documents\devWeb\amd_maj\app\Controllers\Approvisionnement.php(22): App\Models\ApprovisionnementModel->getAll()
#4 C:\Users\yebdi\OneDrive\Documents\devWeb\amd_maj\system\CodeIgniter.php(832): App\Controllers\Approvisionnement->fetch_approvisionnement()
#5 C:\Users\yebdi\OneDrive\Documents\devWeb\amd_maj\system\CodeIgniter.php(419): CodeIgniter\CodeIgniter->runController(Object(App\Controllers\Approvisionnement))
#6 C:\Users\yebdi\OneDrive\Documents\devWeb\amd_maj\system\CodeIgniter.php(326): CodeIgniter\CodeIgniter->handleRequest(NULL, Object(Config\Cache), false)
#7 C:\Users\yebdi\OneDrive\Documents\devWeb\amd_maj\public\index.php(37): CodeIgniter\CodeIgniter->run()
#8 C:\Users\yebdi\OneDrive\Documents\devWeb\amd_maj\system\Commands\Server\rewrite.php(43): require_once('C:\\Users\\yebdi\\...')
#9 {main}
ERROR - 2022-11-18 09:18:02 --> Error connecting to the database: Aucune connexion n’a pu être établie car l’ordinateur cible l’a expressément refusée.

CRITICAL - 2022-11-18 09:18:02 --> Unable to connect to the database.
Main connection [MySQLi]: Aucune connexion n’a pu être établie car l’ordinateur cible l’a expressément refusée.

#0 C:\Users\yebdi\OneDrive\Documents\devWeb\amd_maj\system\Database\BaseConnection.php(577): CodeIgniter\Database\BaseConnection->initialize()
#1 C:\Users\yebdi\OneDrive\Documents\devWeb\amd_maj\system\Database\BaseBuilder.php(1455): CodeIgniter\Database\BaseConnection->query('SELECT *, `tbl_...', Array, false)
#2 C:\Users\yebdi\OneDrive\Documents\devWeb\amd_maj\app\Models\ApprovisionnementModel.php(32): CodeIgniter\Database\BaseBuilder->get()
#3 C:\Users\yebdi\OneDrive\Documents\devWeb\amd_maj\app\Controllers\Approvisionnement.php(29): App\Models\ApprovisionnementModel->getglobal()
#4 C:\Users\yebdi\OneDrive\Documents\devWeb\amd_maj\system\CodeIgniter.php(832): App\Controllers\Approvisionnement->fetch_global()
#5 C:\Users\yebdi\OneDrive\Documents\devWeb\amd_maj\system\CodeIgniter.php(419): CodeIgniter\CodeIgniter->runController(Object(App\Controllers\Approvisionnement))
#6 C:\Users\yebdi\OneDrive\Documents\devWeb\amd_maj\system\CodeIgniter.php(326): CodeIgniter\CodeIgniter->handleRequest(NULL, Object(Config\Cache), false)
#7 C:\Users\yebdi\OneDrive\Documents\devWeb\amd_maj\public\index.php(37): CodeIgniter\CodeIgniter->run()
#8 C:\Users\yebdi\OneDrive\Documents\devWeb\amd_maj\system\Commands\Server\rewrite.php(43): require_once('C:\\Users\\yebdi\\...')
#9 {main}
ERROR - 2022-11-18 09:18:09 --> Error connecting to the database: Aucune connexion n’a pu être établie car l’ordinateur cible l’a expressément refusée.

CRITICAL - 2022-11-18 09:18:09 --> Unable to connect to the database.
Main connection [MySQLi]: Aucune connexion n’a pu être établie car l’ordinateur cible l’a expressément refusée.

#0 C:\Users\yebdi\OneDrive\Documents\devWeb\amd_maj\system\Database\BaseConnection.php(577): CodeIgniter\Database\BaseConnection->initialize()
#1 C:\Users\yebdi\OneDrive\Documents\devWeb\amd_maj\system\Database\BaseBuilder.php(1455): CodeIgniter\Database\BaseConnection->query('SELECT *, `tbl_...', Array, false)
#2 C:\Users\yebdi\OneDrive\Documents\devWeb\amd_maj\app\Models\ApprovisionnementModel.php(32): CodeIgniter\Database\BaseBuilder->get()
#3 C:\Users\yebdi\OneDrive\Documents\devWeb\amd_maj\app\Controllers\Approvisionnement.php(29): App\Models\ApprovisionnementModel->getglobal()
#4 C:\Users\yebdi\OneDrive\Documents\devWeb\amd_maj\system\CodeIgniter.php(832): App\Controllers\Approvisionnement->fetch_global()
#5 C:\Users\yebdi\OneDrive\Documents\devWeb\amd_maj\system\CodeIgniter.php(419): CodeIgniter\CodeIgniter->runController(Object(App\Controllers\Approvisionnement))
#6 C:\Users\yebdi\OneDrive\Documents\devWeb\amd_maj\system\CodeIgniter.php(326): CodeIgniter\CodeIgniter->handleRequest(NULL, Object(Config\Cache), false)
#7 C:\Users\yebdi\OneDrive\Documents\devWeb\amd_maj\public\index.php(37): CodeIgniter\CodeIgniter->run()
#8 C:\Users\yebdi\OneDrive\Documents\devWeb\amd_maj\system\Commands\Server\rewrite.php(43): require_once('C:\\Users\\yebdi\\...')
#9 {main}
