ERROR - 2023-01-22 17:33:57 --> Column 'montant' in field list is ambiguous
CRITICAL - 2023-01-22 17:33:57 --> Column 'montant' in field list is ambiguous
#0 C:\Users\yebdi\OneDrive\Documents\devWeb\amd_maj\system\Database\MySQLi\Connection.php(292): mysqli->query('SELECT *, SUM(m...', 0)
#1 C:\Users\yebdi\OneDrive\Documents\devWeb\amd_maj\system\Database\BaseConnection.php(670): CodeIgniter\Database\MySQLi\Connection->execute('SELECT *, SUM(m...')
#2 C:\Users\yebdi\OneDrive\Documents\devWeb\amd_maj\system\Database\BaseConnection.php(598): CodeIgniter\Database\BaseConnection->simpleQuery('SELECT *, SUM(m...')
#3 C:\Users\yebdi\OneDrive\Documents\devWeb\amd_maj\system\Database\BaseBuilder.php(1455): CodeIgniter\Database\BaseConnection->query('SELECT *, SUM(m...', Array, false)
#4 C:\Users\yebdi\OneDrive\Documents\devWeb\amd_maj\app\Models\CreditModel.php(22): CodeIgniter\Database\BaseBuilder->get()
#5 C:\Users\yebdi\OneDrive\Documents\devWeb\amd_maj\app\Controllers\Credit.php(19): App\Models\CreditModel->getAll()
#6 C:\Users\yebdi\OneDrive\Documents\devWeb\amd_maj\system\CodeIgniter.php(832): App\Controllers\Credit->fetch_credit()
#7 C:\Users\yebdi\OneDrive\Documents\devWeb\amd_maj\system\CodeIgniter.php(419): CodeIgniter\CodeIgniter->runController(Object(App\Controllers\Credit))
#8 C:\Users\yebdi\OneDrive\Documents\devWeb\amd_maj\system\CodeIgniter.php(326): CodeIgniter\CodeIgniter->handleRequest(NULL, Object(Config\Cache), false)
#9 C:\Users\yebdi\OneDrive\Documents\devWeb\amd_maj\public\index.php(37): CodeIgniter\CodeIgniter->run()
#10 C:\Users\yebdi\OneDrive\Documents\devWeb\amd_maj\system\Commands\Server\rewrite.php(43): require_once('C:\\Users\\yebdi\\...')
#11 {main}
ERROR - 2023-01-22 17:34:09 --> Column 'montant' in field list is ambiguous
CRITICAL - 2023-01-22 17:34:09 --> Column 'montant' in field list is ambiguous
#0 C:\Users\yebdi\OneDrive\Documents\devWeb\amd_maj\system\Database\MySQLi\Connection.php(292): mysqli->query('SELECT *, SUM(m...', 0)
#1 C:\Users\yebdi\OneDrive\Documents\devWeb\amd_maj\system\Database\BaseConnection.php(670): CodeIgniter\Database\MySQLi\Connection->execute('SELECT *, SUM(m...')
#2 C:\Users\yebdi\OneDrive\Documents\devWeb\amd_maj\system\Database\BaseConnection.php(598): CodeIgniter\Database\BaseConnection->simpleQuery('SELECT *, SUM(m...')
#3 C:\Users\yebdi\OneDrive\Documents\devWeb\amd_maj\system\Database\BaseBuilder.php(1455): CodeIgniter\Database\BaseConnection->query('SELECT *, SUM(m...', Array, false)
#4 C:\Users\yebdi\OneDrive\Documents\devWeb\amd_maj\app\Models\CreditModel.php(22): CodeIgniter\Database\BaseBuilder->get()
#5 C:\Users\yebdi\OneDrive\Documents\devWeb\amd_maj\app\Controllers\Credit.php(19): App\Models\CreditModel->getAll()
#6 C:\Users\yebdi\OneDrive\Documents\devWeb\amd_maj\system\CodeIgniter.php(832): App\Controllers\Credit->fetch_credit()
#7 C:\Users\yebdi\OneDrive\Documents\devWeb\amd_maj\system\CodeIgniter.php(419): CodeIgniter\CodeIgniter->runController(Object(App\Controllers\Credit))
#8 C:\Users\yebdi\OneDrive\Documents\devWeb\amd_maj\system\CodeIgniter.php(326): CodeIgniter\CodeIgniter->handleRequest(NULL, Object(Config\Cache), false)
#9 C:\Users\yebdi\OneDrive\Documents\devWeb\amd_maj\public\index.php(37): CodeIgniter\CodeIgniter->run()
#10 C:\Users\yebdi\OneDrive\Documents\devWeb\amd_maj\system\Commands\Server\rewrite.php(43): require_once('C:\\Users\\yebdi\\...')
#11 {main}
ERROR - 2023-01-22 17:47:16 --> Unknown column 'tbl_credit.date_insertion as date_credit tbl_credit.id' in 'field list'
CRITICAL - 2023-01-22 17:47:16 --> Unknown column 'tbl_credit.date_insertion as date_credit tbl_credit.id' in 'field list'
#0 C:\Users\yebdi\OneDrive\Documents\devWeb\amd_maj\system\Database\MySQLi\Connection.php(292): mysqli->query('SELECT *, SUM(t...', 0)
#1 C:\Users\yebdi\OneDrive\Documents\devWeb\amd_maj\system\Database\BaseConnection.php(670): CodeIgniter\Database\MySQLi\Connection->execute('SELECT *, SUM(t...')
#2 C:\Users\yebdi\OneDrive\Documents\devWeb\amd_maj\system\Database\BaseConnection.php(598): CodeIgniter\Database\BaseConnection->simpleQuery('SELECT *, SUM(t...')
#3 C:\Users\yebdi\OneDrive\Documents\devWeb\amd_maj\system\Database\BaseBuilder.php(1455): CodeIgniter\Database\BaseConnection->query('SELECT *, SUM(t...', Array, false)
#4 C:\Users\yebdi\OneDrive\Documents\devWeb\amd_maj\app\Models\CreditModel.php(22): CodeIgniter\Database\BaseBuilder->get()
#5 C:\Users\yebdi\OneDrive\Documents\devWeb\amd_maj\app\Controllers\Credit.php(19): App\Models\CreditModel->getAll()
#6 C:\Users\yebdi\OneDrive\Documents\devWeb\amd_maj\system\CodeIgniter.php(832): App\Controllers\Credit->fetch_credit()
#7 C:\Users\yebdi\OneDrive\Documents\devWeb\amd_maj\system\CodeIgniter.php(419): CodeIgniter\CodeIgniter->runController(Object(App\Controllers\Credit))
#8 C:\Users\yebdi\OneDrive\Documents\devWeb\amd_maj\system\CodeIgniter.php(326): CodeIgniter\CodeIgniter->handleRequest(NULL, Object(Config\Cache), false)
#9 C:\Users\yebdi\OneDrive\Documents\devWeb\amd_maj\public\index.php(37): CodeIgniter\CodeIgniter->run()
#10 C:\Users\yebdi\OneDrive\Documents\devWeb\amd_maj\system\Commands\Server\rewrite.php(43): require_once('C:\\Users\\yebdi\\...')
#11 {main}
ERROR - 2023-01-22 17:47:29 --> Unknown column 'tbl_credit.date_insertion as date_credit tbl_credit.id' in 'field list'
CRITICAL - 2023-01-22 17:47:29 --> Unknown column 'tbl_credit.date_insertion as date_credit tbl_credit.id' in 'field list'
#0 C:\Users\yebdi\OneDrive\Documents\devWeb\amd_maj\system\Database\MySQLi\Connection.php(292): mysqli->query('SELECT *, SUM(t...', 0)
#1 C:\Users\yebdi\OneDrive\Documents\devWeb\amd_maj\system\Database\BaseConnection.php(670): CodeIgniter\Database\MySQLi\Connection->execute('SELECT *, SUM(t...')
#2 C:\Users\yebdi\OneDrive\Documents\devWeb\amd_maj\system\Database\BaseConnection.php(598): CodeIgniter\Database\BaseConnection->simpleQuery('SELECT *, SUM(t...')
#3 C:\Users\yebdi\OneDrive\Documents\devWeb\amd_maj\system\Database\BaseBuilder.php(1455): CodeIgniter\Database\BaseConnection->query('SELECT *, SUM(t...', Array, false)
#4 C:\Users\yebdi\OneDrive\Documents\devWeb\amd_maj\app\Models\CreditModel.php(22): CodeIgniter\Database\BaseBuilder->get()
#5 C:\Users\yebdi\OneDrive\Documents\devWeb\amd_maj\app\Controllers\Credit.php(19): App\Models\CreditModel->getAll()
#6 C:\Users\yebdi\OneDrive\Documents\devWeb\amd_maj\system\CodeIgniter.php(832): App\Controllers\Credit->fetch_credit()
#7 C:\Users\yebdi\OneDrive\Documents\devWeb\amd_maj\system\CodeIgniter.php(419): CodeIgniter\CodeIgniter->runController(Object(App\Controllers\Credit))
#8 C:\Users\yebdi\OneDrive\Documents\devWeb\amd_maj\system\CodeIgniter.php(326): CodeIgniter\CodeIgniter->handleRequest(NULL, Object(Config\Cache), false)
#9 C:\Users\yebdi\OneDrive\Documents\devWeb\amd_maj\public\index.php(37): CodeIgniter\CodeIgniter->run()
#10 C:\Users\yebdi\OneDrive\Documents\devWeb\amd_maj\system\Commands\Server\rewrite.php(43): require_once('C:\\Users\\yebdi\\...')
#11 {main}
ERROR - 2023-01-22 17:59:22 --> You have an error in your SQL syntax; check the manual that corresponds to your MariaDB server version for the right syntax to use near 'from tbl_paiement GROUP by tbl_paiement.id_credit) tbl_paie ON `tbl_paie`.`id...' at line 3
CRITICAL - 2023-01-22 17:59:22 --> You have an error in your SQL syntax; check the manual that corresponds to your MariaDB server version for the right syntax to use near 'from tbl_paiement GROUP by tbl_paiement.id_credit) tbl_paie ON `tbl_paie`.`id...' at line 3
#0 C:\Users\yebdi\OneDrive\Documents\devWeb\amd_maj\system\Database\MySQLi\Connection.php(292): mysqli->query('SELECT *, SUM(t...', 0)
#1 C:\Users\yebdi\OneDrive\Documents\devWeb\amd_maj\system\Database\BaseConnection.php(670): CodeIgniter\Database\MySQLi\Connection->execute('SELECT *, SUM(t...')
#2 C:\Users\yebdi\OneDrive\Documents\devWeb\amd_maj\system\Database\BaseConnection.php(598): CodeIgniter\Database\BaseConnection->simpleQuery('SELECT *, SUM(t...')
#3 C:\Users\yebdi\OneDrive\Documents\devWeb\amd_maj\system\Database\BaseBuilder.php(1455): CodeIgniter\Database\BaseConnection->query('SELECT *, SUM(t...', Array, false)
#4 C:\Users\yebdi\OneDrive\Documents\devWeb\amd_maj\app\Models\CreditModel.php(22): CodeIgniter\Database\BaseBuilder->get()
#5 C:\Users\yebdi\OneDrive\Documents\devWeb\amd_maj\app\Controllers\Credit.php(19): App\Models\CreditModel->getAll()
#6 C:\Users\yebdi\OneDrive\Documents\devWeb\amd_maj\system\CodeIgniter.php(832): App\Controllers\Credit->fetch_credit()
#7 C:\Users\yebdi\OneDrive\Documents\devWeb\amd_maj\system\CodeIgniter.php(419): CodeIgniter\CodeIgniter->runController(Object(App\Controllers\Credit))
#8 C:\Users\yebdi\OneDrive\Documents\devWeb\amd_maj\system\CodeIgniter.php(326): CodeIgniter\CodeIgniter->handleRequest(NULL, Object(Config\Cache), false)
#9 C:\Users\yebdi\OneDrive\Documents\devWeb\amd_maj\public\index.php(37): CodeIgniter\CodeIgniter->run()
#10 C:\Users\yebdi\OneDrive\Documents\devWeb\amd_maj\system\Commands\Server\rewrite.php(43): require_once('C:\\Users\\yebdi\\...')
#11 {main}
ERROR - 2023-01-22 17:59:36 --> You have an error in your SQL syntax; check the manual that corresponds to your MariaDB server version for the right syntax to use near 'from tbl_paiement GROUP by tbl_paiement.id_credit) tbl_paie ON `tbl_paie`.`id...' at line 3
CRITICAL - 2023-01-22 17:59:36 --> You have an error in your SQL syntax; check the manual that corresponds to your MariaDB server version for the right syntax to use near 'from tbl_paiement GROUP by tbl_paiement.id_credit) tbl_paie ON `tbl_paie`.`id...' at line 3
#0 C:\Users\yebdi\OneDrive\Documents\devWeb\amd_maj\system\Database\MySQLi\Connection.php(292): mysqli->query('SELECT *, SUM(t...', 0)
#1 C:\Users\yebdi\OneDrive\Documents\devWeb\amd_maj\system\Database\BaseConnection.php(670): CodeIgniter\Database\MySQLi\Connection->execute('SELECT *, SUM(t...')
#2 C:\Users\yebdi\OneDrive\Documents\devWeb\amd_maj\system\Database\BaseConnection.php(598): CodeIgniter\Database\BaseConnection->simpleQuery('SELECT *, SUM(t...')
#3 C:\Users\yebdi\OneDrive\Documents\devWeb\amd_maj\system\Database\BaseBuilder.php(1455): CodeIgniter\Database\BaseConnection->query('SELECT *, SUM(t...', Array, false)
#4 C:\Users\yebdi\OneDrive\Documents\devWeb\amd_maj\app\Models\CreditModel.php(22): CodeIgniter\Database\BaseBuilder->get()
#5 C:\Users\yebdi\OneDrive\Documents\devWeb\amd_maj\app\Controllers\Credit.php(19): App\Models\CreditModel->getAll()
#6 C:\Users\yebdi\OneDrive\Documents\devWeb\amd_maj\system\CodeIgniter.php(832): App\Controllers\Credit->fetch_credit()
#7 C:\Users\yebdi\OneDrive\Documents\devWeb\amd_maj\system\CodeIgniter.php(419): CodeIgniter\CodeIgniter->runController(Object(App\Controllers\Credit))
#8 C:\Users\yebdi\OneDrive\Documents\devWeb\amd_maj\system\CodeIgniter.php(326): CodeIgniter\CodeIgniter->handleRequest(NULL, Object(Config\Cache), false)
#9 C:\Users\yebdi\OneDrive\Documents\devWeb\amd_maj\public\index.php(37): CodeIgniter\CodeIgniter->run()
#10 C:\Users\yebdi\OneDrive\Documents\devWeb\amd_maj\system\Commands\Server\rewrite.php(43): require_once('C:\\Users\\yebdi\\...')
#11 {main}
