ERROR - 2023-01-15 05:48:48 --> Unknown column 'pb' in 'field list'
CRITICAL - 2023-01-15 05:48:48 --> Unknown column 'pb' in 'field list'
#0 C:\Users\yebdi\OneDrive\Documents\devWeb\amd_maj\system\Database\MySQLi\Connection.php(292): mysqli->query('SELECT *\nFROM `...', 0)
#1 C:\Users\yebdi\OneDrive\Documents\devWeb\amd_maj\system\Database\BaseConnection.php(670): CodeIgniter\Database\MySQLi\Connection->execute('SELECT *\nFROM `...')
#2 C:\Users\yebdi\OneDrive\Documents\devWeb\amd_maj\system\Database\BaseConnection.php(598): CodeIgniter\Database\BaseConnection->simpleQuery('SELECT *\nFROM `...')
#3 C:\Users\yebdi\OneDrive\Documents\devWeb\amd_maj\system\Database\BaseBuilder.php(1455): CodeIgniter\Database\BaseConnection->query('SELECT *\nFROM `...', Array, false)
#4 C:\Users\yebdi\OneDrive\Documents\devWeb\amd_maj\app\Models\StockModel.php(22): CodeIgniter\Database\BaseBuilder->get()
#5 C:\Users\yebdi\OneDrive\Documents\devWeb\amd_maj\app\Controllers\Approvisionnement.php(170): App\Models\StockModel->getArticleStock('2')
#6 C:\Users\yebdi\OneDrive\Documents\devWeb\amd_maj\system\CodeIgniter.php(832): App\Controllers\Approvisionnement->insert()
#7 C:\Users\yebdi\OneDrive\Documents\devWeb\amd_maj\system\CodeIgniter.php(419): CodeIgniter\CodeIgniter->runController(Object(App\Controllers\Approvisionnement))
#8 C:\Users\yebdi\OneDrive\Documents\devWeb\amd_maj\system\CodeIgniter.php(326): CodeIgniter\CodeIgniter->handleRequest(NULL, Object(Config\Cache), false)
#9 C:\Users\yebdi\OneDrive\Documents\devWeb\amd_maj\public\index.php(37): CodeIgniter\CodeIgniter->run()
#10 C:\Users\yebdi\OneDrive\Documents\devWeb\amd_maj\system\Commands\Server\rewrite.php(43): require_once('C:\\Users\\yebdi\\...')
#11 {main}
CRITICAL - 2023-01-15 05:49:14 --> Undefined variable: row
#0 C:\Users\yebdi\OneDrive\Documents\devWeb\amd_maj\app\Controllers\Approvisionnement.php(175): CodeIgniter\Debug\Exceptions->errorHandler(8, 'Undefined varia...', 'C:\\Users\\yebdi\\...', 175, Array)
#1 C:\Users\yebdi\OneDrive\Documents\devWeb\amd_maj\system\CodeIgniter.php(832): App\Controllers\Approvisionnement->insert()
#2 C:\Users\yebdi\OneDrive\Documents\devWeb\amd_maj\system\CodeIgniter.php(419): CodeIgniter\CodeIgniter->runController(Object(App\Controllers\Approvisionnement))
#3 C:\Users\yebdi\OneDrive\Documents\devWeb\amd_maj\system\CodeIgniter.php(326): CodeIgniter\CodeIgniter->handleRequest(NULL, Object(Config\Cache), false)
#4 C:\Users\yebdi\OneDrive\Documents\devWeb\amd_maj\public\index.php(37): CodeIgniter\CodeIgniter->run()
#5 C:\Users\yebdi\OneDrive\Documents\devWeb\amd_maj\system\Commands\Server\rewrite.php(43): require_once('C:\\Users\\yebdi\\...')
#6 {main}
CRITICAL - 2023-01-15 05:50:07 --> Undefined variable: row
#0 C:\Users\yebdi\OneDrive\Documents\devWeb\amd_maj\app\Controllers\Approvisionnement.php(175): CodeIgniter\Debug\Exceptions->errorHandler(8, 'Undefined varia...', 'C:\\Users\\yebdi\\...', 175, Array)
#1 C:\Users\yebdi\OneDrive\Documents\devWeb\amd_maj\system\CodeIgniter.php(832): App\Controllers\Approvisionnement->insert()
#2 C:\Users\yebdi\OneDrive\Documents\devWeb\amd_maj\system\CodeIgniter.php(419): CodeIgniter\CodeIgniter->runController(Object(App\Controllers\Approvisionnement))
#3 C:\Users\yebdi\OneDrive\Documents\devWeb\amd_maj\system\CodeIgniter.php(326): CodeIgniter\CodeIgniter->handleRequest(NULL, Object(Config\Cache), false)
#4 C:\Users\yebdi\OneDrive\Documents\devWeb\amd_maj\public\index.php(37): CodeIgniter\CodeIgniter->run()
#5 C:\Users\yebdi\OneDrive\Documents\devWeb\amd_maj\system\Commands\Server\rewrite.php(43): require_once('C:\\Users\\yebdi\\...')
#6 {main}
CRITICAL - 2023-01-15 05:51:22 --> Array to string conversion
#0 C:\Users\yebdi\OneDrive\Documents\devWeb\amd_maj\app\Controllers\Approvisionnement.php(176): CodeIgniter\Debug\Exceptions->errorHandler(8, 'Array to string...', 'C:\\Users\\yebdi\\...', 176, Array)
#1 C:\Users\yebdi\OneDrive\Documents\devWeb\amd_maj\system\CodeIgniter.php(832): App\Controllers\Approvisionnement->insert()
#2 C:\Users\yebdi\OneDrive\Documents\devWeb\amd_maj\system\CodeIgniter.php(419): CodeIgniter\CodeIgniter->runController(Object(App\Controllers\Approvisionnement))
#3 C:\Users\yebdi\OneDrive\Documents\devWeb\amd_maj\system\CodeIgniter.php(326): CodeIgniter\CodeIgniter->handleRequest(NULL, Object(Config\Cache), false)
#4 C:\Users\yebdi\OneDrive\Documents\devWeb\amd_maj\public\index.php(37): CodeIgniter\CodeIgniter->run()
#5 C:\Users\yebdi\OneDrive\Documents\devWeb\amd_maj\system\Commands\Server\rewrite.php(43): require_once('C:\\Users\\yebdi\\...')
#6 {main}
ERROR - 2023-01-15 06:00:37 --> You have an error in your SQL syntax; check the manual that corresponds to your MariaDB server version for the right syntax to use near 'SUM(qte) as totalEntree, SUM(qte * prix)/SUM(qte) as prixGlobal from tbl_appr...' at line 3
CRITICAL - 2023-01-15 06:00:37 --> You have an error in your SQL syntax; check the manual that corresponds to your MariaDB server version for the right syntax to use near 'SUM(qte) as totalEntree, SUM(qte * prix)/SUM(qte) as prixGlobal from tbl_appr...' at line 3
#0 C:\Users\yebdi\OneDrive\Documents\devWeb\amd_maj\system\Database\MySQLi\Connection.php(292): mysqli->query('SELECT *\nFROM `...', 0)
#1 C:\Users\yebdi\OneDrive\Documents\devWeb\amd_maj\system\Database\BaseConnection.php(670): CodeIgniter\Database\MySQLi\Connection->execute('SELECT *\nFROM `...')
#2 C:\Users\yebdi\OneDrive\Documents\devWeb\amd_maj\system\Database\BaseConnection.php(598): CodeIgniter\Database\BaseConnection->simpleQuery('SELECT *\nFROM `...')
#3 C:\Users\yebdi\OneDrive\Documents\devWeb\amd_maj\system\Database\BaseBuilder.php(1455): CodeIgniter\Database\BaseConnection->query('SELECT *\nFROM `...', Array, false)
#4 C:\Users\yebdi\OneDrive\Documents\devWeb\amd_maj\app\Models\StockModel.php(24): CodeIgniter\Database\BaseBuilder->get()
#5 C:\Users\yebdi\OneDrive\Documents\devWeb\amd_maj\app\Controllers\Approvisionnement.php(170): App\Models\StockModel->getArticleStock('2')
#6 C:\Users\yebdi\OneDrive\Documents\devWeb\amd_maj\system\CodeIgniter.php(832): App\Controllers\Approvisionnement->insert()
#7 C:\Users\yebdi\OneDrive\Documents\devWeb\amd_maj\system\CodeIgniter.php(419): CodeIgniter\CodeIgniter->runController(Object(App\Controllers\Approvisionnement))
#8 C:\Users\yebdi\OneDrive\Documents\devWeb\amd_maj\system\CodeIgniter.php(326): CodeIgniter\CodeIgniter->handleRequest(NULL, Object(Config\Cache), false)
#9 C:\Users\yebdi\OneDrive\Documents\devWeb\amd_maj\public\index.php(37): CodeIgniter\CodeIgniter->run()
#10 C:\Users\yebdi\OneDrive\Documents\devWeb\amd_maj\system\Commands\Server\rewrite.php(43): require_once('C:\\Users\\yebdi\\...')
#11 {main}
ERROR - 2023-01-15 06:02:30 --> Unknown column 'tbl_categorie.titre' in 'field list'
CRITICAL - 2023-01-15 06:02:30 --> Unknown column 'tbl_categorie.titre' in 'field list'
#0 C:\Users\yebdi\OneDrive\Documents\devWeb\amd_maj\system\Database\MySQLi\Connection.php(292): mysqli->query('SELECT `seuil`,...', 0)
#1 C:\Users\yebdi\OneDrive\Documents\devWeb\amd_maj\system\Database\BaseConnection.php(670): CodeIgniter\Database\MySQLi\Connection->execute('SELECT `seuil`,...')
#2 C:\Users\yebdi\OneDrive\Documents\devWeb\amd_maj\system\Database\BaseConnection.php(598): CodeIgniter\Database\BaseConnection->simpleQuery('SELECT `seuil`,...')
#3 C:\Users\yebdi\OneDrive\Documents\devWeb\amd_maj\system\Database\BaseBuilder.php(1455): CodeIgniter\Database\BaseConnection->query('SELECT `seuil`,...', Array, false)
#4 C:\Users\yebdi\OneDrive\Documents\devWeb\amd_maj\app\Models\StockModel.php(21): CodeIgniter\Database\BaseBuilder->get()
#5 C:\Users\yebdi\OneDrive\Documents\devWeb\amd_maj\app\Controllers\Approvisionnement.php(170): App\Models\StockModel->getArticleStock('2')
#6 C:\Users\yebdi\OneDrive\Documents\devWeb\amd_maj\system\CodeIgniter.php(832): App\Controllers\Approvisionnement->insert()
#7 C:\Users\yebdi\OneDrive\Documents\devWeb\amd_maj\system\CodeIgniter.php(419): CodeIgniter\CodeIgniter->runController(Object(App\Controllers\Approvisionnement))
#8 C:\Users\yebdi\OneDrive\Documents\devWeb\amd_maj\system\CodeIgniter.php(326): CodeIgniter\CodeIgniter->handleRequest(NULL, Object(Config\Cache), false)
#9 C:\Users\yebdi\OneDrive\Documents\devWeb\amd_maj\public\index.php(37): CodeIgniter\CodeIgniter->run()
#10 C:\Users\yebdi\OneDrive\Documents\devWeb\amd_maj\system\Commands\Server\rewrite.php(43): require_once('C:\\Users\\yebdi\\...')
#11 {main}
ERROR - 2023-01-15 06:13:10 --> Column 'qte' in field list is ambiguous
CRITICAL - 2023-01-15 06:13:10 --> Column 'qte' in field list is ambiguous
#0 C:\Users\yebdi\OneDrive\Documents\devWeb\amd_maj\system\Database\MySQLi\Connection.php(292): mysqli->query('SELECT SUM(qte)...', 0)
#1 C:\Users\yebdi\OneDrive\Documents\devWeb\amd_maj\system\Database\BaseConnection.php(670): CodeIgniter\Database\MySQLi\Connection->execute('SELECT SUM(qte)...')
#2 C:\Users\yebdi\OneDrive\Documents\devWeb\amd_maj\system\Database\BaseConnection.php(598): CodeIgniter\Database\BaseConnection->simpleQuery('SELECT SUM(qte)...')
#3 C:\Users\yebdi\OneDrive\Documents\devWeb\amd_maj\system\Database\BaseBuilder.php(1455): CodeIgniter\Database\BaseConnection->query('SELECT SUM(qte)...', Array, false)
#4 C:\Users\yebdi\OneDrive\Documents\devWeb\amd_maj\app\Models\StockModel.php(23): CodeIgniter\Database\BaseBuilder->get()
#5 C:\Users\yebdi\OneDrive\Documents\devWeb\amd_maj\app\Controllers\Approvisionnement.php(170): App\Models\StockModel->getArticleStock('2')
#6 C:\Users\yebdi\OneDrive\Documents\devWeb\amd_maj\system\CodeIgniter.php(832): App\Controllers\Approvisionnement->insert()
#7 C:\Users\yebdi\OneDrive\Documents\devWeb\amd_maj\system\CodeIgniter.php(419): CodeIgniter\CodeIgniter->runController(Object(App\Controllers\Approvisionnement))
#8 C:\Users\yebdi\OneDrive\Documents\devWeb\amd_maj\system\CodeIgniter.php(326): CodeIgniter\CodeIgniter->handleRequest(NULL, Object(Config\Cache), false)
#9 C:\Users\yebdi\OneDrive\Documents\devWeb\amd_maj\public\index.php(37): CodeIgniter\CodeIgniter->run()
#10 C:\Users\yebdi\OneDrive\Documents\devWeb\amd_maj\system\Commands\Server\rewrite.php(43): require_once('C:\\Users\\yebdi\\...')
#11 {main}
ERROR - 2023-01-15 06:14:18 --> Column 'qte' in field list is ambiguous
CRITICAL - 2023-01-15 06:14:18 --> Column 'qte' in field list is ambiguous
#0 C:\Users\yebdi\OneDrive\Documents\devWeb\amd_maj\system\Database\MySQLi\Connection.php(292): mysqli->query('SELECT SUM(tbl_...', 0)
#1 C:\Users\yebdi\OneDrive\Documents\devWeb\amd_maj\system\Database\BaseConnection.php(670): CodeIgniter\Database\MySQLi\Connection->execute('SELECT SUM(tbl_...')
#2 C:\Users\yebdi\OneDrive\Documents\devWeb\amd_maj\system\Database\BaseConnection.php(598): CodeIgniter\Database\BaseConnection->simpleQuery('SELECT SUM(tbl_...')
#3 C:\Users\yebdi\OneDrive\Documents\devWeb\amd_maj\system\Database\BaseBuilder.php(1455): CodeIgniter\Database\BaseConnection->query('SELECT SUM(tbl_...', Array, false)
#4 C:\Users\yebdi\OneDrive\Documents\devWeb\amd_maj\app\Models\StockModel.php(24): CodeIgniter\Database\BaseBuilder->get()
#5 C:\Users\yebdi\OneDrive\Documents\devWeb\amd_maj\app\Controllers\Approvisionnement.php(170): App\Models\StockModel->getArticleStock('2')
#6 C:\Users\yebdi\OneDrive\Documents\devWeb\amd_maj\system\CodeIgniter.php(832): App\Controllers\Approvisionnement->insert()
#7 C:\Users\yebdi\OneDrive\Documents\devWeb\amd_maj\system\CodeIgniter.php(419): CodeIgniter\CodeIgniter->runController(Object(App\Controllers\Approvisionnement))
#8 C:\Users\yebdi\OneDrive\Documents\devWeb\amd_maj\system\CodeIgniter.php(326): CodeIgniter\CodeIgniter->handleRequest(NULL, Object(Config\Cache), false)
#9 C:\Users\yebdi\OneDrive\Documents\devWeb\amd_maj\public\index.php(37): CodeIgniter\CodeIgniter->run()
#10 C:\Users\yebdi\OneDrive\Documents\devWeb\amd_maj\system\Commands\Server\rewrite.php(43): require_once('C:\\Users\\yebdi\\...')
#11 {main}
ERROR - 2023-01-15 06:14:52 --> Column 'qte' in field list is ambiguous
CRITICAL - 2023-01-15 06:14:52 --> Column 'qte' in field list is ambiguous
#0 C:\Users\yebdi\OneDrive\Documents\devWeb\amd_maj\system\Database\MySQLi\Connection.php(292): mysqli->query('SELECT SUM(tbl_...', 0)
#1 C:\Users\yebdi\OneDrive\Documents\devWeb\amd_maj\system\Database\BaseConnection.php(670): CodeIgniter\Database\MySQLi\Connection->execute('SELECT SUM(tbl_...')
#2 C:\Users\yebdi\OneDrive\Documents\devWeb\amd_maj\system\Database\BaseConnection.php(598): CodeIgniter\Database\BaseConnection->simpleQuery('SELECT SUM(tbl_...')
#3 C:\Users\yebdi\OneDrive\Documents\devWeb\amd_maj\system\Database\BaseBuilder.php(1455): CodeIgniter\Database\BaseConnection->query('SELECT SUM(tbl_...', Array, false)
#4 C:\Users\yebdi\OneDrive\Documents\devWeb\amd_maj\app\Models\StockModel.php(24): CodeIgniter\Database\BaseBuilder->get()
#5 C:\Users\yebdi\OneDrive\Documents\devWeb\amd_maj\app\Controllers\Approvisionnement.php(170): App\Models\StockModel->getArticleStock('2')
#6 C:\Users\yebdi\OneDrive\Documents\devWeb\amd_maj\system\CodeIgniter.php(832): App\Controllers\Approvisionnement->insert()
#7 C:\Users\yebdi\OneDrive\Documents\devWeb\amd_maj\system\CodeIgniter.php(419): CodeIgniter\CodeIgniter->runController(Object(App\Controllers\Approvisionnement))
#8 C:\Users\yebdi\OneDrive\Documents\devWeb\amd_maj\system\CodeIgniter.php(326): CodeIgniter\CodeIgniter->handleRequest(NULL, Object(Config\Cache), false)
#9 C:\Users\yebdi\OneDrive\Documents\devWeb\amd_maj\public\index.php(37): CodeIgniter\CodeIgniter->run()
#10 C:\Users\yebdi\OneDrive\Documents\devWeb\amd_maj\system\Commands\Server\rewrite.php(43): require_once('C:\\Users\\yebdi\\...')
#11 {main}
ERROR - 2023-01-15 06:15:25 --> Column 'qte' in field list is ambiguous
CRITICAL - 2023-01-15 06:15:25 --> Column 'qte' in field list is ambiguous
#0 C:\Users\yebdi\OneDrive\Documents\devWeb\amd_maj\system\Database\MySQLi\Connection.php(292): mysqli->query('SELECT SUM(tbl_...', 0)
#1 C:\Users\yebdi\OneDrive\Documents\devWeb\amd_maj\system\Database\BaseConnection.php(670): CodeIgniter\Database\MySQLi\Connection->execute('SELECT SUM(tbl_...')
#2 C:\Users\yebdi\OneDrive\Documents\devWeb\amd_maj\system\Database\BaseConnection.php(598): CodeIgniter\Database\BaseConnection->simpleQuery('SELECT SUM(tbl_...')
#3 C:\Users\yebdi\OneDrive\Documents\devWeb\amd_maj\system\Database\BaseBuilder.php(1455): CodeIgniter\Database\BaseConnection->query('SELECT SUM(tbl_...', Array, false)
#4 C:\Users\yebdi\OneDrive\Documents\devWeb\amd_maj\app\Models\StockModel.php(25): CodeIgniter\Database\BaseBuilder->get()
#5 C:\Users\yebdi\OneDrive\Documents\devWeb\amd_maj\app\Controllers\Approvisionnement.php(170): App\Models\StockModel->getArticleStock('2')
#6 C:\Users\yebdi\OneDrive\Documents\devWeb\amd_maj\system\CodeIgniter.php(832): App\Controllers\Approvisionnement->insert()
#7 C:\Users\yebdi\OneDrive\Documents\devWeb\amd_maj\system\CodeIgniter.php(419): CodeIgniter\CodeIgniter->runController(Object(App\Controllers\Approvisionnement))
#8 C:\Users\yebdi\OneDrive\Documents\devWeb\amd_maj\system\CodeIgniter.php(326): CodeIgniter\CodeIgniter->handleRequest(NULL, Object(Config\Cache), false)
#9 C:\Users\yebdi\OneDrive\Documents\devWeb\amd_maj\public\index.php(37): CodeIgniter\CodeIgniter->run()
#10 C:\Users\yebdi\OneDrive\Documents\devWeb\amd_maj\system\Commands\Server\rewrite.php(43): require_once('C:\\Users\\yebdi\\...')
#11 {main}
ERROR - 2023-01-15 06:18:26 --> You have an error in your SQL syntax; check the manual that corresponds to your MariaDB server version for the right syntax to use near 'from tbl_vente GROUP by tbl_vente.id_article) tbl_v ON `tbl_ap`.`id_article` ...' at line 7
CRITICAL - 2023-01-15 06:18:26 --> You have an error in your SQL syntax; check the manual that corresponds to your MariaDB server version for the right syntax to use near 'from tbl_vente GROUP by tbl_vente.id_article) tbl_v ON `tbl_ap`.`id_article` ...' at line 7
#0 C:\Users\yebdi\OneDrive\Documents\devWeb\amd_maj\system\Database\MySQLi\Connection.php(292): mysqli->query('SELECT *\nFROM `...', 0)
#1 C:\Users\yebdi\OneDrive\Documents\devWeb\amd_maj\system\Database\BaseConnection.php(670): CodeIgniter\Database\MySQLi\Connection->execute('SELECT *\nFROM `...')
#2 C:\Users\yebdi\OneDrive\Documents\devWeb\amd_maj\system\Database\BaseConnection.php(598): CodeIgniter\Database\BaseConnection->simpleQuery('SELECT *\nFROM `...')
#3 C:\Users\yebdi\OneDrive\Documents\devWeb\amd_maj\system\Database\BaseBuilder.php(1455): CodeIgniter\Database\BaseConnection->query('SELECT *\nFROM `...', Array, false)
#4 C:\Users\yebdi\OneDrive\Documents\devWeb\amd_maj\app\Models\StockModel.php(29): CodeIgniter\Database\BaseBuilder->get()
#5 C:\Users\yebdi\OneDrive\Documents\devWeb\amd_maj\app\Controllers\Approvisionnement.php(170): App\Models\StockModel->getArticleStock('2')
#6 C:\Users\yebdi\OneDrive\Documents\devWeb\amd_maj\system\CodeIgniter.php(832): App\Controllers\Approvisionnement->insert()
#7 C:\Users\yebdi\OneDrive\Documents\devWeb\amd_maj\system\CodeIgniter.php(419): CodeIgniter\CodeIgniter->runController(Object(App\Controllers\Approvisionnement))
#8 C:\Users\yebdi\OneDrive\Documents\devWeb\amd_maj\system\CodeIgniter.php(326): CodeIgniter\CodeIgniter->handleRequest(NULL, Object(Config\Cache), false)
#9 C:\Users\yebdi\OneDrive\Documents\devWeb\amd_maj\public\index.php(37): CodeIgniter\CodeIgniter->run()
#10 C:\Users\yebdi\OneDrive\Documents\devWeb\amd_maj\system\Commands\Server\rewrite.php(43): require_once('C:\\Users\\yebdi\\...')
#11 {main}
ERROR - 2023-01-15 06:19:05 --> You have an error in your SQL syntax; check the manual that corresponds to your MariaDB server version for the right syntax to use near 'from tbl_vente GROUP by tbl_vente.id_article) tbl_v ON `tbl_ap`.`id_article` ...' at line 7
CRITICAL - 2023-01-15 06:19:05 --> You have an error in your SQL syntax; check the manual that corresponds to your MariaDB server version for the right syntax to use near 'from tbl_vente GROUP by tbl_vente.id_article) tbl_v ON `tbl_ap`.`id_article` ...' at line 7
#0 C:\Users\yebdi\OneDrive\Documents\devWeb\amd_maj\system\Database\MySQLi\Connection.php(292): mysqli->query('SELECT *\nFROM `...', 0)
#1 C:\Users\yebdi\OneDrive\Documents\devWeb\amd_maj\system\Database\BaseConnection.php(670): CodeIgniter\Database\MySQLi\Connection->execute('SELECT *\nFROM `...')
#2 C:\Users\yebdi\OneDrive\Documents\devWeb\amd_maj\system\Database\BaseConnection.php(598): CodeIgniter\Database\BaseConnection->simpleQuery('SELECT *\nFROM `...')
#3 C:\Users\yebdi\OneDrive\Documents\devWeb\amd_maj\system\Database\BaseBuilder.php(1455): CodeIgniter\Database\BaseConnection->query('SELECT *\nFROM `...', Array, false)
#4 C:\Users\yebdi\OneDrive\Documents\devWeb\amd_maj\app\Models\StockModel.php(29): CodeIgniter\Database\BaseBuilder->get()
#5 C:\Users\yebdi\OneDrive\Documents\devWeb\amd_maj\app\Controllers\Approvisionnement.php(170): App\Models\StockModel->getArticleStock('2')
#6 C:\Users\yebdi\OneDrive\Documents\devWeb\amd_maj\system\CodeIgniter.php(832): App\Controllers\Approvisionnement->insert()
#7 C:\Users\yebdi\OneDrive\Documents\devWeb\amd_maj\system\CodeIgniter.php(419): CodeIgniter\CodeIgniter->runController(Object(App\Controllers\Approvisionnement))
#8 C:\Users\yebdi\OneDrive\Documents\devWeb\amd_maj\system\CodeIgniter.php(326): CodeIgniter\CodeIgniter->handleRequest(NULL, Object(Config\Cache), false)
#9 C:\Users\yebdi\OneDrive\Documents\devWeb\amd_maj\public\index.php(37): CodeIgniter\CodeIgniter->run()
#10 C:\Users\yebdi\OneDrive\Documents\devWeb\amd_maj\system\Commands\Server\rewrite.php(43): require_once('C:\\Users\\yebdi\\...')
#11 {main}
ERROR - 2023-01-15 06:20:05 --> Unknown column 'tbl_ap.id_article' in 'on clause'
CRITICAL - 2023-01-15 06:20:05 --> Unknown column 'tbl_ap.id_article' in 'on clause'
#0 C:\Users\yebdi\OneDrive\Documents\devWeb\amd_maj\system\Database\MySQLi\Connection.php(292): mysqli->query('SELECT *\nFROM `...', 0)
#1 C:\Users\yebdi\OneDrive\Documents\devWeb\amd_maj\system\Database\BaseConnection.php(670): CodeIgniter\Database\MySQLi\Connection->execute('SELECT *\nFROM `...')
#2 C:\Users\yebdi\OneDrive\Documents\devWeb\amd_maj\system\Database\BaseConnection.php(598): CodeIgniter\Database\BaseConnection->simpleQuery('SELECT *\nFROM `...')
#3 C:\Users\yebdi\OneDrive\Documents\devWeb\amd_maj\system\Database\BaseBuilder.php(1455): CodeIgniter\Database\BaseConnection->query('SELECT *\nFROM `...', Array, false)
#4 C:\Users\yebdi\OneDrive\Documents\devWeb\amd_maj\app\Models\StockModel.php(29): CodeIgniter\Database\BaseBuilder->get()
#5 C:\Users\yebdi\OneDrive\Documents\devWeb\amd_maj\app\Controllers\Approvisionnement.php(170): App\Models\StockModel->getArticleStock('2')
#6 C:\Users\yebdi\OneDrive\Documents\devWeb\amd_maj\system\CodeIgniter.php(832): App\Controllers\Approvisionnement->insert()
#7 C:\Users\yebdi\OneDrive\Documents\devWeb\amd_maj\system\CodeIgniter.php(419): CodeIgniter\CodeIgniter->runController(Object(App\Controllers\Approvisionnement))
#8 C:\Users\yebdi\OneDrive\Documents\devWeb\amd_maj\system\CodeIgniter.php(326): CodeIgniter\CodeIgniter->handleRequest(NULL, Object(Config\Cache), false)
#9 C:\Users\yebdi\OneDrive\Documents\devWeb\amd_maj\public\index.php(37): CodeIgniter\CodeIgniter->run()
#10 C:\Users\yebdi\OneDrive\Documents\devWeb\amd_maj\system\Commands\Server\rewrite.php(43): require_once('C:\\Users\\yebdi\\...')
#11 {main}
ERROR - 2023-01-15 06:21:29 --> Unknown column 'tbl_approvisionnement.id_article' in 'on clause'
CRITICAL - 2023-01-15 06:21:29 --> Unknown column 'tbl_approvisionnement.id_article' in 'on clause'
#0 C:\Users\yebdi\OneDrive\Documents\devWeb\amd_maj\system\Database\MySQLi\Connection.php(292): mysqli->query('SELECT *\nFROM `...', 0)
#1 C:\Users\yebdi\OneDrive\Documents\devWeb\amd_maj\system\Database\BaseConnection.php(670): CodeIgniter\Database\MySQLi\Connection->execute('SELECT *\nFROM `...')
#2 C:\Users\yebdi\OneDrive\Documents\devWeb\amd_maj\system\Database\BaseConnection.php(598): CodeIgniter\Database\BaseConnection->simpleQuery('SELECT *\nFROM `...')
#3 C:\Users\yebdi\OneDrive\Documents\devWeb\amd_maj\system\Database\BaseBuilder.php(1455): CodeIgniter\Database\BaseConnection->query('SELECT *\nFROM `...', Array, false)
#4 C:\Users\yebdi\OneDrive\Documents\devWeb\amd_maj\app\Models\StockModel.php(29): CodeIgniter\Database\BaseBuilder->get()
#5 C:\Users\yebdi\OneDrive\Documents\devWeb\amd_maj\app\Controllers\Approvisionnement.php(170): App\Models\StockModel->getArticleStock('2')
#6 C:\Users\yebdi\OneDrive\Documents\devWeb\amd_maj\system\CodeIgniter.php(832): App\Controllers\Approvisionnement->insert()
#7 C:\Users\yebdi\OneDrive\Documents\devWeb\amd_maj\system\CodeIgniter.php(419): CodeIgniter\CodeIgniter->runController(Object(App\Controllers\Approvisionnement))
#8 C:\Users\yebdi\OneDrive\Documents\devWeb\amd_maj\system\CodeIgniter.php(326): CodeIgniter\CodeIgniter->handleRequest(NULL, Object(Config\Cache), false)
#9 C:\Users\yebdi\OneDrive\Documents\devWeb\amd_maj\public\index.php(37): CodeIgniter\CodeIgniter->run()
#10 C:\Users\yebdi\OneDrive\Documents\devWeb\amd_maj\system\Commands\Server\rewrite.php(43): require_once('C:\\Users\\yebdi\\...')
#11 {main}
ERROR - 2023-01-15 06:23:25 --> You have an error in your SQL syntax; check the manual that corresponds to your MariaDB server version for the right syntax to use near 'ON `tbl_approvisionnement`.`id_article` = `tbl_article`.`id`
LEFT JOIN (SELEC...' at line 3
CRITICAL - 2023-01-15 06:23:25 --> You have an error in your SQL syntax; check the manual that corresponds to your MariaDB server version for the right syntax to use near 'ON `tbl_approvisionnement`.`id_article` = `tbl_article`.`id`
LEFT JOIN (SELEC...' at line 3
#0 C:\Users\yebdi\OneDrive\Documents\devWeb\amd_maj\system\Database\MySQLi\Connection.php(292): mysqli->query('SELECT *\nFROM `...', 0)
#1 C:\Users\yebdi\OneDrive\Documents\devWeb\amd_maj\system\Database\BaseConnection.php(670): CodeIgniter\Database\MySQLi\Connection->execute('SELECT *\nFROM `...')
#2 C:\Users\yebdi\OneDrive\Documents\devWeb\amd_maj\system\Database\BaseConnection.php(598): CodeIgniter\Database\BaseConnection->simpleQuery('SELECT *\nFROM `...')
#3 C:\Users\yebdi\OneDrive\Documents\devWeb\amd_maj\system\Database\BaseBuilder.php(1455): CodeIgniter\Database\BaseConnection->query('SELECT *\nFROM `...', Array, false)
#4 C:\Users\yebdi\OneDrive\Documents\devWeb\amd_maj\app\Models\StockModel.php(27): CodeIgniter\Database\BaseBuilder->get()
#5 C:\Users\yebdi\OneDrive\Documents\devWeb\amd_maj\app\Controllers\Approvisionnement.php(170): App\Models\StockModel->getArticleStock('2')
#6 C:\Users\yebdi\OneDrive\Documents\devWeb\amd_maj\system\CodeIgniter.php(832): App\Controllers\Approvisionnement->insert()
#7 C:\Users\yebdi\OneDrive\Documents\devWeb\amd_maj\system\CodeIgniter.php(419): CodeIgniter\CodeIgniter->runController(Object(App\Controllers\Approvisionnement))
#8 C:\Users\yebdi\OneDrive\Documents\devWeb\amd_maj\system\CodeIgniter.php(326): CodeIgniter\CodeIgniter->handleRequest(NULL, Object(Config\Cache), false)
#9 C:\Users\yebdi\OneDrive\Documents\devWeb\amd_maj\public\index.php(37): CodeIgniter\CodeIgniter->run()
#10 C:\Users\yebdi\OneDrive\Documents\devWeb\amd_maj\system\Commands\Server\rewrite.php(43): require_once('C:\\Users\\yebdi\\...')
#11 {main}
ERROR - 2023-01-15 06:24:21 --> You have an error in your SQL syntax; check the manual that corresponds to your MariaDB server version for the right syntax to use near 'ON `tbl_approvisionnement`.`id_article` = `tbl_article`.`id`
LEFT JOIN (SELEC...' at line 5
CRITICAL - 2023-01-15 06:24:21 --> You have an error in your SQL syntax; check the manual that corresponds to your MariaDB server version for the right syntax to use near 'ON `tbl_approvisionnement`.`id_article` = `tbl_article`.`id`
LEFT JOIN (SELEC...' at line 5
#0 C:\Users\yebdi\OneDrive\Documents\devWeb\amd_maj\system\Database\MySQLi\Connection.php(292): mysqli->query('SELECT *\nFROM `...', 0)
#1 C:\Users\yebdi\OneDrive\Documents\devWeb\amd_maj\system\Database\BaseConnection.php(670): CodeIgniter\Database\MySQLi\Connection->execute('SELECT *\nFROM `...')
#2 C:\Users\yebdi\OneDrive\Documents\devWeb\amd_maj\system\Database\BaseConnection.php(598): CodeIgniter\Database\BaseConnection->simpleQuery('SELECT *\nFROM `...')
#3 C:\Users\yebdi\OneDrive\Documents\devWeb\amd_maj\system\Database\BaseBuilder.php(1455): CodeIgniter\Database\BaseConnection->query('SELECT *\nFROM `...', Array, false)
#4 C:\Users\yebdi\OneDrive\Documents\devWeb\amd_maj\app\Models\StockModel.php(29): CodeIgniter\Database\BaseBuilder->get()
#5 C:\Users\yebdi\OneDrive\Documents\devWeb\amd_maj\app\Controllers\Approvisionnement.php(170): App\Models\StockModel->getArticleStock('2')
#6 C:\Users\yebdi\OneDrive\Documents\devWeb\amd_maj\system\CodeIgniter.php(832): App\Controllers\Approvisionnement->insert()
#7 C:\Users\yebdi\OneDrive\Documents\devWeb\amd_maj\system\CodeIgniter.php(419): CodeIgniter\CodeIgniter->runController(Object(App\Controllers\Approvisionnement))
#8 C:\Users\yebdi\OneDrive\Documents\devWeb\amd_maj\system\CodeIgniter.php(326): CodeIgniter\CodeIgniter->handleRequest(NULL, Object(Config\Cache), false)
#9 C:\Users\yebdi\OneDrive\Documents\devWeb\amd_maj\public\index.php(37): CodeIgniter\CodeIgniter->run()
#10 C:\Users\yebdi\OneDrive\Documents\devWeb\amd_maj\system\Commands\Server\rewrite.php(43): require_once('C:\\Users\\yebdi\\...')
#11 {main}
ERROR - 2023-01-15 06:26:23 --> You have an error in your SQL syntax; check the manual that corresponds to your MariaDB server version for the right syntax to use near 'ON `tbl_approvisionnement`.`id_article` = `tbl_article`.`id`
LEFT JOIN (SELEC...' at line 5
CRITICAL - 2023-01-15 06:26:23 --> You have an error in your SQL syntax; check the manual that corresponds to your MariaDB server version for the right syntax to use near 'ON `tbl_approvisionnement`.`id_article` = `tbl_article`.`id`
LEFT JOIN (SELEC...' at line 5
#0 C:\Users\yebdi\OneDrive\Documents\devWeb\amd_maj\system\Database\MySQLi\Connection.php(292): mysqli->query('SELECT *\nFROM `...', 0)
#1 C:\Users\yebdi\OneDrive\Documents\devWeb\amd_maj\system\Database\BaseConnection.php(670): CodeIgniter\Database\MySQLi\Connection->execute('SELECT *\nFROM `...')
#2 C:\Users\yebdi\OneDrive\Documents\devWeb\amd_maj\system\Database\BaseConnection.php(598): CodeIgniter\Database\BaseConnection->simpleQuery('SELECT *\nFROM `...')
#3 C:\Users\yebdi\OneDrive\Documents\devWeb\amd_maj\system\Database\BaseBuilder.php(1455): CodeIgniter\Database\BaseConnection->query('SELECT *\nFROM `...', Array, false)
#4 C:\Users\yebdi\OneDrive\Documents\devWeb\amd_maj\app\Models\StockModel.php(29): CodeIgniter\Database\BaseBuilder->get()
#5 C:\Users\yebdi\OneDrive\Documents\devWeb\amd_maj\app\Controllers\Approvisionnement.php(170): App\Models\StockModel->getArticleStock('2')
#6 C:\Users\yebdi\OneDrive\Documents\devWeb\amd_maj\system\CodeIgniter.php(832): App\Controllers\Approvisionnement->insert()
#7 C:\Users\yebdi\OneDrive\Documents\devWeb\amd_maj\system\CodeIgniter.php(419): CodeIgniter\CodeIgniter->runController(Object(App\Controllers\Approvisionnement))
#8 C:\Users\yebdi\OneDrive\Documents\devWeb\amd_maj\system\CodeIgniter.php(326): CodeIgniter\CodeIgniter->handleRequest(NULL, Object(Config\Cache), false)
#9 C:\Users\yebdi\OneDrive\Documents\devWeb\amd_maj\public\index.php(37): CodeIgniter\CodeIgniter->run()
#10 C:\Users\yebdi\OneDrive\Documents\devWeb\amd_maj\system\Commands\Server\rewrite.php(43): require_once('C:\\Users\\yebdi\\...')
#11 {main}
ERROR - 2023-01-15 06:28:07 --> You have an error in your SQL syntax; check the manual that corresponds to your MariaDB server version for the right syntax to use near 'ON `tbl_approvisionnement`.`id_article` = `tbl_article`.`id`
WHERE `tbl_artic...' at line 5
CRITICAL - 2023-01-15 06:28:07 --> You have an error in your SQL syntax; check the manual that corresponds to your MariaDB server version for the right syntax to use near 'ON `tbl_approvisionnement`.`id_article` = `tbl_article`.`id`
WHERE `tbl_artic...' at line 5
#0 C:\Users\yebdi\OneDrive\Documents\devWeb\amd_maj\system\Database\MySQLi\Connection.php(292): mysqli->query('SELECT *\nFROM `...', 0)
#1 C:\Users\yebdi\OneDrive\Documents\devWeb\amd_maj\system\Database\BaseConnection.php(670): CodeIgniter\Database\MySQLi\Connection->execute('SELECT *\nFROM `...')
#2 C:\Users\yebdi\OneDrive\Documents\devWeb\amd_maj\system\Database\BaseConnection.php(598): CodeIgniter\Database\BaseConnection->simpleQuery('SELECT *\nFROM `...')
#3 C:\Users\yebdi\OneDrive\Documents\devWeb\amd_maj\system\Database\BaseBuilder.php(1455): CodeIgniter\Database\BaseConnection->query('SELECT *\nFROM `...', Array, false)
#4 C:\Users\yebdi\OneDrive\Documents\devWeb\amd_maj\app\Models\StockModel.php(26): CodeIgniter\Database\BaseBuilder->get()
#5 C:\Users\yebdi\OneDrive\Documents\devWeb\amd_maj\app\Controllers\Approvisionnement.php(170): App\Models\StockModel->getArticleStock('2')
#6 C:\Users\yebdi\OneDrive\Documents\devWeb\amd_maj\system\CodeIgniter.php(832): App\Controllers\Approvisionnement->insert()
#7 C:\Users\yebdi\OneDrive\Documents\devWeb\amd_maj\system\CodeIgniter.php(419): CodeIgniter\CodeIgniter->runController(Object(App\Controllers\Approvisionnement))
#8 C:\Users\yebdi\OneDrive\Documents\devWeb\amd_maj\system\CodeIgniter.php(326): CodeIgniter\CodeIgniter->handleRequest(NULL, Object(Config\Cache), false)
#9 C:\Users\yebdi\OneDrive\Documents\devWeb\amd_maj\public\index.php(37): CodeIgniter\CodeIgniter->run()
#10 C:\Users\yebdi\OneDrive\Documents\devWeb\amd_maj\system\Commands\Server\rewrite.php(43): require_once('C:\\Users\\yebdi\\...')
#11 {main}
ERROR - 2023-01-15 06:29:17 --> You have an error in your SQL syntax; check the manual that corresponds to your MariaDB server version for the right syntax to use near 'ON `tbl_approvisionnement`.`id_article` = `tbl_article`.`id`
WHERE `tbl_artic...' at line 3
CRITICAL - 2023-01-15 06:29:17 --> You have an error in your SQL syntax; check the manual that corresponds to your MariaDB server version for the right syntax to use near 'ON `tbl_approvisionnement`.`id_article` = `tbl_article`.`id`
WHERE `tbl_artic...' at line 3
#0 C:\Users\yebdi\OneDrive\Documents\devWeb\amd_maj\system\Database\MySQLi\Connection.php(292): mysqli->query('SELECT *\nFROM `...', 0)
#1 C:\Users\yebdi\OneDrive\Documents\devWeb\amd_maj\system\Database\BaseConnection.php(670): CodeIgniter\Database\MySQLi\Connection->execute('SELECT *\nFROM `...')
#2 C:\Users\yebdi\OneDrive\Documents\devWeb\amd_maj\system\Database\BaseConnection.php(598): CodeIgniter\Database\BaseConnection->simpleQuery('SELECT *\nFROM `...')
#3 C:\Users\yebdi\OneDrive\Documents\devWeb\amd_maj\system\Database\BaseBuilder.php(1455): CodeIgniter\Database\BaseConnection->query('SELECT *\nFROM `...', Array, false)
#4 C:\Users\yebdi\OneDrive\Documents\devWeb\amd_maj\app\Models\StockModel.php(24): CodeIgniter\Database\BaseBuilder->get()
#5 C:\Users\yebdi\OneDrive\Documents\devWeb\amd_maj\app\Controllers\Approvisionnement.php(170): App\Models\StockModel->getArticleStock('2')
#6 C:\Users\yebdi\OneDrive\Documents\devWeb\amd_maj\system\CodeIgniter.php(832): App\Controllers\Approvisionnement->insert()
#7 C:\Users\yebdi\OneDrive\Documents\devWeb\amd_maj\system\CodeIgniter.php(419): CodeIgniter\CodeIgniter->runController(Object(App\Controllers\Approvisionnement))
#8 C:\Users\yebdi\OneDrive\Documents\devWeb\amd_maj\system\CodeIgniter.php(326): CodeIgniter\CodeIgniter->handleRequest(NULL, Object(Config\Cache), false)
#9 C:\Users\yebdi\OneDrive\Documents\devWeb\amd_maj\public\index.php(37): CodeIgniter\CodeIgniter->run()
#10 C:\Users\yebdi\OneDrive\Documents\devWeb\amd_maj\system\Commands\Server\rewrite.php(43): require_once('C:\\Users\\yebdi\\...')
#11 {main}
ERROR - 2023-01-15 06:40:50 --> Unknown column 'tbl_ap.id_article' in 'on clause'
CRITICAL - 2023-01-15 06:40:50 --> Unknown column 'tbl_ap.id_article' in 'on clause'
#0 C:\Users\yebdi\OneDrive\Documents\devWeb\amd_maj\system\Database\MySQLi\Connection.php(292): mysqli->query('SELECT *\nFROM `...', 0)
#1 C:\Users\yebdi\OneDrive\Documents\devWeb\amd_maj\system\Database\BaseConnection.php(670): CodeIgniter\Database\MySQLi\Connection->execute('SELECT *\nFROM `...')
#2 C:\Users\yebdi\OneDrive\Documents\devWeb\amd_maj\system\Database\BaseConnection.php(598): CodeIgniter\Database\BaseConnection->simpleQuery('SELECT *\nFROM `...')
#3 C:\Users\yebdi\OneDrive\Documents\devWeb\amd_maj\system\Database\BaseBuilder.php(1455): CodeIgniter\Database\BaseConnection->query('SELECT *\nFROM `...', Array, false)
#4 C:\Users\yebdi\OneDrive\Documents\devWeb\amd_maj\app\Models\StockModel.php(24): CodeIgniter\Database\BaseBuilder->get()
#5 C:\Users\yebdi\OneDrive\Documents\devWeb\amd_maj\app\Controllers\Approvisionnement.php(170): App\Models\StockModel->getArticleStock('2')
#6 C:\Users\yebdi\OneDrive\Documents\devWeb\amd_maj\system\CodeIgniter.php(832): App\Controllers\Approvisionnement->insert()
#7 C:\Users\yebdi\OneDrive\Documents\devWeb\amd_maj\system\CodeIgniter.php(419): CodeIgniter\CodeIgniter->runController(Object(App\Controllers\Approvisionnement))
#8 C:\Users\yebdi\OneDrive\Documents\devWeb\amd_maj\system\CodeIgniter.php(326): CodeIgniter\CodeIgniter->handleRequest(NULL, Object(Config\Cache), false)
#9 C:\Users\yebdi\OneDrive\Documents\devWeb\amd_maj\public\index.php(37): CodeIgniter\CodeIgniter->run()
#10 C:\Users\yebdi\OneDrive\Documents\devWeb\amd_maj\system\Commands\Server\rewrite.php(43): require_once('C:\\Users\\yebdi\\...')
#11 {main}
ERROR - 2023-01-15 06:41:29 --> You have an error in your SQL syntax; check the manual that corresponds to your MariaDB server version for the right syntax to use near 'ON `tbl_approvisionnement`.`id_article` = `tbl_article`.`id`
WHERE `tbl_artic...' at line 3
CRITICAL - 2023-01-15 06:41:29 --> You have an error in your SQL syntax; check the manual that corresponds to your MariaDB server version for the right syntax to use near 'ON `tbl_approvisionnement`.`id_article` = `tbl_article`.`id`
WHERE `tbl_artic...' at line 3
#0 C:\Users\yebdi\OneDrive\Documents\devWeb\amd_maj\system\Database\MySQLi\Connection.php(292): mysqli->query('SELECT *\nFROM `...', 0)
#1 C:\Users\yebdi\OneDrive\Documents\devWeb\amd_maj\system\Database\BaseConnection.php(670): CodeIgniter\Database\MySQLi\Connection->execute('SELECT *\nFROM `...')
#2 C:\Users\yebdi\OneDrive\Documents\devWeb\amd_maj\system\Database\BaseConnection.php(598): CodeIgniter\Database\BaseConnection->simpleQuery('SELECT *\nFROM `...')
#3 C:\Users\yebdi\OneDrive\Documents\devWeb\amd_maj\system\Database\BaseBuilder.php(1455): CodeIgniter\Database\BaseConnection->query('SELECT *\nFROM `...', Array, false)
#4 C:\Users\yebdi\OneDrive\Documents\devWeb\amd_maj\app\Models\StockModel.php(24): CodeIgniter\Database\BaseBuilder->get()
#5 C:\Users\yebdi\OneDrive\Documents\devWeb\amd_maj\app\Controllers\Approvisionnement.php(170): App\Models\StockModel->getArticleStock('2')
#6 C:\Users\yebdi\OneDrive\Documents\devWeb\amd_maj\system\CodeIgniter.php(832): App\Controllers\Approvisionnement->insert()
#7 C:\Users\yebdi\OneDrive\Documents\devWeb\amd_maj\system\CodeIgniter.php(419): CodeIgniter\CodeIgniter->runController(Object(App\Controllers\Approvisionnement))
#8 C:\Users\yebdi\OneDrive\Documents\devWeb\amd_maj\system\CodeIgniter.php(326): CodeIgniter\CodeIgniter->handleRequest(NULL, Object(Config\Cache), false)
#9 C:\Users\yebdi\OneDrive\Documents\devWeb\amd_maj\public\index.php(37): CodeIgniter\CodeIgniter->run()
#10 C:\Users\yebdi\OneDrive\Documents\devWeb\amd_maj\system\Commands\Server\rewrite.php(43): require_once('C:\\Users\\yebdi\\...')
#11 {main}
ERROR - 2023-01-15 06:43:56 --> Unknown column 'tbl_ap.id_article' in 'on clause'
CRITICAL - 2023-01-15 06:43:56 --> Unknown column 'tbl_ap.id_article' in 'on clause'
#0 C:\Users\yebdi\OneDrive\Documents\devWeb\amd_maj\system\Database\MySQLi\Connection.php(292): mysqli->query('SELECT *\nFROM `...', 0)
#1 C:\Users\yebdi\OneDrive\Documents\devWeb\amd_maj\system\Database\BaseConnection.php(670): CodeIgniter\Database\MySQLi\Connection->execute('SELECT *\nFROM `...')
#2 C:\Users\yebdi\OneDrive\Documents\devWeb\amd_maj\system\Database\BaseConnection.php(598): CodeIgniter\Database\BaseConnection->simpleQuery('SELECT *\nFROM `...')
#3 C:\Users\yebdi\OneDrive\Documents\devWeb\amd_maj\system\Database\BaseBuilder.php(1455): CodeIgniter\Database\BaseConnection->query('SELECT *\nFROM `...', Array, false)
#4 C:\Users\yebdi\OneDrive\Documents\devWeb\amd_maj\app\Models\StockModel.php(25): CodeIgniter\Database\BaseBuilder->get()
#5 C:\Users\yebdi\OneDrive\Documents\devWeb\amd_maj\app\Controllers\Approvisionnement.php(170): App\Models\StockModel->getArticleStock('2')
#6 C:\Users\yebdi\OneDrive\Documents\devWeb\amd_maj\system\CodeIgniter.php(832): App\Controllers\Approvisionnement->insert()
#7 C:\Users\yebdi\OneDrive\Documents\devWeb\amd_maj\system\CodeIgniter.php(419): CodeIgniter\CodeIgniter->runController(Object(App\Controllers\Approvisionnement))
#8 C:\Users\yebdi\OneDrive\Documents\devWeb\amd_maj\system\CodeIgniter.php(326): CodeIgniter\CodeIgniter->handleRequest(NULL, Object(Config\Cache), false)
#9 C:\Users\yebdi\OneDrive\Documents\devWeb\amd_maj\public\index.php(37): CodeIgniter\CodeIgniter->run()
#10 C:\Users\yebdi\OneDrive\Documents\devWeb\amd_maj\system\Commands\Server\rewrite.php(43): require_once('C:\\Users\\yebdi\\...')
#11 {main}
CRITICAL - 2023-01-15 07:21:44 --> Array to string conversion
#0 C:\Users\yebdi\OneDrive\Documents\devWeb\amd_maj\app\Controllers\Approvisionnement.php(173): CodeIgniter\Debug\Exceptions->errorHandler(8, 'Array to string...', 'C:\\Users\\yebdi\\...', 173, Array)
#1 C:\Users\yebdi\OneDrive\Documents\devWeb\amd_maj\system\CodeIgniter.php(832): App\Controllers\Approvisionnement->insert()
#2 C:\Users\yebdi\OneDrive\Documents\devWeb\amd_maj\system\CodeIgniter.php(419): CodeIgniter\CodeIgniter->runController(Object(App\Controllers\Approvisionnement))
#3 C:\Users\yebdi\OneDrive\Documents\devWeb\amd_maj\system\CodeIgniter.php(326): CodeIgniter\CodeIgniter->handleRequest(NULL, Object(Config\Cache), false)
#4 C:\Users\yebdi\OneDrive\Documents\devWeb\amd_maj\public\index.php(37): CodeIgniter\CodeIgniter->run()
#5 C:\Users\yebdi\OneDrive\Documents\devWeb\amd_maj\system\Commands\Server\rewrite.php(43): require_once('C:\\Users\\yebdi\\...')
#6 {main}
CRITICAL - 2023-01-15 07:27:02 --> Undefined index: qtyVendue
#0 C:\Users\yebdi\OneDrive\Documents\devWeb\amd_maj\app\Controllers\Approvisionnement.php(173): CodeIgniter\Debug\Exceptions->errorHandler(8, 'Undefined index...', 'C:\\Users\\yebdi\\...', 173, Array)
#1 C:\Users\yebdi\OneDrive\Documents\devWeb\amd_maj\system\CodeIgniter.php(832): App\Controllers\Approvisionnement->insert()
#2 C:\Users\yebdi\OneDrive\Documents\devWeb\amd_maj\system\CodeIgniter.php(419): CodeIgniter\CodeIgniter->runController(Object(App\Controllers\Approvisionnement))
#3 C:\Users\yebdi\OneDrive\Documents\devWeb\amd_maj\system\CodeIgniter.php(326): CodeIgniter\CodeIgniter->handleRequest(NULL, Object(Config\Cache), false)
#4 C:\Users\yebdi\OneDrive\Documents\devWeb\amd_maj\public\index.php(37): CodeIgniter\CodeIgniter->run()
#5 C:\Users\yebdi\OneDrive\Documents\devWeb\amd_maj\system\Commands\Server\rewrite.php(43): require_once('C:\\Users\\yebdi\\...')
#6 {main}
CRITICAL - 2023-01-15 07:31:23 --> Unsupported operand types
#0 C:\Users\yebdi\OneDrive\Documents\devWeb\amd_maj\system\CodeIgniter.php(832): App\Controllers\Approvisionnement->insert()
#1 C:\Users\yebdi\OneDrive\Documents\devWeb\amd_maj\system\CodeIgniter.php(419): CodeIgniter\CodeIgniter->runController(Object(App\Controllers\Approvisionnement))
#2 C:\Users\yebdi\OneDrive\Documents\devWeb\amd_maj\system\CodeIgniter.php(326): CodeIgniter\CodeIgniter->handleRequest(NULL, Object(Config\Cache), false)
#3 C:\Users\yebdi\OneDrive\Documents\devWeb\amd_maj\public\index.php(37): CodeIgniter\CodeIgniter->run()
#4 C:\Users\yebdi\OneDrive\Documents\devWeb\amd_maj\system\Commands\Server\rewrite.php(43): require_once('C:\\Users\\yebdi\\...')
#5 {main}
CRITICAL - 2023-01-15 07:31:54 --> Unsupported operand types
#0 C:\Users\yebdi\OneDrive\Documents\devWeb\amd_maj\system\CodeIgniter.php(832): App\Controllers\Approvisionnement->insert()
#1 C:\Users\yebdi\OneDrive\Documents\devWeb\amd_maj\system\CodeIgniter.php(419): CodeIgniter\CodeIgniter->runController(Object(App\Controllers\Approvisionnement))
#2 C:\Users\yebdi\OneDrive\Documents\devWeb\amd_maj\system\CodeIgniter.php(326): CodeIgniter\CodeIgniter->handleRequest(NULL, Object(Config\Cache), false)
#3 C:\Users\yebdi\OneDrive\Documents\devWeb\amd_maj\public\index.php(37): CodeIgniter\CodeIgniter->run()
#4 C:\Users\yebdi\OneDrive\Documents\devWeb\amd_maj\system\Commands\Server\rewrite.php(43): require_once('C:\\Users\\yebdi\\...')
#5 {main}
CRITICAL - 2023-01-15 07:34:31 --> Unsupported operand types
#0 C:\Users\yebdi\OneDrive\Documents\devWeb\amd_maj\system\CodeIgniter.php(832): App\Controllers\Approvisionnement->insert()
#1 C:\Users\yebdi\OneDrive\Documents\devWeb\amd_maj\system\CodeIgniter.php(419): CodeIgniter\CodeIgniter->runController(Object(App\Controllers\Approvisionnement))
#2 C:\Users\yebdi\OneDrive\Documents\devWeb\amd_maj\system\CodeIgniter.php(326): CodeIgniter\CodeIgniter->handleRequest(NULL, Object(Config\Cache), false)
#3 C:\Users\yebdi\OneDrive\Documents\devWeb\amd_maj\public\index.php(37): CodeIgniter\CodeIgniter->run()
#4 C:\Users\yebdi\OneDrive\Documents\devWeb\amd_maj\system\Commands\Server\rewrite.php(43): require_once('C:\\Users\\yebdi\\...')
#5 {main}
CRITICAL - 2023-01-15 07:35:31 --> Unsupported operand types
#0 C:\Users\yebdi\OneDrive\Documents\devWeb\amd_maj\system\CodeIgniter.php(832): App\Controllers\Approvisionnement->insert()
#1 C:\Users\yebdi\OneDrive\Documents\devWeb\amd_maj\system\CodeIgniter.php(419): CodeIgniter\CodeIgniter->runController(Object(App\Controllers\Approvisionnement))
#2 C:\Users\yebdi\OneDrive\Documents\devWeb\amd_maj\system\CodeIgniter.php(326): CodeIgniter\CodeIgniter->handleRequest(NULL, Object(Config\Cache), false)
#3 C:\Users\yebdi\OneDrive\Documents\devWeb\amd_maj\public\index.php(37): CodeIgniter\CodeIgniter->run()
#4 C:\Users\yebdi\OneDrive\Documents\devWeb\amd_maj\system\Commands\Server\rewrite.php(43): require_once('C:\\Users\\yebdi\\...')
#5 {main}
CRITICAL - 2023-01-15 07:35:41 --> Unsupported operand types
#0 C:\Users\yebdi\OneDrive\Documents\devWeb\amd_maj\system\CodeIgniter.php(832): App\Controllers\Approvisionnement->insert()
#1 C:\Users\yebdi\OneDrive\Documents\devWeb\amd_maj\system\CodeIgniter.php(419): CodeIgniter\CodeIgniter->runController(Object(App\Controllers\Approvisionnement))
#2 C:\Users\yebdi\OneDrive\Documents\devWeb\amd_maj\system\CodeIgniter.php(326): CodeIgniter\CodeIgniter->handleRequest(NULL, Object(Config\Cache), false)
#3 C:\Users\yebdi\OneDrive\Documents\devWeb\amd_maj\public\index.php(37): CodeIgniter\CodeIgniter->run()
#4 C:\Users\yebdi\OneDrive\Documents\devWeb\amd_maj\system\Commands\Server\rewrite.php(43): require_once('C:\\Users\\yebdi\\...')
#5 {main}
CRITICAL - 2023-01-15 07:36:00 --> Unsupported operand types
#0 C:\Users\yebdi\OneDrive\Documents\devWeb\amd_maj\system\CodeIgniter.php(832): App\Controllers\Approvisionnement->insert()
#1 C:\Users\yebdi\OneDrive\Documents\devWeb\amd_maj\system\CodeIgniter.php(419): CodeIgniter\CodeIgniter->runController(Object(App\Controllers\Approvisionnement))
#2 C:\Users\yebdi\OneDrive\Documents\devWeb\amd_maj\system\CodeIgniter.php(326): CodeIgniter\CodeIgniter->handleRequest(NULL, Object(Config\Cache), false)
#3 C:\Users\yebdi\OneDrive\Documents\devWeb\amd_maj\public\index.php(37): CodeIgniter\CodeIgniter->run()
#4 C:\Users\yebdi\OneDrive\Documents\devWeb\amd_maj\system\Commands\Server\rewrite.php(43): require_once('C:\\Users\\yebdi\\...')
#5 {main}
CRITICAL - 2023-01-15 07:36:08 --> Unsupported operand types
#0 C:\Users\yebdi\OneDrive\Documents\devWeb\amd_maj\system\CodeIgniter.php(832): App\Controllers\Approvisionnement->insert()
#1 C:\Users\yebdi\OneDrive\Documents\devWeb\amd_maj\system\CodeIgniter.php(419): CodeIgniter\CodeIgniter->runController(Object(App\Controllers\Approvisionnement))
#2 C:\Users\yebdi\OneDrive\Documents\devWeb\amd_maj\system\CodeIgniter.php(326): CodeIgniter\CodeIgniter->handleRequest(NULL, Object(Config\Cache), false)
#3 C:\Users\yebdi\OneDrive\Documents\devWeb\amd_maj\public\index.php(37): CodeIgniter\CodeIgniter->run()
#4 C:\Users\yebdi\OneDrive\Documents\devWeb\amd_maj\system\Commands\Server\rewrite.php(43): require_once('C:\\Users\\yebdi\\...')
#5 {main}
CRITICAL - 2023-01-15 07:36:51 --> Unsupported operand types
#0 C:\Users\yebdi\OneDrive\Documents\devWeb\amd_maj\system\CodeIgniter.php(832): App\Controllers\Approvisionnement->insert()
#1 C:\Users\yebdi\OneDrive\Documents\devWeb\amd_maj\system\CodeIgniter.php(419): CodeIgniter\CodeIgniter->runController(Object(App\Controllers\Approvisionnement))
#2 C:\Users\yebdi\OneDrive\Documents\devWeb\amd_maj\system\CodeIgniter.php(326): CodeIgniter\CodeIgniter->handleRequest(NULL, Object(Config\Cache), false)
#3 C:\Users\yebdi\OneDrive\Documents\devWeb\amd_maj\public\index.php(37): CodeIgniter\CodeIgniter->run()
#4 C:\Users\yebdi\OneDrive\Documents\devWeb\amd_maj\system\Commands\Server\rewrite.php(43): require_once('C:\\Users\\yebdi\\...')
#5 {main}
CRITICAL - 2023-01-15 07:37:12 --> Unsupported operand types
#0 C:\Users\yebdi\OneDrive\Documents\devWeb\amd_maj\system\CodeIgniter.php(832): App\Controllers\Approvisionnement->insert()
#1 C:\Users\yebdi\OneDrive\Documents\devWeb\amd_maj\system\CodeIgniter.php(419): CodeIgniter\CodeIgniter->runController(Object(App\Controllers\Approvisionnement))
#2 C:\Users\yebdi\OneDrive\Documents\devWeb\amd_maj\system\CodeIgniter.php(326): CodeIgniter\CodeIgniter->handleRequest(NULL, Object(Config\Cache), false)
#3 C:\Users\yebdi\OneDrive\Documents\devWeb\amd_maj\public\index.php(37): CodeIgniter\CodeIgniter->run()
#4 C:\Users\yebdi\OneDrive\Documents\devWeb\amd_maj\system\Commands\Server\rewrite.php(43): require_once('C:\\Users\\yebdi\\...')
#5 {main}
CRITICAL - 2023-01-15 07:39:13 --> Unsupported operand types
#0 C:\Users\yebdi\OneDrive\Documents\devWeb\amd_maj\system\CodeIgniter.php(832): App\Controllers\Approvisionnement->insert()
#1 C:\Users\yebdi\OneDrive\Documents\devWeb\amd_maj\system\CodeIgniter.php(419): CodeIgniter\CodeIgniter->runController(Object(App\Controllers\Approvisionnement))
#2 C:\Users\yebdi\OneDrive\Documents\devWeb\amd_maj\system\CodeIgniter.php(326): CodeIgniter\CodeIgniter->handleRequest(NULL, Object(Config\Cache), false)
#3 C:\Users\yebdi\OneDrive\Documents\devWeb\amd_maj\public\index.php(37): CodeIgniter\CodeIgniter->run()
#4 C:\Users\yebdi\OneDrive\Documents\devWeb\amd_maj\system\Commands\Server\rewrite.php(43): require_once('C:\\Users\\yebdi\\...')
#5 {main}
CRITICAL - 2023-01-15 07:39:24 --> Unsupported operand types
#0 C:\Users\yebdi\OneDrive\Documents\devWeb\amd_maj\system\CodeIgniter.php(832): App\Controllers\Approvisionnement->insert()
#1 C:\Users\yebdi\OneDrive\Documents\devWeb\amd_maj\system\CodeIgniter.php(419): CodeIgniter\CodeIgniter->runController(Object(App\Controllers\Approvisionnement))
#2 C:\Users\yebdi\OneDrive\Documents\devWeb\amd_maj\system\CodeIgniter.php(326): CodeIgniter\CodeIgniter->handleRequest(NULL, Object(Config\Cache), false)
#3 C:\Users\yebdi\OneDrive\Documents\devWeb\amd_maj\public\index.php(37): CodeIgniter\CodeIgniter->run()
#4 C:\Users\yebdi\OneDrive\Documents\devWeb\amd_maj\system\Commands\Server\rewrite.php(43): require_once('C:\\Users\\yebdi\\...')
#5 {main}
CRITICAL - 2023-01-15 07:39:45 --> Unsupported operand types
#0 C:\Users\yebdi\OneDrive\Documents\devWeb\amd_maj\system\CodeIgniter.php(832): App\Controllers\Approvisionnement->insert()
#1 C:\Users\yebdi\OneDrive\Documents\devWeb\amd_maj\system\CodeIgniter.php(419): CodeIgniter\CodeIgniter->runController(Object(App\Controllers\Approvisionnement))
#2 C:\Users\yebdi\OneDrive\Documents\devWeb\amd_maj\system\CodeIgniter.php(326): CodeIgniter\CodeIgniter->handleRequest(NULL, Object(Config\Cache), false)
#3 C:\Users\yebdi\OneDrive\Documents\devWeb\amd_maj\public\index.php(37): CodeIgniter\CodeIgniter->run()
#4 C:\Users\yebdi\OneDrive\Documents\devWeb\amd_maj\system\Commands\Server\rewrite.php(43): require_once('C:\\Users\\yebdi\\...')
#5 {main}
ERROR - 2023-01-15 07:52:13 --> Column 'date_insertion' in field list is ambiguous
CRITICAL - 2023-01-15 07:52:13 --> Column 'date_insertion' in field list is ambiguous
#0 C:\Users\yebdi\OneDrive\Documents\devWeb\amd_maj\system\Database\MySQLi\Connection.php(292): mysqli->query('SELECT *, `tbl_...', 0)
#1 C:\Users\yebdi\OneDrive\Documents\devWeb\amd_maj\system\Database\BaseConnection.php(670): CodeIgniter\Database\MySQLi\Connection->execute('SELECT *, `tbl_...')
#2 C:\Users\yebdi\OneDrive\Documents\devWeb\amd_maj\system\Database\BaseConnection.php(598): CodeIgniter\Database\BaseConnection->simpleQuery('SELECT *, `tbl_...')
#3 C:\Users\yebdi\OneDrive\Documents\devWeb\amd_maj\system\Database\BaseBuilder.php(1455): CodeIgniter\Database\BaseConnection->query('SELECT *, `tbl_...', Array, false)
#4 C:\Users\yebdi\OneDrive\Documents\devWeb\amd_maj\app\Models\ApprovisionnementModel.php(21): CodeIgniter\Database\BaseBuilder->get()
#5 C:\Users\yebdi\OneDrive\Documents\devWeb\amd_maj\app\Controllers\Approvisionnement.php(23): App\Models\ApprovisionnementModel->getAll()
#6 C:\Users\yebdi\OneDrive\Documents\devWeb\amd_maj\system\CodeIgniter.php(832): App\Controllers\Approvisionnement->fetch_approvisionnement()
#7 C:\Users\yebdi\OneDrive\Documents\devWeb\amd_maj\system\CodeIgniter.php(419): CodeIgniter\CodeIgniter->runController(Object(App\Controllers\Approvisionnement))
#8 C:\Users\yebdi\OneDrive\Documents\devWeb\amd_maj\system\CodeIgniter.php(326): CodeIgniter\CodeIgniter->handleRequest(NULL, Object(Config\Cache), false)
#9 C:\Users\yebdi\OneDrive\Documents\devWeb\amd_maj\public\index.php(37): CodeIgniter\CodeIgniter->run()
#10 C:\Users\yebdi\OneDrive\Documents\devWeb\amd_maj\system\Commands\Server\rewrite.php(43): require_once('C:\\Users\\yebdi\\...')
#11 {main}
CRITICAL - 2023-01-15 08:20:13 --> Undefined index: pixr
#0 C:\Users\yebdi\OneDrive\Documents\devWeb\amd_maj\app\Controllers\Approvisionnement.php(317): CodeIgniter\Debug\Exceptions->errorHandler(8, 'Undefined index...', 'C:\\Users\\yebdi\\...', 317, Array)
#1 C:\Users\yebdi\OneDrive\Documents\devWeb\amd_maj\system\CodeIgniter.php(832): App\Controllers\Approvisionnement->delete()
#2 C:\Users\yebdi\OneDrive\Documents\devWeb\amd_maj\system\CodeIgniter.php(419): CodeIgniter\CodeIgniter->runController(Object(App\Controllers\Approvisionnement))
#3 C:\Users\yebdi\OneDrive\Documents\devWeb\amd_maj\system\CodeIgniter.php(326): CodeIgniter\CodeIgniter->handleRequest(NULL, Object(Config\Cache), false)
#4 C:\Users\yebdi\OneDrive\Documents\devWeb\amd_maj\public\index.php(37): CodeIgniter\CodeIgniter->run()
#5 C:\Users\yebdi\OneDrive\Documents\devWeb\amd_maj\system\Commands\Server\rewrite.php(43): require_once('C:\\Users\\yebdi\\...')
#6 {main}
CRITICAL - 2023-01-15 08:20:35 --> Undefined index: pixr
#0 C:\Users\yebdi\OneDrive\Documents\devWeb\amd_maj\app\Controllers\Approvisionnement.php(317): CodeIgniter\Debug\Exceptions->errorHandler(8, 'Undefined index...', 'C:\\Users\\yebdi\\...', 317, Array)
#1 C:\Users\yebdi\OneDrive\Documents\devWeb\amd_maj\system\CodeIgniter.php(832): App\Controllers\Approvisionnement->delete()
#2 C:\Users\yebdi\OneDrive\Documents\devWeb\amd_maj\system\CodeIgniter.php(419): CodeIgniter\CodeIgniter->runController(Object(App\Controllers\Approvisionnement))
#3 C:\Users\yebdi\OneDrive\Documents\devWeb\amd_maj\system\CodeIgniter.php(326): CodeIgniter\CodeIgniter->handleRequest(NULL, Object(Config\Cache), false)
#4 C:\Users\yebdi\OneDrive\Documents\devWeb\amd_maj\public\index.php(37): CodeIgniter\CodeIgniter->run()
#5 C:\Users\yebdi\OneDrive\Documents\devWeb\amd_maj\system\Commands\Server\rewrite.php(43): require_once('C:\\Users\\yebdi\\...')
#6 {main}
CRITICAL - 2023-01-15 08:31:16 --> Trying to access array offset on value of type null
#0 C:\Users\yebdi\OneDrive\Documents\devWeb\amd_maj\app\Controllers\Approvisionnement.php(353): CodeIgniter\Debug\Exceptions->errorHandler(8, 'Trying to acces...', 'C:\\Users\\yebdi\\...', 353, Array)
#1 C:\Users\yebdi\OneDrive\Documents\devWeb\amd_maj\system\CodeIgniter.php(832): App\Controllers\Approvisionnement->delete()
#2 C:\Users\yebdi\OneDrive\Documents\devWeb\amd_maj\system\CodeIgniter.php(419): CodeIgniter\CodeIgniter->runController(Object(App\Controllers\Approvisionnement))
#3 C:\Users\yebdi\OneDrive\Documents\devWeb\amd_maj\system\CodeIgniter.php(326): CodeIgniter\CodeIgniter->handleRequest(NULL, Object(Config\Cache), false)
#4 C:\Users\yebdi\OneDrive\Documents\devWeb\amd_maj\public\index.php(37): CodeIgniter\CodeIgniter->run()
#5 C:\Users\yebdi\OneDrive\Documents\devWeb\amd_maj\system\Commands\Server\rewrite.php(43): require_once('C:\\Users\\yebdi\\...')
#6 {main}
CRITICAL - 2023-01-15 08:50:08 --> Undefined index: new_pb
#0 C:\Users\yebdi\OneDrive\Documents\devWeb\amd_maj\app\Controllers\Approvisionnement.php(243): CodeIgniter\Debug\Exceptions->errorHandler(8, 'Undefined index...', 'C:\\Users\\yebdi\\...', 243, Array)
#1 C:\Users\yebdi\OneDrive\Documents\devWeb\amd_maj\system\CodeIgniter.php(832): App\Controllers\Approvisionnement->insert()
#2 C:\Users\yebdi\OneDrive\Documents\devWeb\amd_maj\system\CodeIgniter.php(419): CodeIgniter\CodeIgniter->runController(Object(App\Controllers\Approvisionnement))
#3 C:\Users\yebdi\OneDrive\Documents\devWeb\amd_maj\system\CodeIgniter.php(326): CodeIgniter\CodeIgniter->handleRequest(NULL, Object(Config\Cache), false)
#4 C:\Users\yebdi\OneDrive\Documents\devWeb\amd_maj\public\index.php(37): CodeIgniter\CodeIgniter->run()
#5 C:\Users\yebdi\OneDrive\Documents\devWeb\amd_maj\system\Commands\Server\rewrite.php(43): require_once('C:\\Users\\yebdi\\...')
#6 {main}
CRITICAL - 2023-01-15 08:50:25 --> Undefined variable: req_id
#0 C:\Users\yebdi\OneDrive\Documents\devWeb\amd_maj\app\Controllers\Approvisionnement.php(262): CodeIgniter\Debug\Exceptions->errorHandler(8, 'Undefined varia...', 'C:\\Users\\yebdi\\...', 262, Array)
#1 C:\Users\yebdi\OneDrive\Documents\devWeb\amd_maj\system\CodeIgniter.php(832): App\Controllers\Approvisionnement->insert()
#2 C:\Users\yebdi\OneDrive\Documents\devWeb\amd_maj\system\CodeIgniter.php(419): CodeIgniter\CodeIgniter->runController(Object(App\Controllers\Approvisionnement))
#3 C:\Users\yebdi\OneDrive\Documents\devWeb\amd_maj\system\CodeIgniter.php(326): CodeIgniter\CodeIgniter->handleRequest(NULL, Object(Config\Cache), false)
#4 C:\Users\yebdi\OneDrive\Documents\devWeb\amd_maj\public\index.php(37): CodeIgniter\CodeIgniter->run()
#5 C:\Users\yebdi\OneDrive\Documents\devWeb\amd_maj\system\Commands\Server\rewrite.php(43): require_once('C:\\Users\\yebdi\\...')
#6 {main}
CRITICAL - 2023-01-15 08:52:37 --> Call to undefined function App\Controllers\NOW()
#0 C:\Users\yebdi\OneDrive\Documents\devWeb\amd_maj\system\CodeIgniter.php(832): App\Controllers\Approvisionnement->insert()
#1 C:\Users\yebdi\OneDrive\Documents\devWeb\amd_maj\system\CodeIgniter.php(419): CodeIgniter\CodeIgniter->runController(Object(App\Controllers\Approvisionnement))
#2 C:\Users\yebdi\OneDrive\Documents\devWeb\amd_maj\system\CodeIgniter.php(326): CodeIgniter\CodeIgniter->handleRequest(NULL, Object(Config\Cache), false)
#3 C:\Users\yebdi\OneDrive\Documents\devWeb\amd_maj\public\index.php(37): CodeIgniter\CodeIgniter->run()
#4 C:\Users\yebdi\OneDrive\Documents\devWeb\amd_maj\system\Commands\Server\rewrite.php(43): require_once('C:\\Users\\yebdi\\...')
#5 {main}
ERROR - 2023-01-15 10:05:09 --> Unknown column 'pt' in 'field list'
CRITICAL - 2023-01-15 10:05:09 --> Unknown column 'pt' in 'field list'
#0 C:\Users\yebdi\OneDrive\Documents\devWeb\amd_maj\system\Database\MySQLi\Connection.php(292): mysqli->query('SELECT *, SUM(p...', 0)
#1 C:\Users\yebdi\OneDrive\Documents\devWeb\amd_maj\system\Database\BaseConnection.php(670): CodeIgniter\Database\MySQLi\Connection->execute('SELECT *, SUM(p...')
#2 C:\Users\yebdi\OneDrive\Documents\devWeb\amd_maj\system\Database\BaseConnection.php(598): CodeIgniter\Database\BaseConnection->simpleQuery('SELECT *, SUM(p...')
#3 C:\Users\yebdi\OneDrive\Documents\devWeb\amd_maj\system\Database\BaseBuilder.php(1455): CodeIgniter\Database\BaseConnection->query('SELECT *, SUM(p...', Array, false)
#4 C:\Users\yebdi\OneDrive\Documents\devWeb\amd_maj\system\Model.php(728): CodeIgniter\Database\BaseBuilder->get()
#5 C:\Users\yebdi\OneDrive\Documents\devWeb\amd_maj\app\Controllers\Home.php(84): CodeIgniter\Model->__call('get', Array)
#6 C:\Users\yebdi\OneDrive\Documents\devWeb\amd_maj\system\CodeIgniter.php(832): App\Controllers\Home->vente()
#7 C:\Users\yebdi\OneDrive\Documents\devWeb\amd_maj\system\CodeIgniter.php(419): CodeIgniter\CodeIgniter->runController(Object(App\Controllers\Home))
#8 C:\Users\yebdi\OneDrive\Documents\devWeb\amd_maj\system\CodeIgniter.php(326): CodeIgniter\CodeIgniter->handleRequest(NULL, Object(Config\Cache), false)
#9 C:\Users\yebdi\OneDrive\Documents\devWeb\amd_maj\public\index.php(37): CodeIgniter\CodeIgniter->run()
#10 C:\Users\yebdi\OneDrive\Documents\devWeb\amd_maj\system\Commands\Server\rewrite.php(43): require_once('C:\\Users\\yebdi\\...')
#11 {main}
ERROR - 2023-01-15 10:06:51 --> Unknown column 'pt' in 'field list'
CRITICAL - 2023-01-15 10:06:51 --> Unknown column 'pt' in 'field list'
#0 C:\Users\yebdi\OneDrive\Documents\devWeb\amd_maj\system\Database\MySQLi\Connection.php(292): mysqli->query('SELECT *, SUM(p...', 0)
#1 C:\Users\yebdi\OneDrive\Documents\devWeb\amd_maj\system\Database\BaseConnection.php(670): CodeIgniter\Database\MySQLi\Connection->execute('SELECT *, SUM(p...')
#2 C:\Users\yebdi\OneDrive\Documents\devWeb\amd_maj\system\Database\BaseConnection.php(598): CodeIgniter\Database\BaseConnection->simpleQuery('SELECT *, SUM(p...')
#3 C:\Users\yebdi\OneDrive\Documents\devWeb\amd_maj\system\Database\BaseBuilder.php(1455): CodeIgniter\Database\BaseConnection->query('SELECT *, SUM(p...', Array, false)
#4 C:\Users\yebdi\OneDrive\Documents\devWeb\amd_maj\system\Model.php(728): CodeIgniter\Database\BaseBuilder->get()
#5 C:\Users\yebdi\OneDrive\Documents\devWeb\amd_maj\app\Controllers\Home.php(84): CodeIgniter\Model->__call('get', Array)
#6 C:\Users\yebdi\OneDrive\Documents\devWeb\amd_maj\system\CodeIgniter.php(832): App\Controllers\Home->vente()
#7 C:\Users\yebdi\OneDrive\Documents\devWeb\amd_maj\system\CodeIgniter.php(419): CodeIgniter\CodeIgniter->runController(Object(App\Controllers\Home))
#8 C:\Users\yebdi\OneDrive\Documents\devWeb\amd_maj\system\CodeIgniter.php(326): CodeIgniter\CodeIgniter->handleRequest(NULL, Object(Config\Cache), false)
#9 C:\Users\yebdi\OneDrive\Documents\devWeb\amd_maj\public\index.php(37): CodeIgniter\CodeIgniter->run()
#10 C:\Users\yebdi\OneDrive\Documents\devWeb\amd_maj\system\Commands\Server\rewrite.php(43): require_once('C:\\Users\\yebdi\\...')
#11 {main}
ERROR - 2023-01-15 10:06:54 --> Unknown column 'pt' in 'field list'
CRITICAL - 2023-01-15 10:06:54 --> Unknown column 'pt' in 'field list'
#0 C:\Users\yebdi\OneDrive\Documents\devWeb\amd_maj\system\Database\MySQLi\Connection.php(292): mysqli->query('SELECT *, SUM(p...', 0)
#1 C:\Users\yebdi\OneDrive\Documents\devWeb\amd_maj\system\Database\BaseConnection.php(670): CodeIgniter\Database\MySQLi\Connection->execute('SELECT *, SUM(p...')
#2 C:\Users\yebdi\OneDrive\Documents\devWeb\amd_maj\system\Database\BaseConnection.php(598): CodeIgniter\Database\BaseConnection->simpleQuery('SELECT *, SUM(p...')
#3 C:\Users\yebdi\OneDrive\Documents\devWeb\amd_maj\system\Database\BaseBuilder.php(1455): CodeIgniter\Database\BaseConnection->query('SELECT *, SUM(p...', Array, false)
#4 C:\Users\yebdi\OneDrive\Documents\devWeb\amd_maj\system\Model.php(728): CodeIgniter\Database\BaseBuilder->get()
#5 C:\Users\yebdi\OneDrive\Documents\devWeb\amd_maj\app\Controllers\Home.php(84): CodeIgniter\Model->__call('get', Array)
#6 C:\Users\yebdi\OneDrive\Documents\devWeb\amd_maj\system\CodeIgniter.php(832): App\Controllers\Home->vente()
#7 C:\Users\yebdi\OneDrive\Documents\devWeb\amd_maj\system\CodeIgniter.php(419): CodeIgniter\CodeIgniter->runController(Object(App\Controllers\Home))
#8 C:\Users\yebdi\OneDrive\Documents\devWeb\amd_maj\system\CodeIgniter.php(326): CodeIgniter\CodeIgniter->handleRequest(NULL, Object(Config\Cache), false)
#9 C:\Users\yebdi\OneDrive\Documents\devWeb\amd_maj\public\index.php(37): CodeIgniter\CodeIgniter->run()
#10 C:\Users\yebdi\OneDrive\Documents\devWeb\amd_maj\system\Commands\Server\rewrite.php(43): require_once('C:\\Users\\yebdi\\...')
#11 {main}
ERROR - 2023-01-15 10:06:55 --> Unknown column 'pt' in 'field list'
CRITICAL - 2023-01-15 10:06:55 --> Unknown column 'pt' in 'field list'
#0 C:\Users\yebdi\OneDrive\Documents\devWeb\amd_maj\system\Database\MySQLi\Connection.php(292): mysqli->query('SELECT *, SUM(p...', 0)
#1 C:\Users\yebdi\OneDrive\Documents\devWeb\amd_maj\system\Database\BaseConnection.php(670): CodeIgniter\Database\MySQLi\Connection->execute('SELECT *, SUM(p...')
#2 C:\Users\yebdi\OneDrive\Documents\devWeb\amd_maj\system\Database\BaseConnection.php(598): CodeIgniter\Database\BaseConnection->simpleQuery('SELECT *, SUM(p...')
#3 C:\Users\yebdi\OneDrive\Documents\devWeb\amd_maj\system\Database\BaseBuilder.php(1455): CodeIgniter\Database\BaseConnection->query('SELECT *, SUM(p...', Array, false)
#4 C:\Users\yebdi\OneDrive\Documents\devWeb\amd_maj\system\Model.php(728): CodeIgniter\Database\BaseBuilder->get()
#5 C:\Users\yebdi\OneDrive\Documents\devWeb\amd_maj\app\Controllers\Home.php(84): CodeIgniter\Model->__call('get', Array)
#6 C:\Users\yebdi\OneDrive\Documents\devWeb\amd_maj\system\CodeIgniter.php(832): App\Controllers\Home->vente()
#7 C:\Users\yebdi\OneDrive\Documents\devWeb\amd_maj\system\CodeIgniter.php(419): CodeIgniter\CodeIgniter->runController(Object(App\Controllers\Home))
#8 C:\Users\yebdi\OneDrive\Documents\devWeb\amd_maj\system\CodeIgniter.php(326): CodeIgniter\CodeIgniter->handleRequest(NULL, Object(Config\Cache), false)
#9 C:\Users\yebdi\OneDrive\Documents\devWeb\amd_maj\public\index.php(37): CodeIgniter\CodeIgniter->run()
#10 C:\Users\yebdi\OneDrive\Documents\devWeb\amd_maj\system\Commands\Server\rewrite.php(43): require_once('C:\\Users\\yebdi\\...')
#11 {main}
ERROR - 2023-01-15 10:07:00 --> Unknown column 'pt' in 'field list'
CRITICAL - 2023-01-15 10:07:00 --> Unknown column 'pt' in 'field list'
#0 C:\Users\yebdi\OneDrive\Documents\devWeb\amd_maj\system\Database\MySQLi\Connection.php(292): mysqli->query('SELECT *, SUM(p...', 0)
#1 C:\Users\yebdi\OneDrive\Documents\devWeb\amd_maj\system\Database\BaseConnection.php(670): CodeIgniter\Database\MySQLi\Connection->execute('SELECT *, SUM(p...')
#2 C:\Users\yebdi\OneDrive\Documents\devWeb\amd_maj\system\Database\BaseConnection.php(598): CodeIgniter\Database\BaseConnection->simpleQuery('SELECT *, SUM(p...')
#3 C:\Users\yebdi\OneDrive\Documents\devWeb\amd_maj\system\Database\BaseBuilder.php(1455): CodeIgniter\Database\BaseConnection->query('SELECT *, SUM(p...', Array, false)
#4 C:\Users\yebdi\OneDrive\Documents\devWeb\amd_maj\system\Model.php(728): CodeIgniter\Database\BaseBuilder->get()
#5 C:\Users\yebdi\OneDrive\Documents\devWeb\amd_maj\app\Controllers\Home.php(84): CodeIgniter\Model->__call('get', Array)
#6 C:\Users\yebdi\OneDrive\Documents\devWeb\amd_maj\system\CodeIgniter.php(832): App\Controllers\Home->vente()
#7 C:\Users\yebdi\OneDrive\Documents\devWeb\amd_maj\system\CodeIgniter.php(419): CodeIgniter\CodeIgniter->runController(Object(App\Controllers\Home))
#8 C:\Users\yebdi\OneDrive\Documents\devWeb\amd_maj\system\CodeIgniter.php(326): CodeIgniter\CodeIgniter->handleRequest(NULL, Object(Config\Cache), false)
#9 C:\Users\yebdi\OneDrive\Documents\devWeb\amd_maj\public\index.php(37): CodeIgniter\CodeIgniter->run()
#10 C:\Users\yebdi\OneDrive\Documents\devWeb\amd_maj\system\Commands\Server\rewrite.php(43): require_once('C:\\Users\\yebdi\\...')
#11 {main}
CRITICAL - 2023-01-15 10:27:59 --> The behavior of unparenthesized expressions containing both '.' and '+'/'-' will change in PHP 8: '+'/'-' will take a higher precedence
#0 C:\Users\yebdi\OneDrive\Documents\devWeb\amd_maj\system\Router\Router.php(518): CodeIgniter\Debug\Exceptions->errorHandler(8192, 'The behavior of...', 'C:\\Users\\yebdi\\...', 261, Array)
#1 C:\Users\yebdi\OneDrive\Documents\devWeb\amd_maj\system\Router\Router.php(518): include_once()
#2 C:\Users\yebdi\OneDrive\Documents\devWeb\amd_maj\system\Router\Router.php(175): CodeIgniter\Router\Router->autoRoute('vente/insert_ve...')
#3 C:\Users\yebdi\OneDrive\Documents\devWeb\amd_maj\system\CodeIgniter.php(726): CodeIgniter\Router\Router->handle('vente/insert_ve...')
#4 C:\Users\yebdi\OneDrive\Documents\devWeb\amd_maj\system\CodeIgniter.php(368): CodeIgniter\CodeIgniter->tryToRouteIt(Object(CodeIgniter\Router\RouteCollection))
#5 C:\Users\yebdi\OneDrive\Documents\devWeb\amd_maj\system\CodeIgniter.php(326): CodeIgniter\CodeIgniter->handleRequest(NULL, Object(Config\Cache), false)
#6 C:\Users\yebdi\OneDrive\Documents\devWeb\amd_maj\public\index.php(37): CodeIgniter\CodeIgniter->run()
#7 C:\Users\yebdi\OneDrive\Documents\devWeb\amd_maj\system\Commands\Server\rewrite.php(43): require_once('C:\\Users\\yebdi\\...')
#8 {main}
CRITICAL - 2023-01-15 10:28:29 --> The behavior of unparenthesized expressions containing both '.' and '+'/'-' will change in PHP 8: '+'/'-' will take a higher precedence
#0 C:\Users\yebdi\OneDrive\Documents\devWeb\amd_maj\system\Router\Router.php(518): CodeIgniter\Debug\Exceptions->errorHandler(8192, 'The behavior of...', 'C:\\Users\\yebdi\\...', 261, Array)
#1 C:\Users\yebdi\OneDrive\Documents\devWeb\amd_maj\system\Router\Router.php(518): include_once()
#2 C:\Users\yebdi\OneDrive\Documents\devWeb\amd_maj\system\Router\Router.php(175): CodeIgniter\Router\Router->autoRoute('vente/insert_ve...')
#3 C:\Users\yebdi\OneDrive\Documents\devWeb\amd_maj\system\CodeIgniter.php(726): CodeIgniter\Router\Router->handle('vente/insert_ve...')
#4 C:\Users\yebdi\OneDrive\Documents\devWeb\amd_maj\system\CodeIgniter.php(368): CodeIgniter\CodeIgniter->tryToRouteIt(Object(CodeIgniter\Router\RouteCollection))
#5 C:\Users\yebdi\OneDrive\Documents\devWeb\amd_maj\system\CodeIgniter.php(326): CodeIgniter\CodeIgniter->handleRequest(NULL, Object(Config\Cache), false)
#6 C:\Users\yebdi\OneDrive\Documents\devWeb\amd_maj\public\index.php(37): CodeIgniter\CodeIgniter->run()
#7 C:\Users\yebdi\OneDrive\Documents\devWeb\amd_maj\system\Commands\Server\rewrite.php(43): require_once('C:\\Users\\yebdi\\...')
#8 {main}
CRITICAL - 2023-01-15 10:36:01 --> The behavior of unparenthesized expressions containing both '.' and '+'/'-' will change in PHP 8: '+'/'-' will take a higher precedence
#0 C:\Users\yebdi\OneDrive\Documents\devWeb\amd_maj\system\Router\Router.php(518): CodeIgniter\Debug\Exceptions->errorHandler(8192, 'The behavior of...', 'C:\\Users\\yebdi\\...', 257, Array)
#1 C:\Users\yebdi\OneDrive\Documents\devWeb\amd_maj\system\Router\Router.php(518): include_once()
#2 C:\Users\yebdi\OneDrive\Documents\devWeb\amd_maj\system\Router\Router.php(175): CodeIgniter\Router\Router->autoRoute('vente/insert')
#3 C:\Users\yebdi\OneDrive\Documents\devWeb\amd_maj\system\CodeIgniter.php(726): CodeIgniter\Router\Router->handle('vente/insert')
#4 C:\Users\yebdi\OneDrive\Documents\devWeb\amd_maj\system\CodeIgniter.php(368): CodeIgniter\CodeIgniter->tryToRouteIt(Object(CodeIgniter\Router\RouteCollection))
#5 C:\Users\yebdi\OneDrive\Documents\devWeb\amd_maj\system\CodeIgniter.php(326): CodeIgniter\CodeIgniter->handleRequest(NULL, Object(Config\Cache), false)
#6 C:\Users\yebdi\OneDrive\Documents\devWeb\amd_maj\public\index.php(37): CodeIgniter\CodeIgniter->run()
#7 C:\Users\yebdi\OneDrive\Documents\devWeb\amd_maj\system\Commands\Server\rewrite.php(43): require_once('C:\\Users\\yebdi\\...')
#8 {main}
ERROR - 2023-01-15 10:37:07 --> Unknown column 'mb' in 'field list'
CRITICAL - 2023-01-15 10:37:07 --> Unknown column 'mb' in 'field list'
#0 C:\Users\yebdi\OneDrive\Documents\devWeb\amd_maj\system\Database\MySQLi\Connection.php(292): mysqli->query('INSERT INTO `tb...', 0)
#1 C:\Users\yebdi\OneDrive\Documents\devWeb\amd_maj\system\Database\BaseConnection.php(670): CodeIgniter\Database\MySQLi\Connection->execute('INSERT INTO `tb...')
#2 C:\Users\yebdi\OneDrive\Documents\devWeb\amd_maj\system\Database\BaseConnection.php(598): CodeIgniter\Database\BaseConnection->simpleQuery('INSERT INTO `tb...')
#3 C:\Users\yebdi\OneDrive\Documents\devWeb\amd_maj\system\Database\BaseBuilder.php(1771): CodeIgniter\Database\BaseConnection->query('INSERT INTO `tb...', Array, false)
#4 C:\Users\yebdi\OneDrive\Documents\devWeb\amd_maj\system\Model.php(239): CodeIgniter\Database\BaseBuilder->insert()
#5 C:\Users\yebdi\OneDrive\Documents\devWeb\amd_maj\system\BaseModel.php(738): CodeIgniter\Model->doInsert(Array)
#6 C:\Users\yebdi\OneDrive\Documents\devWeb\amd_maj\system\Model.php(625): CodeIgniter\BaseModel->insert(Array, true)
#7 C:\Users\yebdi\OneDrive\Documents\devWeb\amd_maj\app\Controllers\Vente.php(147): CodeIgniter\Model->insert(Array)
#8 C:\Users\yebdi\OneDrive\Documents\devWeb\amd_maj\system\CodeIgniter.php(832): App\Controllers\Vente->insert()
#9 C:\Users\yebdi\OneDrive\Documents\devWeb\amd_maj\system\CodeIgniter.php(419): CodeIgniter\CodeIgniter->runController(Object(App\Controllers\Vente))
#10 C:\Users\yebdi\OneDrive\Documents\devWeb\amd_maj\system\CodeIgniter.php(326): CodeIgniter\CodeIgniter->handleRequest(NULL, Object(Config\Cache), false)
#11 C:\Users\yebdi\OneDrive\Documents\devWeb\amd_maj\public\index.php(37): CodeIgniter\CodeIgniter->run()
#12 C:\Users\yebdi\OneDrive\Documents\devWeb\amd_maj\system\Commands\Server\rewrite.php(43): require_once('C:\\Users\\yebdi\\...')
#13 {main}
CRITICAL - 2023-01-15 10:38:27 --> Call to undefined method App\Models\VenteModel::last_event
#0 C:\Users\yebdi\OneDrive\Documents\devWeb\amd_maj\app\Controllers\Vente.php(149): CodeIgniter\Model->__call('last_event', Array)
#1 C:\Users\yebdi\OneDrive\Documents\devWeb\amd_maj\system\CodeIgniter.php(832): App\Controllers\Vente->insert()
#2 C:\Users\yebdi\OneDrive\Documents\devWeb\amd_maj\system\CodeIgniter.php(419): CodeIgniter\CodeIgniter->runController(Object(App\Controllers\Vente))
#3 C:\Users\yebdi\OneDrive\Documents\devWeb\amd_maj\system\CodeIgniter.php(326): CodeIgniter\CodeIgniter->handleRequest(NULL, Object(Config\Cache), false)
#4 C:\Users\yebdi\OneDrive\Documents\devWeb\amd_maj\public\index.php(37): CodeIgniter\CodeIgniter->run()
#5 C:\Users\yebdi\OneDrive\Documents\devWeb\amd_maj\system\Commands\Server\rewrite.php(43): require_once('C:\\Users\\yebdi\\...')
#6 {main}
ERROR - 2023-01-15 11:00:49 --> Unknown column 'tbl_vente.montant' in 'field list'
CRITICAL - 2023-01-15 11:00:49 --> Unknown column 'tbl_vente.montant' in 'field list'
#0 C:\Users\yebdi\OneDrive\Documents\devWeb\amd_maj\system\Database\MySQLi\Connection.php(292): mysqli->query('SELECT *, `tbl_...', 0)
#1 C:\Users\yebdi\OneDrive\Documents\devWeb\amd_maj\system\Database\BaseConnection.php(670): CodeIgniter\Database\MySQLi\Connection->execute('SELECT *, `tbl_...')
#2 C:\Users\yebdi\OneDrive\Documents\devWeb\amd_maj\system\Database\BaseConnection.php(598): CodeIgniter\Database\BaseConnection->simpleQuery('SELECT *, `tbl_...')
#3 C:\Users\yebdi\OneDrive\Documents\devWeb\amd_maj\system\Database\BaseBuilder.php(1455): CodeIgniter\Database\BaseConnection->query('SELECT *, `tbl_...', Array, false)
#4 C:\Users\yebdi\OneDrive\Documents\devWeb\amd_maj\app\Models\VenteModel.php(66): CodeIgniter\Database\BaseBuilder->get()
#5 C:\Users\yebdi\OneDrive\Documents\devWeb\amd_maj\app\Controllers\Vente.php(23): App\Models\VenteModel->getAll()
#6 C:\Users\yebdi\OneDrive\Documents\devWeb\amd_maj\system\CodeIgniter.php(832): App\Controllers\Vente->fetch_vente()
#7 C:\Users\yebdi\OneDrive\Documents\devWeb\amd_maj\system\CodeIgniter.php(419): CodeIgniter\CodeIgniter->runController(Object(App\Controllers\Vente))
#8 C:\Users\yebdi\OneDrive\Documents\devWeb\amd_maj\system\CodeIgniter.php(326): CodeIgniter\CodeIgniter->handleRequest(NULL, Object(Config\Cache), false)
#9 C:\Users\yebdi\OneDrive\Documents\devWeb\amd_maj\public\index.php(37): CodeIgniter\CodeIgniter->run()
#10 C:\Users\yebdi\OneDrive\Documents\devWeb\amd_maj\system\Commands\Server\rewrite.php(43): require_once('C:\\Users\\yebdi\\...')
#11 {main}
ERROR - 2023-01-15 11:06:07 --> You have an error in your SQL syntax; check the manual that corresponds to your MariaDB server version for the right syntax to use near '.`titre` as `article`, `tbl_vente`.`id` as `id_vente`
FROM `tbl_vente`
JOIN `...' at line 1
CRITICAL - 2023-01-15 11:06:07 --> You have an error in your SQL syntax; check the manual that corresponds to your MariaDB server version for the right syntax to use near '.`titre` as `article`, `tbl_vente`.`id` as `id_vente`
FROM `tbl_vente`
JOIN `...' at line 1
#0 C:\Users\yebdi\OneDrive\Documents\devWeb\amd_maj\system\Database\MySQLi\Connection.php(292): mysqli->query('SELECT *, `tbl_...', 0)
#1 C:\Users\yebdi\OneDrive\Documents\devWeb\amd_maj\system\Database\BaseConnection.php(670): CodeIgniter\Database\MySQLi\Connection->execute('SELECT *, `tbl_...')
#2 C:\Users\yebdi\OneDrive\Documents\devWeb\amd_maj\system\Database\BaseConnection.php(598): CodeIgniter\Database\BaseConnection->simpleQuery('SELECT *, `tbl_...')
#3 C:\Users\yebdi\OneDrive\Documents\devWeb\amd_maj\system\Database\BaseBuilder.php(1455): CodeIgniter\Database\BaseConnection->query('SELECT *, `tbl_...', Array, false)
#4 C:\Users\yebdi\OneDrive\Documents\devWeb\amd_maj\app\Models\VenteModel.php(66): CodeIgniter\Database\BaseBuilder->get()
#5 C:\Users\yebdi\OneDrive\Documents\devWeb\amd_maj\app\Controllers\Vente.php(23): App\Models\VenteModel->getAll()
#6 C:\Users\yebdi\OneDrive\Documents\devWeb\amd_maj\system\CodeIgniter.php(832): App\Controllers\Vente->fetch_vente()
#7 C:\Users\yebdi\OneDrive\Documents\devWeb\amd_maj\system\CodeIgniter.php(419): CodeIgniter\CodeIgniter->runController(Object(App\Controllers\Vente))
#8 C:\Users\yebdi\OneDrive\Documents\devWeb\amd_maj\system\CodeIgniter.php(326): CodeIgniter\CodeIgniter->handleRequest(NULL, Object(Config\Cache), false)
#9 C:\Users\yebdi\OneDrive\Documents\devWeb\amd_maj\public\index.php(37): CodeIgniter\CodeIgniter->run()
#10 C:\Users\yebdi\OneDrive\Documents\devWeb\amd_maj\system\Commands\Server\rewrite.php(43): require_once('C:\\Users\\yebdi\\...')
#11 {main}
ERROR - 2023-01-15 11:06:35 --> Unknown column 'tbl_vente.prix * tbl_vente.qte' in 'field list'
CRITICAL - 2023-01-15 11:06:35 --> Unknown column 'tbl_vente.prix * tbl_vente.qte' in 'field list'
#0 C:\Users\yebdi\OneDrive\Documents\devWeb\amd_maj\system\Database\MySQLi\Connection.php(292): mysqli->query('SELECT *, `tbl_...', 0)
#1 C:\Users\yebdi\OneDrive\Documents\devWeb\amd_maj\system\Database\BaseConnection.php(670): CodeIgniter\Database\MySQLi\Connection->execute('SELECT *, `tbl_...')
#2 C:\Users\yebdi\OneDrive\Documents\devWeb\amd_maj\system\Database\BaseConnection.php(598): CodeIgniter\Database\BaseConnection->simpleQuery('SELECT *, `tbl_...')
#3 C:\Users\yebdi\OneDrive\Documents\devWeb\amd_maj\system\Database\BaseBuilder.php(1455): CodeIgniter\Database\BaseConnection->query('SELECT *, `tbl_...', Array, false)
#4 C:\Users\yebdi\OneDrive\Documents\devWeb\amd_maj\app\Models\VenteModel.php(66): CodeIgniter\Database\BaseBuilder->get()
#5 C:\Users\yebdi\OneDrive\Documents\devWeb\amd_maj\app\Controllers\Vente.php(23): App\Models\VenteModel->getAll()
#6 C:\Users\yebdi\OneDrive\Documents\devWeb\amd_maj\system\CodeIgniter.php(832): App\Controllers\Vente->fetch_vente()
#7 C:\Users\yebdi\OneDrive\Documents\devWeb\amd_maj\system\CodeIgniter.php(419): CodeIgniter\CodeIgniter->runController(Object(App\Controllers\Vente))
#8 C:\Users\yebdi\OneDrive\Documents\devWeb\amd_maj\system\CodeIgniter.php(326): CodeIgniter\CodeIgniter->handleRequest(NULL, Object(Config\Cache), false)
#9 C:\Users\yebdi\OneDrive\Documents\devWeb\amd_maj\public\index.php(37): CodeIgniter\CodeIgniter->run()
#10 C:\Users\yebdi\OneDrive\Documents\devWeb\amd_maj\system\Commands\Server\rewrite.php(43): require_once('C:\\Users\\yebdi\\...')
#11 {main}
ERROR - 2023-01-15 11:10:36 --> Cannot add or update a child row: a foreign key constraint fails (`gestion`.`tbl_vente`, CONSTRAINT `tbl_vente_ibfk_2` FOREIGN KEY (`id_client`) REFERENCES `tbl_client` (`id`))
CRITICAL - 2023-01-15 11:10:36 --> Cannot add or update a child row: a foreign key constraint fails (`gestion`.`tbl_vente`, CONSTRAINT `tbl_vente_ibfk_2` FOREIGN KEY (`id_client`) REFERENCES `tbl_client` (`id`))
#0 C:\Users\yebdi\OneDrive\Documents\devWeb\amd_maj\system\Database\MySQLi\Connection.php(292): mysqli->query('INSERT INTO `tb...', 0)
#1 C:\Users\yebdi\OneDrive\Documents\devWeb\amd_maj\system\Database\BaseConnection.php(670): CodeIgniter\Database\MySQLi\Connection->execute('INSERT INTO `tb...')
#2 C:\Users\yebdi\OneDrive\Documents\devWeb\amd_maj\system\Database\BaseConnection.php(598): CodeIgniter\Database\BaseConnection->simpleQuery('INSERT INTO `tb...')
#3 C:\Users\yebdi\OneDrive\Documents\devWeb\amd_maj\system\Database\BaseBuilder.php(1771): CodeIgniter\Database\BaseConnection->query('INSERT INTO `tb...', Array, false)
#4 C:\Users\yebdi\OneDrive\Documents\devWeb\amd_maj\system\Model.php(239): CodeIgniter\Database\BaseBuilder->insert()
#5 C:\Users\yebdi\OneDrive\Documents\devWeb\amd_maj\system\BaseModel.php(738): CodeIgniter\Model->doInsert(Array)
#6 C:\Users\yebdi\OneDrive\Documents\devWeb\amd_maj\system\Model.php(625): CodeIgniter\BaseModel->insert(Array, true)
#7 C:\Users\yebdi\OneDrive\Documents\devWeb\amd_maj\app\Controllers\Vente.php(146): CodeIgniter\Model->insert(Array)
#8 C:\Users\yebdi\OneDrive\Documents\devWeb\amd_maj\system\CodeIgniter.php(832): App\Controllers\Vente->insert()
#9 C:\Users\yebdi\OneDrive\Documents\devWeb\amd_maj\system\CodeIgniter.php(419): CodeIgniter\CodeIgniter->runController(Object(App\Controllers\Vente))
#10 C:\Users\yebdi\OneDrive\Documents\devWeb\amd_maj\system\CodeIgniter.php(326): CodeIgniter\CodeIgniter->handleRequest(NULL, Object(Config\Cache), false)
#11 C:\Users\yebdi\OneDrive\Documents\devWeb\amd_maj\public\index.php(37): CodeIgniter\CodeIgniter->run()
#12 C:\Users\yebdi\OneDrive\Documents\devWeb\amd_maj\system\Commands\Server\rewrite.php(43): require_once('C:\\Users\\yebdi\\...')
#13 {main}
ERROR - 2023-01-15 11:11:12 --> Cannot add or update a child row: a foreign key constraint fails (`gestion`.`tbl_vente`, CONSTRAINT `tbl_vente_ibfk_2` FOREIGN KEY (`id_client`) REFERENCES `tbl_client` (`id`))
CRITICAL - 2023-01-15 11:11:12 --> Cannot add or update a child row: a foreign key constraint fails (`gestion`.`tbl_vente`, CONSTRAINT `tbl_vente_ibfk_2` FOREIGN KEY (`id_client`) REFERENCES `tbl_client` (`id`))
#0 C:\Users\yebdi\OneDrive\Documents\devWeb\amd_maj\system\Database\MySQLi\Connection.php(292): mysqli->query('INSERT INTO `tb...', 0)
#1 C:\Users\yebdi\OneDrive\Documents\devWeb\amd_maj\system\Database\BaseConnection.php(670): CodeIgniter\Database\MySQLi\Connection->execute('INSERT INTO `tb...')
#2 C:\Users\yebdi\OneDrive\Documents\devWeb\amd_maj\system\Database\BaseConnection.php(598): CodeIgniter\Database\BaseConnection->simpleQuery('INSERT INTO `tb...')
#3 C:\Users\yebdi\OneDrive\Documents\devWeb\amd_maj\system\Database\BaseBuilder.php(1771): CodeIgniter\Database\BaseConnection->query('INSERT INTO `tb...', Array, false)
#4 C:\Users\yebdi\OneDrive\Documents\devWeb\amd_maj\system\Model.php(239): CodeIgniter\Database\BaseBuilder->insert()
#5 C:\Users\yebdi\OneDrive\Documents\devWeb\amd_maj\system\BaseModel.php(738): CodeIgniter\Model->doInsert(Array)
#6 C:\Users\yebdi\OneDrive\Documents\devWeb\amd_maj\system\Model.php(625): CodeIgniter\BaseModel->insert(Array, true)
#7 C:\Users\yebdi\OneDrive\Documents\devWeb\amd_maj\app\Controllers\Vente.php(146): CodeIgniter\Model->insert(Array)
#8 C:\Users\yebdi\OneDrive\Documents\devWeb\amd_maj\system\CodeIgniter.php(832): App\Controllers\Vente->insert()
#9 C:\Users\yebdi\OneDrive\Documents\devWeb\amd_maj\system\CodeIgniter.php(419): CodeIgniter\CodeIgniter->runController(Object(App\Controllers\Vente))
#10 C:\Users\yebdi\OneDrive\Documents\devWeb\amd_maj\system\CodeIgniter.php(326): CodeIgniter\CodeIgniter->handleRequest(NULL, Object(Config\Cache), false)
#11 C:\Users\yebdi\OneDrive\Documents\devWeb\amd_maj\public\index.php(37): CodeIgniter\CodeIgniter->run()
#12 C:\Users\yebdi\OneDrive\Documents\devWeb\amd_maj\system\Commands\Server\rewrite.php(43): require_once('C:\\Users\\yebdi\\...')
#13 {main}
CRITICAL - 2023-01-15 11:33:13 --> Array to string conversion
#0 C:\Users\yebdi\OneDrive\Documents\devWeb\amd_maj\app\Controllers\Vente.php(196): CodeIgniter\Debug\Exceptions->errorHandler(8, 'Array to string...', 'C:\\Users\\yebdi\\...', 196, Array)
#1 C:\Users\yebdi\OneDrive\Documents\devWeb\amd_maj\system\CodeIgniter.php(832): App\Controllers\Vente->insert()
#2 C:\Users\yebdi\OneDrive\Documents\devWeb\amd_maj\system\CodeIgniter.php(419): CodeIgniter\CodeIgniter->runController(Object(App\Controllers\Vente))
#3 C:\Users\yebdi\OneDrive\Documents\devWeb\amd_maj\system\CodeIgniter.php(326): CodeIgniter\CodeIgniter->handleRequest(NULL, Object(Config\Cache), false)
#4 C:\Users\yebdi\OneDrive\Documents\devWeb\amd_maj\public\index.php(37): CodeIgniter\CodeIgniter->run()
#5 C:\Users\yebdi\OneDrive\Documents\devWeb\amd_maj\system\Commands\Server\rewrite.php(43): require_once('C:\\Users\\yebdi\\...')
#6 {main}
CRITICAL - 2023-01-15 11:36:02 --> Trying to access array offset on value of type null
#0 C:\Users\yebdi\OneDrive\Documents\devWeb\amd_maj\app\Controllers\Vente.php(197): CodeIgniter\Debug\Exceptions->errorHandler(8, 'Trying to acces...', 'C:\\Users\\yebdi\\...', 197, Array)
#1 C:\Users\yebdi\OneDrive\Documents\devWeb\amd_maj\system\CodeIgniter.php(832): App\Controllers\Vente->insert()
#2 C:\Users\yebdi\OneDrive\Documents\devWeb\amd_maj\system\CodeIgniter.php(419): CodeIgniter\CodeIgniter->runController(Object(App\Controllers\Vente))
#3 C:\Users\yebdi\OneDrive\Documents\devWeb\amd_maj\system\CodeIgniter.php(326): CodeIgniter\CodeIgniter->handleRequest(NULL, Object(Config\Cache), false)
#4 C:\Users\yebdi\OneDrive\Documents\devWeb\amd_maj\public\index.php(37): CodeIgniter\CodeIgniter->run()
#5 C:\Users\yebdi\OneDrive\Documents\devWeb\amd_maj\system\Commands\Server\rewrite.php(43): require_once('C:\\Users\\yebdi\\...')
#6 {main}
CRITICAL - 2023-01-15 11:36:43 --> Trying to access array offset on value of type null
#0 C:\Users\yebdi\OneDrive\Documents\devWeb\amd_maj\app\Controllers\Vente.php(197): CodeIgniter\Debug\Exceptions->errorHandler(8, 'Trying to acces...', 'C:\\Users\\yebdi\\...', 197, Array)
#1 C:\Users\yebdi\OneDrive\Documents\devWeb\amd_maj\system\CodeIgniter.php(832): App\Controllers\Vente->insert()
#2 C:\Users\yebdi\OneDrive\Documents\devWeb\amd_maj\system\CodeIgniter.php(419): CodeIgniter\CodeIgniter->runController(Object(App\Controllers\Vente))
#3 C:\Users\yebdi\OneDrive\Documents\devWeb\amd_maj\system\CodeIgniter.php(326): CodeIgniter\CodeIgniter->handleRequest(NULL, Object(Config\Cache), false)
#4 C:\Users\yebdi\OneDrive\Documents\devWeb\amd_maj\public\index.php(37): CodeIgniter\CodeIgniter->run()
#5 C:\Users\yebdi\OneDrive\Documents\devWeb\amd_maj\system\Commands\Server\rewrite.php(43): require_once('C:\\Users\\yebdi\\...')
#6 {main}
ERROR - 2023-01-15 12:11:12 --> Unknown column 'tbl_perte.montant_perdu' in 'field list'
CRITICAL - 2023-01-15 12:11:12 --> Unknown column 'tbl_perte.montant_perdu' in 'field list'
#0 C:\Users\yebdi\OneDrive\Documents\devWeb\amd_maj\system\Database\MySQLi\Connection.php(292): mysqli->query('SELECT *, `tbl_...', 0)
#1 C:\Users\yebdi\OneDrive\Documents\devWeb\amd_maj\system\Database\BaseConnection.php(670): CodeIgniter\Database\MySQLi\Connection->execute('SELECT *, `tbl_...')
#2 C:\Users\yebdi\OneDrive\Documents\devWeb\amd_maj\system\Database\BaseConnection.php(598): CodeIgniter\Database\BaseConnection->simpleQuery('SELECT *, `tbl_...')
#3 C:\Users\yebdi\OneDrive\Documents\devWeb\amd_maj\system\Database\BaseBuilder.php(1455): CodeIgniter\Database\BaseConnection->query('SELECT *, `tbl_...', Array, false)
#4 C:\Users\yebdi\OneDrive\Documents\devWeb\amd_maj\app\Models\PerteModel.php(19): CodeIgniter\Database\BaseBuilder->get()
#5 C:\Users\yebdi\OneDrive\Documents\devWeb\amd_maj\app\Controllers\Perte.php(19): App\Models\PerteModel->getAll()
#6 C:\Users\yebdi\OneDrive\Documents\devWeb\amd_maj\system\CodeIgniter.php(832): App\Controllers\Perte->fetch_perte()
#7 C:\Users\yebdi\OneDrive\Documents\devWeb\amd_maj\system\CodeIgniter.php(419): CodeIgniter\CodeIgniter->runController(Object(App\Controllers\Perte))
#8 C:\Users\yebdi\OneDrive\Documents\devWeb\amd_maj\system\CodeIgniter.php(326): CodeIgniter\CodeIgniter->handleRequest(NULL, Object(Config\Cache), false)
#9 C:\Users\yebdi\OneDrive\Documents\devWeb\amd_maj\public\index.php(37): CodeIgniter\CodeIgniter->run()
#10 C:\Users\yebdi\OneDrive\Documents\devWeb\amd_maj\system\Commands\Server\rewrite.php(43): require_once('C:\\Users\\yebdi\\...')
#11 {main}
