CRITICAL - 2022-11-26 13:38:10 --> Invalid file: vente.php
#0 C:\Users\yebdi\OneDrive\Documents\devWeb\amd_maj\system\View\View.php(198): CodeIgniter\Exceptions\FrameworkException::forInvalidFile('vente.php')
#1 C:\Users\yebdi\OneDrive\Documents\devWeb\amd_maj\system\Common.php(1089): CodeIgniter\View\View->render('vente', Array, true)
#2 C:\Users\yebdi\OneDrive\Documents\devWeb\amd_maj\app\Controllers\Home.php(65): view('vente', Array)
#3 C:\Users\yebdi\OneDrive\Documents\devWeb\amd_maj\system\CodeIgniter.php(832): App\Controllers\Home->vente()
#4 C:\Users\yebdi\OneDrive\Documents\devWeb\amd_maj\system\CodeIgniter.php(419): CodeIgniter\CodeIgniter->runController(Object(App\Controllers\Home))
#5 C:\Users\yebdi\OneDrive\Documents\devWeb\amd_maj\system\CodeIgniter.php(326): CodeIgniter\CodeIgniter->handleRequest(NULL, Object(Config\Cache), false)
#6 C:\Users\yebdi\OneDrive\Documents\devWeb\amd_maj\public\index.php(37): CodeIgniter\CodeIgniter->run()
#7 C:\Users\yebdi\OneDrive\Documents\devWeb\amd_maj\system\Commands\Server\rewrite.php(43): require_once('C:\\Users\\yebdi\\...')
#8 {main}
CRITICAL - 2022-11-26 13:44:06 --> Undefined variable: vente_mois
#0 C:\Users\yebdi\OneDrive\Documents\devWeb\amd_maj\app\Views\vente.php(23): CodeIgniter\Debug\Exceptions->errorHandler(8, 'Undefined varia...', 'C:\\Users\\yebdi\\...', 23, Array)
#1 C:\Users\yebdi\OneDrive\Documents\devWeb\amd_maj\system\View\View.php(210): include('C:\\Users\\yebdi\\...')
#2 C:\Users\yebdi\OneDrive\Documents\devWeb\amd_maj\system\View\View.php(213): CodeIgniter\View\View->CodeIgniter\View\{closure}()
#3 C:\Users\yebdi\OneDrive\Documents\devWeb\amd_maj\system\Common.php(1089): CodeIgniter\View\View->render('vente', Array, true)
#4 C:\Users\yebdi\OneDrive\Documents\devWeb\amd_maj\app\Controllers\Home.php(65): view('vente', Array)
#5 C:\Users\yebdi\OneDrive\Documents\devWeb\amd_maj\system\CodeIgniter.php(832): App\Controllers\Home->vente()
#6 C:\Users\yebdi\OneDrive\Documents\devWeb\amd_maj\system\CodeIgniter.php(419): CodeIgniter\CodeIgniter->runController(Object(App\Controllers\Home))
#7 C:\Users\yebdi\OneDrive\Documents\devWeb\amd_maj\system\CodeIgniter.php(326): CodeIgniter\CodeIgniter->handleRequest(NULL, Object(Config\Cache), false)
#8 C:\Users\yebdi\OneDrive\Documents\devWeb\amd_maj\public\index.php(37): CodeIgniter\CodeIgniter->run()
#9 C:\Users\yebdi\OneDrive\Documents\devWeb\amd_maj\system\Commands\Server\rewrite.php(43): require_once('C:\\Users\\yebdi\\...')
#10 {main}
CRITICAL - 2022-11-26 13:45:01 --> Undefined variable: vente_mois
#0 C:\Users\yebdi\OneDrive\Documents\devWeb\amd_maj\app\Views\vente.php(23): CodeIgniter\Debug\Exceptions->errorHandler(8, 'Undefined varia...', 'C:\\Users\\yebdi\\...', 23, Array)
#1 C:\Users\yebdi\OneDrive\Documents\devWeb\amd_maj\system\View\View.php(210): include('C:\\Users\\yebdi\\...')
#2 C:\Users\yebdi\OneDrive\Documents\devWeb\amd_maj\system\View\View.php(213): CodeIgniter\View\View->CodeIgniter\View\{closure}()
#3 C:\Users\yebdi\OneDrive\Documents\devWeb\amd_maj\system\Common.php(1089): CodeIgniter\View\View->render('vente', Array, true)
#4 C:\Users\yebdi\OneDrive\Documents\devWeb\amd_maj\app\Controllers\Home.php(65): view('vente', Array)
#5 C:\Users\yebdi\OneDrive\Documents\devWeb\amd_maj\system\CodeIgniter.php(832): App\Controllers\Home->vente()
#6 C:\Users\yebdi\OneDrive\Documents\devWeb\amd_maj\system\CodeIgniter.php(419): CodeIgniter\CodeIgniter->runController(Object(App\Controllers\Home))
#7 C:\Users\yebdi\OneDrive\Documents\devWeb\amd_maj\system\CodeIgniter.php(326): CodeIgniter\CodeIgniter->handleRequest(NULL, Object(Config\Cache), false)
#8 C:\Users\yebdi\OneDrive\Documents\devWeb\amd_maj\public\index.php(37): CodeIgniter\CodeIgniter->run()
#9 C:\Users\yebdi\OneDrive\Documents\devWeb\amd_maj\system\Commands\Server\rewrite.php(43): require_once('C:\\Users\\yebdi\\...')
#10 {main}
