CRITICAL - 2023-01-08 13:17:40 --> Undefined variable: subtitle
#0 C:\Users\yebdi\OneDrive\Documents\devWeb\amd_maj\app\Views\partials\page-title.php(11): CodeIgniter\Debug\Exceptions->errorHandler(8, 'Undefined varia...', 'C:\\Users\\yebdi\\...', 11, Array)
#1 C:\Users\yebdi\OneDrive\Documents\devWeb\amd_maj\system\View\View.php(210): include('C:\\Users\\yebdi\\...')
#2 C:\Users\yebdi\OneDrive\Documents\devWeb\amd_maj\system\View\View.php(213): CodeIgniter\View\View->CodeIgniter\View\{closure}()
#3 C:\Users\yebdi\OneDrive\Documents\devWeb\amd_maj\system\View\View.php(424): CodeIgniter\View\View->render('partials/page-t...', NULL, true)
#4 C:\Users\yebdi\OneDrive\Documents\devWeb\amd_maj\app\Views\categorie.php(35): CodeIgniter\View\View->include('partials/page-t...')
#5 C:\Users\yebdi\OneDrive\Documents\devWeb\amd_maj\system\View\View.php(210): include('C:\\Users\\yebdi\\...')
#6 C:\Users\yebdi\OneDrive\Documents\devWeb\amd_maj\system\View\View.php(213): CodeIgniter\View\View->CodeIgniter\View\{closure}()
#7 C:\Users\yebdi\OneDrive\Documents\devWeb\amd_maj\system\Common.php(1089): CodeIgniter\View\View->render('categorie', Array, true)
#8 C:\Users\yebdi\OneDrive\Documents\devWeb\amd_maj\app\Controllers\Home.php(42): view('categorie', Array)
#9 C:\Users\yebdi\OneDrive\Documents\devWeb\amd_maj\system\CodeIgniter.php(832): App\Controllers\Home->category()
#10 C:\Users\yebdi\OneDrive\Documents\devWeb\amd_maj\system\CodeIgniter.php(419): CodeIgniter\CodeIgniter->runController(Object(App\Controllers\Home))
#11 C:\Users\yebdi\OneDrive\Documents\devWeb\amd_maj\system\CodeIgniter.php(326): CodeIgniter\CodeIgniter->handleRequest(NULL, Object(Config\Cache), false)
#12 C:\Users\yebdi\OneDrive\Documents\devWeb\amd_maj\public\index.php(37): CodeIgniter\CodeIgniter->run()
#13 C:\Users\yebdi\OneDrive\Documents\devWeb\amd_maj\system\Commands\Server\rewrite.php(43): require_once('C:\\Users\\yebdi\\...')
#14 {main}
CRITICAL - 2023-01-08 13:33:43 --> There is no data to insert.
#0 C:\Users\yebdi\OneDrive\Documents\devWeb\amd_maj\system\BaseModel.php(718): CodeIgniter\Database\Exceptions\DataException::forEmptyDataset('insert')
#1 C:\Users\yebdi\OneDrive\Documents\devWeb\amd_maj\system\Model.php(625): CodeIgniter\BaseModel->insert(Array, false)
#2 C:\Users\yebdi\OneDrive\Documents\devWeb\amd_maj\system\BaseModel.php(658): CodeIgniter\Model->insert(Array, false)
#3 C:\Users\yebdi\OneDrive\Documents\devWeb\amd_maj\app\Controllers\Category.php(56): CodeIgniter\BaseModel->save(Array)
#4 C:\Users\yebdi\OneDrive\Documents\devWeb\amd_maj\system\CodeIgniter.php(832): App\Controllers\Category->insert()
#5 C:\Users\yebdi\OneDrive\Documents\devWeb\amd_maj\system\CodeIgniter.php(419): CodeIgniter\CodeIgniter->runController(Object(App\Controllers\Category))
#6 C:\Users\yebdi\OneDrive\Documents\devWeb\amd_maj\system\CodeIgniter.php(326): CodeIgniter\CodeIgniter->handleRequest(NULL, Object(Config\Cache), false)
#7 C:\Users\yebdi\OneDrive\Documents\devWeb\amd_maj\public\index.php(37): CodeIgniter\CodeIgniter->run()
#8 C:\Users\yebdi\OneDrive\Documents\devWeb\amd_maj\system\Commands\Server\rewrite.php(43): require_once('C:\\Users\\yebdi\\...')
#9 {main}
CRITICAL - 2023-01-08 13:33:59 --> There is no data to insert.
#0 C:\Users\yebdi\OneDrive\Documents\devWeb\amd_maj\system\BaseModel.php(718): CodeIgniter\Database\Exceptions\DataException::forEmptyDataset('insert')
#1 C:\Users\yebdi\OneDrive\Documents\devWeb\amd_maj\system\Model.php(625): CodeIgniter\BaseModel->insert(Array, false)
#2 C:\Users\yebdi\OneDrive\Documents\devWeb\amd_maj\system\BaseModel.php(658): CodeIgniter\Model->insert(Array, false)
#3 C:\Users\yebdi\OneDrive\Documents\devWeb\amd_maj\app\Controllers\Category.php(56): CodeIgniter\BaseModel->save(Array)
#4 C:\Users\yebdi\OneDrive\Documents\devWeb\amd_maj\system\CodeIgniter.php(832): App\Controllers\Category->insert()
#5 C:\Users\yebdi\OneDrive\Documents\devWeb\amd_maj\system\CodeIgniter.php(419): CodeIgniter\CodeIgniter->runController(Object(App\Controllers\Category))
#6 C:\Users\yebdi\OneDrive\Documents\devWeb\amd_maj\system\CodeIgniter.php(326): CodeIgniter\CodeIgniter->handleRequest(NULL, Object(Config\Cache), false)
#7 C:\Users\yebdi\OneDrive\Documents\devWeb\amd_maj\public\index.php(37): CodeIgniter\CodeIgniter->run()
#8 C:\Users\yebdi\OneDrive\Documents\devWeb\amd_maj\system\Commands\Server\rewrite.php(43): require_once('C:\\Users\\yebdi\\...')
#9 {main}
CRITICAL - 2023-01-08 13:45:10 --> Call to a member function orderBy() on array
#0 C:\Users\yebdi\OneDrive\Documents\devWeb\amd_maj\system\CodeIgniter.php(832): App\Controllers\Category->fetch_categories()
#1 C:\Users\yebdi\OneDrive\Documents\devWeb\amd_maj\system\CodeIgniter.php(419): CodeIgniter\CodeIgniter->runController(Object(App\Controllers\Category))
#2 C:\Users\yebdi\OneDrive\Documents\devWeb\amd_maj\system\CodeIgniter.php(326): CodeIgniter\CodeIgniter->handleRequest(NULL, Object(Config\Cache), false)
#3 C:\Users\yebdi\OneDrive\Documents\devWeb\amd_maj\public\index.php(37): CodeIgniter\CodeIgniter->run()
#4 C:\Users\yebdi\OneDrive\Documents\devWeb\amd_maj\system\Commands\Server\rewrite.php(43): require_once('C:\\Users\\yebdi\\...')
#5 {main}
CRITICAL - 2023-01-08 14:02:03 --> Call to undefined method App\Models\CategorieModel::findAllByOrderByIdDesc
#0 C:\Users\yebdi\OneDrive\Documents\devWeb\amd_maj\app\Controllers\Category.php(17): CodeIgniter\Model->__call('findAllByOrderB...', Array)
#1 C:\Users\yebdi\OneDrive\Documents\devWeb\amd_maj\system\CodeIgniter.php(832): App\Controllers\Category->fetch_categories()
#2 C:\Users\yebdi\OneDrive\Documents\devWeb\amd_maj\system\CodeIgniter.php(419): CodeIgniter\CodeIgniter->runController(Object(App\Controllers\Category))
#3 C:\Users\yebdi\OneDrive\Documents\devWeb\amd_maj\system\CodeIgniter.php(326): CodeIgniter\CodeIgniter->handleRequest(NULL, Object(Config\Cache), false)
#4 C:\Users\yebdi\OneDrive\Documents\devWeb\amd_maj\public\index.php(37): CodeIgniter\CodeIgniter->run()
#5 C:\Users\yebdi\OneDrive\Documents\devWeb\amd_maj\system\Commands\Server\rewrite.php(43): require_once('C:\\Users\\yebdi\\...')
#6 {main}
ERROR - 2023-01-08 14:24:03 --> Table 'gestion.tbl_vente' doesn't exist
CRITICAL - 2023-01-08 14:24:03 --> Table 'gestion.tbl_vente' doesn't exist
#0 C:\Users\yebdi\OneDrive\Documents\devWeb\amd_maj\system\Database\MySQLi\Connection.php(292): mysqli->query('SELECT *\nFROM `...', 0)
#1 C:\Users\yebdi\OneDrive\Documents\devWeb\amd_maj\system\Database\BaseConnection.php(670): CodeIgniter\Database\MySQLi\Connection->execute('SELECT *\nFROM `...')
#2 C:\Users\yebdi\OneDrive\Documents\devWeb\amd_maj\system\Database\BaseConnection.php(598): CodeIgniter\Database\BaseConnection->simpleQuery('SELECT *\nFROM `...')
#3 C:\Users\yebdi\OneDrive\Documents\devWeb\amd_maj\system\Database\BaseBuilder.php(1455): CodeIgniter\Database\BaseConnection->query('SELECT *\nFROM `...', Array, false)
#4 C:\Users\yebdi\OneDrive\Documents\devWeb\amd_maj\system\Model.php(183): CodeIgniter\Database\BaseBuilder->get()
#5 C:\Users\yebdi\OneDrive\Documents\devWeb\amd_maj\system\BaseModel.php(584): CodeIgniter\Model->doFindAll(0, 0)
#6 C:\Users\yebdi\OneDrive\Documents\devWeb\amd_maj\app\Controllers\Home.php(22): CodeIgniter\BaseModel->findAll()
#7 C:\Users\yebdi\OneDrive\Documents\devWeb\amd_maj\system\CodeIgniter.php(832): App\Controllers\Home->index()
#8 C:\Users\yebdi\OneDrive\Documents\devWeb\amd_maj\system\CodeIgniter.php(419): CodeIgniter\CodeIgniter->runController(Object(App\Controllers\Home))
#9 C:\Users\yebdi\OneDrive\Documents\devWeb\amd_maj\system\CodeIgniter.php(326): CodeIgniter\CodeIgniter->handleRequest(NULL, Object(Config\Cache), false)
#10 C:\Users\yebdi\OneDrive\Documents\devWeb\amd_maj\public\index.php(37): CodeIgniter\CodeIgniter->run()
#11 C:\Users\yebdi\OneDrive\Documents\devWeb\amd_maj\system\Commands\Server\rewrite.php(43): require_once('C:\\Users\\yebdi\\...')
#12 {main}
CRITICAL - 2023-01-08 15:10:56 --> Call to undefined method App\Models\CategorieModel::numRows
#0 C:\Users\yebdi\OneDrive\Documents\devWeb\amd_maj\app\Controllers\Home.php(17): CodeIgniter\Model->__call('numRows', Array)
#1 C:\Users\yebdi\OneDrive\Documents\devWeb\amd_maj\system\CodeIgniter.php(832): App\Controllers\Home->index()
#2 C:\Users\yebdi\OneDrive\Documents\devWeb\amd_maj\system\CodeIgniter.php(419): CodeIgniter\CodeIgniter->runController(Object(App\Controllers\Home))
#3 C:\Users\yebdi\OneDrive\Documents\devWeb\amd_maj\system\CodeIgniter.php(326): CodeIgniter\CodeIgniter->handleRequest(NULL, Object(Config\Cache), false)
#4 C:\Users\yebdi\OneDrive\Documents\devWeb\amd_maj\public\index.php(37): CodeIgniter\CodeIgniter->run()
#5 C:\Users\yebdi\OneDrive\Documents\devWeb\amd_maj\system\Commands\Server\rewrite.php(43): require_once('C:\\Users\\yebdi\\...')
#6 {main}
CRITICAL - 2023-01-08 15:14:30 --> Undefined variable: allCategories
#0 C:\Users\yebdi\OneDrive\Documents\devWeb\amd_maj\app\Views\dashboard.php(48): CodeIgniter\Debug\Exceptions->errorHandler(8, 'Undefined varia...', 'C:\\Users\\yebdi\\...', 48, Array)
#1 C:\Users\yebdi\OneDrive\Documents\devWeb\amd_maj\system\View\View.php(210): include('C:\\Users\\yebdi\\...')
#2 C:\Users\yebdi\OneDrive\Documents\devWeb\amd_maj\system\View\View.php(213): CodeIgniter\View\View->CodeIgniter\View\{closure}()
#3 C:\Users\yebdi\OneDrive\Documents\devWeb\amd_maj\system\Common.php(1089): CodeIgniter\View\View->render('dashboard', Array, true)
#4 C:\Users\yebdi\OneDrive\Documents\devWeb\amd_maj\app\Controllers\Home.php(22): view('dashboard', Array)
#5 C:\Users\yebdi\OneDrive\Documents\devWeb\amd_maj\system\CodeIgniter.php(832): App\Controllers\Home->index()
#6 C:\Users\yebdi\OneDrive\Documents\devWeb\amd_maj\system\CodeIgniter.php(419): CodeIgniter\CodeIgniter->runController(Object(App\Controllers\Home))
#7 C:\Users\yebdi\OneDrive\Documents\devWeb\amd_maj\system\CodeIgniter.php(326): CodeIgniter\CodeIgniter->handleRequest(NULL, Object(Config\Cache), false)
#8 C:\Users\yebdi\OneDrive\Documents\devWeb\amd_maj\public\index.php(37): CodeIgniter\CodeIgniter->run()
#9 C:\Users\yebdi\OneDrive\Documents\devWeb\amd_maj\system\Commands\Server\rewrite.php(43): require_once('C:\\Users\\yebdi\\...')
#10 {main}
CRITICAL - 2023-01-08 15:14:55 --> Undefined variable: allCategories
#0 C:\Users\yebdi\OneDrive\Documents\devWeb\amd_maj\app\Views\dashboard.php(48): CodeIgniter\Debug\Exceptions->errorHandler(8, 'Undefined varia...', 'C:\\Users\\yebdi\\...', 48, Array)
#1 C:\Users\yebdi\OneDrive\Documents\devWeb\amd_maj\system\View\View.php(210): include('C:\\Users\\yebdi\\...')
#2 C:\Users\yebdi\OneDrive\Documents\devWeb\amd_maj\system\View\View.php(213): CodeIgniter\View\View->CodeIgniter\View\{closure}()
#3 C:\Users\yebdi\OneDrive\Documents\devWeb\amd_maj\system\Common.php(1089): CodeIgniter\View\View->render('dashboard', Array, true)
#4 C:\Users\yebdi\OneDrive\Documents\devWeb\amd_maj\app\Controllers\Home.php(22): view('dashboard', Array)
#5 C:\Users\yebdi\OneDrive\Documents\devWeb\amd_maj\system\CodeIgniter.php(832): App\Controllers\Home->index()
#6 C:\Users\yebdi\OneDrive\Documents\devWeb\amd_maj\system\CodeIgniter.php(419): CodeIgniter\CodeIgniter->runController(Object(App\Controllers\Home))
#7 C:\Users\yebdi\OneDrive\Documents\devWeb\amd_maj\system\CodeIgniter.php(326): CodeIgniter\CodeIgniter->handleRequest(NULL, Object(Config\Cache), false)
#8 C:\Users\yebdi\OneDrive\Documents\devWeb\amd_maj\public\index.php(37): CodeIgniter\CodeIgniter->run()
#9 C:\Users\yebdi\OneDrive\Documents\devWeb\amd_maj\system\Commands\Server\rewrite.php(43): require_once('C:\\Users\\yebdi\\...')
#10 {main}
CRITICAL - 2023-01-08 15:14:56 --> Undefined variable: allCategories
#0 C:\Users\yebdi\OneDrive\Documents\devWeb\amd_maj\app\Views\dashboard.php(48): CodeIgniter\Debug\Exceptions->errorHandler(8, 'Undefined varia...', 'C:\\Users\\yebdi\\...', 48, Array)
#1 C:\Users\yebdi\OneDrive\Documents\devWeb\amd_maj\system\View\View.php(210): include('C:\\Users\\yebdi\\...')
#2 C:\Users\yebdi\OneDrive\Documents\devWeb\amd_maj\system\View\View.php(213): CodeIgniter\View\View->CodeIgniter\View\{closure}()
#3 C:\Users\yebdi\OneDrive\Documents\devWeb\amd_maj\system\Common.php(1089): CodeIgniter\View\View->render('dashboard', Array, true)
#4 C:\Users\yebdi\OneDrive\Documents\devWeb\amd_maj\app\Controllers\Home.php(22): view('dashboard', Array)
#5 C:\Users\yebdi\OneDrive\Documents\devWeb\amd_maj\system\CodeIgniter.php(832): App\Controllers\Home->index()
#6 C:\Users\yebdi\OneDrive\Documents\devWeb\amd_maj\system\CodeIgniter.php(419): CodeIgniter\CodeIgniter->runController(Object(App\Controllers\Home))
#7 C:\Users\yebdi\OneDrive\Documents\devWeb\amd_maj\system\CodeIgniter.php(326): CodeIgniter\CodeIgniter->handleRequest(NULL, Object(Config\Cache), false)
#8 C:\Users\yebdi\OneDrive\Documents\devWeb\amd_maj\public\index.php(37): CodeIgniter\CodeIgniter->run()
#9 C:\Users\yebdi\OneDrive\Documents\devWeb\amd_maj\system\Commands\Server\rewrite.php(43): require_once('C:\\Users\\yebdi\\...')
#10 {main}
CRITICAL - 2023-01-08 15:16:12 --> Undefined variable: allCategories
#0 C:\Users\yebdi\OneDrive\Documents\devWeb\amd_maj\app\Views\dashboard.php(48): CodeIgniter\Debug\Exceptions->errorHandler(8, 'Undefined varia...', 'C:\\Users\\yebdi\\...', 48, Array)
#1 C:\Users\yebdi\OneDrive\Documents\devWeb\amd_maj\system\View\View.php(210): include('C:\\Users\\yebdi\\...')
#2 C:\Users\yebdi\OneDrive\Documents\devWeb\amd_maj\system\View\View.php(213): CodeIgniter\View\View->CodeIgniter\View\{closure}()
#3 C:\Users\yebdi\OneDrive\Documents\devWeb\amd_maj\system\Common.php(1089): CodeIgniter\View\View->render('dashboard', Array, true)
#4 C:\Users\yebdi\OneDrive\Documents\devWeb\amd_maj\app\Controllers\Home.php(22): view('dashboard', Array)
#5 C:\Users\yebdi\OneDrive\Documents\devWeb\amd_maj\system\CodeIgniter.php(832): App\Controllers\Home->index()
#6 C:\Users\yebdi\OneDrive\Documents\devWeb\amd_maj\system\CodeIgniter.php(419): CodeIgniter\CodeIgniter->runController(Object(App\Controllers\Home))
#7 C:\Users\yebdi\OneDrive\Documents\devWeb\amd_maj\system\CodeIgniter.php(326): CodeIgniter\CodeIgniter->handleRequest(NULL, Object(Config\Cache), false)
#8 C:\Users\yebdi\OneDrive\Documents\devWeb\amd_maj\public\index.php(37): CodeIgniter\CodeIgniter->run()
#9 C:\Users\yebdi\OneDrive\Documents\devWeb\amd_maj\system\Commands\Server\rewrite.php(43): require_once('C:\\Users\\yebdi\\...')
#10 {main}
CRITICAL - 2023-01-08 15:35:05 --> Undefined variable: subtitle
#0 C:\Users\yebdi\OneDrive\Documents\devWeb\amd_maj\app\Views\partials\page-title.php(11): CodeIgniter\Debug\Exceptions->errorHandler(8, 'Undefined varia...', 'C:\\Users\\yebdi\\...', 11, Array)
#1 C:\Users\yebdi\OneDrive\Documents\devWeb\amd_maj\system\View\View.php(210): include('C:\\Users\\yebdi\\...')
#2 C:\Users\yebdi\OneDrive\Documents\devWeb\amd_maj\system\View\View.php(213): CodeIgniter\View\View->CodeIgniter\View\{closure}()
#3 C:\Users\yebdi\OneDrive\Documents\devWeb\amd_maj\system\View\View.php(424): CodeIgniter\View\View->render('partials/page-t...', NULL, true)
#4 C:\Users\yebdi\OneDrive\Documents\devWeb\amd_maj\app\Views\categorie.php(35): CodeIgniter\View\View->include('partials/page-t...')
#5 C:\Users\yebdi\OneDrive\Documents\devWeb\amd_maj\system\View\View.php(210): include('C:\\Users\\yebdi\\...')
#6 C:\Users\yebdi\OneDrive\Documents\devWeb\amd_maj\system\View\View.php(213): CodeIgniter\View\View->CodeIgniter\View\{closure}()
#7 C:\Users\yebdi\OneDrive\Documents\devWeb\amd_maj\system\Common.php(1089): CodeIgniter\View\View->render('categorie', Array, true)
#8 C:\Users\yebdi\OneDrive\Documents\devWeb\amd_maj\app\Controllers\Home.php(32): view('categorie', Array)
#9 C:\Users\yebdi\OneDrive\Documents\devWeb\amd_maj\system\CodeIgniter.php(832): App\Controllers\Home->category()
#10 C:\Users\yebdi\OneDrive\Documents\devWeb\amd_maj\system\CodeIgniter.php(419): CodeIgniter\CodeIgniter->runController(Object(App\Controllers\Home))
#11 C:\Users\yebdi\OneDrive\Documents\devWeb\amd_maj\system\CodeIgniter.php(326): CodeIgniter\CodeIgniter->handleRequest(NULL, Object(Config\Cache), false)
#12 C:\Users\yebdi\OneDrive\Documents\devWeb\amd_maj\public\index.php(37): CodeIgniter\CodeIgniter->run()
#13 C:\Users\yebdi\OneDrive\Documents\devWeb\amd_maj\system\Commands\Server\rewrite.php(43): require_once('C:\\Users\\yebdi\\...')
#14 {main}
CRITICAL - 2023-01-08 15:38:24 --> Undefined variable: subtitle
#0 C:\Users\yebdi\OneDrive\Documents\devWeb\amd_maj\app\Views\partials\page-title.php(11): CodeIgniter\Debug\Exceptions->errorHandler(8, 'Undefined varia...', 'C:\\Users\\yebdi\\...', 11, Array)
#1 C:\Users\yebdi\OneDrive\Documents\devWeb\amd_maj\system\View\View.php(210): include('C:\\Users\\yebdi\\...')
#2 C:\Users\yebdi\OneDrive\Documents\devWeb\amd_maj\system\View\View.php(213): CodeIgniter\View\View->CodeIgniter\View\{closure}()
#3 C:\Users\yebdi\OneDrive\Documents\devWeb\amd_maj\system\View\View.php(424): CodeIgniter\View\View->render('partials/page-t...', NULL, true)
#4 C:\Users\yebdi\OneDrive\Documents\devWeb\amd_maj\app\Views\article.php(35): CodeIgniter\View\View->include('partials/page-t...')
#5 C:\Users\yebdi\OneDrive\Documents\devWeb\amd_maj\system\View\View.php(210): include('C:\\Users\\yebdi\\...')
#6 C:\Users\yebdi\OneDrive\Documents\devWeb\amd_maj\system\View\View.php(213): CodeIgniter\View\View->CodeIgniter\View\{closure}()
#7 C:\Users\yebdi\OneDrive\Documents\devWeb\amd_maj\system\Common.php(1089): CodeIgniter\View\View->render('article', Array, true)
#8 C:\Users\yebdi\OneDrive\Documents\devWeb\amd_maj\app\Controllers\Home.php(41): view('article', Array)
#9 C:\Users\yebdi\OneDrive\Documents\devWeb\amd_maj\system\CodeIgniter.php(832): App\Controllers\Home->article()
#10 C:\Users\yebdi\OneDrive\Documents\devWeb\amd_maj\system\CodeIgniter.php(419): CodeIgniter\CodeIgniter->runController(Object(App\Controllers\Home))
#11 C:\Users\yebdi\OneDrive\Documents\devWeb\amd_maj\system\CodeIgniter.php(326): CodeIgniter\CodeIgniter->handleRequest(NULL, Object(Config\Cache), false)
#12 C:\Users\yebdi\OneDrive\Documents\devWeb\amd_maj\public\index.php(37): CodeIgniter\CodeIgniter->run()
#13 C:\Users\yebdi\OneDrive\Documents\devWeb\amd_maj\system\Commands\Server\rewrite.php(43): require_once('C:\\Users\\yebdi\\...')
#14 {main}
ERROR - 2023-01-08 16:05:54 --> Unknown column 'tbl_article.idArticle' in 'order clause'
CRITICAL - 2023-01-08 16:05:54 --> Unknown column 'tbl_article.idArticle' in 'order clause'
#0 C:\Users\yebdi\OneDrive\Documents\devWeb\amd_maj\system\Database\MySQLi\Connection.php(292): mysqli->query('SELECT *, `tbl_...', 0)
#1 C:\Users\yebdi\OneDrive\Documents\devWeb\amd_maj\system\Database\BaseConnection.php(670): CodeIgniter\Database\MySQLi\Connection->execute('SELECT *, `tbl_...')
#2 C:\Users\yebdi\OneDrive\Documents\devWeb\amd_maj\system\Database\BaseConnection.php(598): CodeIgniter\Database\BaseConnection->simpleQuery('SELECT *, `tbl_...')
#3 C:\Users\yebdi\OneDrive\Documents\devWeb\amd_maj\system\Database\BaseBuilder.php(1455): CodeIgniter\Database\BaseConnection->query('SELECT *, `tbl_...', Array, false)
#4 C:\Users\yebdi\OneDrive\Documents\devWeb\amd_maj\app\Models\ArticleModel.php(22): CodeIgniter\Database\BaseBuilder->get()
#5 C:\Users\yebdi\OneDrive\Documents\devWeb\amd_maj\app\Controllers\Article.php(17): App\Models\ArticleModel->getAll()
#6 C:\Users\yebdi\OneDrive\Documents\devWeb\amd_maj\system\CodeIgniter.php(832): App\Controllers\Article->fetch_article()
#7 C:\Users\yebdi\OneDrive\Documents\devWeb\amd_maj\system\CodeIgniter.php(419): CodeIgniter\CodeIgniter->runController(Object(App\Controllers\Article))
#8 C:\Users\yebdi\OneDrive\Documents\devWeb\amd_maj\system\CodeIgniter.php(326): CodeIgniter\CodeIgniter->handleRequest(NULL, Object(Config\Cache), false)
#9 C:\Users\yebdi\OneDrive\Documents\devWeb\amd_maj\public\index.php(37): CodeIgniter\CodeIgniter->run()
#10 C:\Users\yebdi\OneDrive\Documents\devWeb\amd_maj\system\Commands\Server\rewrite.php(43): require_once('C:\\Users\\yebdi\\...')
#11 {main}
