ERROR - 2023-01-19 17:19:17 --> Table 'gestion.tbl_retour' doesn't exist
CRITICAL - 2023-01-19 17:19:17 --> Table 'gestion.tbl_retour' doesn't exist
#0 C:\Users\yebdi\OneDrive\Documents\devWeb\amd_maj\system\Database\MySQLi\Connection.php(292): mysqli->query('SELECT *\nFROM `...', 0)
#1 C:\Users\yebdi\OneDrive\Documents\devWeb\amd_maj\system\Database\BaseConnection.php(670): CodeIgniter\Database\MySQLi\Connection->execute('SELECT *\nFROM `...')
#2 C:\Users\yebdi\OneDrive\Documents\devWeb\amd_maj\system\Database\BaseConnection.php(598): CodeIgniter\Database\BaseConnection->simpleQuery('SELECT *\nFROM `...')
#3 C:\Users\yebdi\OneDrive\Documents\devWeb\amd_maj\system\Database\BaseBuilder.php(1455): CodeIgniter\Database\BaseConnection->query('SELECT *\nFROM `...', Array, false)
#4 C:\Users\yebdi\OneDrive\Documents\devWeb\amd_maj\app\Models\RetourModel.php(21): CodeIgniter\Database\BaseBuilder->get()
#5 C:\Users\yebdi\OneDrive\Documents\devWeb\amd_maj\app\Controllers\Retour.php(18): App\Models\RetourModel->getAll()
#6 C:\Users\yebdi\OneDrive\Documents\devWeb\amd_maj\system\CodeIgniter.php(832): App\Controllers\Retour->fetch_retour()
#7 C:\Users\yebdi\OneDrive\Documents\devWeb\amd_maj\system\CodeIgniter.php(419): CodeIgniter\CodeIgniter->runController(Object(App\Controllers\Retour))
#8 C:\Users\yebdi\OneDrive\Documents\devWeb\amd_maj\system\CodeIgniter.php(326): CodeIgniter\CodeIgniter->handleRequest(NULL, Object(Config\Cache), false)
#9 C:\Users\yebdi\OneDrive\Documents\devWeb\amd_maj\public\index.php(37): CodeIgniter\CodeIgniter->run()
#10 C:\Users\yebdi\OneDrive\Documents\devWeb\amd_maj\system\Commands\Server\rewrite.php(43): require_once('C:\\Users\\yebdi\\...')
#11 {main}
CRITICAL - 2023-01-19 18:13:50 --> Undefined property: stdClass::$prixBase
#0 C:\Users\yebdi\OneDrive\Documents\devWeb\amd_maj\app\Controllers\Stock.php(29): CodeIgniter\Debug\Exceptions->errorHandler(8, 'Undefined prope...', 'C:\\Users\\yebdi\\...', 29, Array)
#1 C:\Users\yebdi\OneDrive\Documents\devWeb\amd_maj\system\CodeIgniter.php(832): App\Controllers\Stock->fetch_stock()
#2 C:\Users\yebdi\OneDrive\Documents\devWeb\amd_maj\system\CodeIgniter.php(419): CodeIgniter\CodeIgniter->runController(Object(App\Controllers\Stock))
#3 C:\Users\yebdi\OneDrive\Documents\devWeb\amd_maj\system\CodeIgniter.php(326): CodeIgniter\CodeIgniter->handleRequest(NULL, Object(Config\Cache), false)
#4 C:\Users\yebdi\OneDrive\Documents\devWeb\amd_maj\public\index.php(37): CodeIgniter\CodeIgniter->run()
#5 C:\Users\yebdi\OneDrive\Documents\devWeb\amd_maj\system\Commands\Server\rewrite.php(43): require_once('C:\\Users\\yebdi\\...')
#6 {main}
CRITICAL - 2023-01-19 18:15:17 --> Undefined property: stdClass::$pu
#0 C:\Users\yebdi\OneDrive\Documents\devWeb\amd_maj\app\Controllers\Stock.php(30): CodeIgniter\Debug\Exceptions->errorHandler(8, 'Undefined prope...', 'C:\\Users\\yebdi\\...', 30, Array)
#1 C:\Users\yebdi\OneDrive\Documents\devWeb\amd_maj\system\CodeIgniter.php(832): App\Controllers\Stock->fetch_stock()
#2 C:\Users\yebdi\OneDrive\Documents\devWeb\amd_maj\system\CodeIgniter.php(419): CodeIgniter\CodeIgniter->runController(Object(App\Controllers\Stock))
#3 C:\Users\yebdi\OneDrive\Documents\devWeb\amd_maj\system\CodeIgniter.php(326): CodeIgniter\CodeIgniter->handleRequest(NULL, Object(Config\Cache), false)
#4 C:\Users\yebdi\OneDrive\Documents\devWeb\amd_maj\public\index.php(37): CodeIgniter\CodeIgniter->run()
#5 C:\Users\yebdi\OneDrive\Documents\devWeb\amd_maj\system\Commands\Server\rewrite.php(43): require_once('C:\\Users\\yebdi\\...')
#6 {main}
CRITICAL - 2023-01-19 18:16:26 --> Undefined property: stdClass::$pu
#0 C:\Users\yebdi\OneDrive\Documents\devWeb\amd_maj\app\Controllers\Stock.php(30): CodeIgniter\Debug\Exceptions->errorHandler(8, 'Undefined prope...', 'C:\\Users\\yebdi\\...', 30, Array)
#1 C:\Users\yebdi\OneDrive\Documents\devWeb\amd_maj\system\CodeIgniter.php(832): App\Controllers\Stock->fetch_stock()
#2 C:\Users\yebdi\OneDrive\Documents\devWeb\amd_maj\system\CodeIgniter.php(419): CodeIgniter\CodeIgniter->runController(Object(App\Controllers\Stock))
#3 C:\Users\yebdi\OneDrive\Documents\devWeb\amd_maj\system\CodeIgniter.php(326): CodeIgniter\CodeIgniter->handleRequest(NULL, Object(Config\Cache), false)
#4 C:\Users\yebdi\OneDrive\Documents\devWeb\amd_maj\public\index.php(37): CodeIgniter\CodeIgniter->run()
#5 C:\Users\yebdi\OneDrive\Documents\devWeb\amd_maj\system\Commands\Server\rewrite.php(43): require_once('C:\\Users\\yebdi\\...')
#6 {main}
CRITICAL - 2023-01-19 18:16:50 --> Undefined property: stdClass::$new_pb
#0 C:\Users\yebdi\OneDrive\Documents\devWeb\amd_maj\app\Controllers\Stock.php(30): CodeIgniter\Debug\Exceptions->errorHandler(8, 'Undefined prope...', 'C:\\Users\\yebdi\\...', 30, Array)
#1 C:\Users\yebdi\OneDrive\Documents\devWeb\amd_maj\system\CodeIgniter.php(832): App\Controllers\Stock->fetch_stock()
#2 C:\Users\yebdi\OneDrive\Documents\devWeb\amd_maj\system\CodeIgniter.php(419): CodeIgniter\CodeIgniter->runController(Object(App\Controllers\Stock))
#3 C:\Users\yebdi\OneDrive\Documents\devWeb\amd_maj\system\CodeIgniter.php(326): CodeIgniter\CodeIgniter->handleRequest(NULL, Object(Config\Cache), false)
#4 C:\Users\yebdi\OneDrive\Documents\devWeb\amd_maj\public\index.php(37): CodeIgniter\CodeIgniter->run()
#5 C:\Users\yebdi\OneDrive\Documents\devWeb\amd_maj\system\Commands\Server\rewrite.php(43): require_once('C:\\Users\\yebdi\\...')
#6 {main}
