ERROR - 2022-09-12 06:51:08 --> Error connecting to the database: Aucune connexion n’a pu être établie car l’ordinateur cible l’a expressément refusée.

CRITICAL - 2022-09-12 06:51:08 --> Unable to connect to the database.
Main connection [MySQLi]: Aucune connexion n’a pu être établie car l’ordinateur cible l’a expressément refusée.

#0 C:\Users\yebdi\OneDrive\Documents\devWeb\amd_maj\system\Database\BaseConnection.php(577): CodeIgniter\Database\BaseConnection->initialize()
#1 C:\Users\yebdi\OneDrive\Documents\devWeb\amd_maj\system\Database\BaseBuilder.php(1455): CodeIgniter\Database\BaseConnection->query('SELECT *\nFROM `...', Array, false)
#2 C:\Users\yebdi\OneDrive\Documents\devWeb\amd_maj\system\Model.php(183): CodeIgniter\Database\BaseBuilder->get()
#3 C:\Users\yebdi\OneDrive\Documents\devWeb\amd_maj\system\BaseModel.php(584): CodeIgniter\Model->doFindAll(0, 0)
#4 C:\Users\yebdi\OneDrive\Documents\devWeb\amd_maj\app\Controllers\Home.php(21): CodeIgniter\BaseModel->findAll()
#5 C:\Users\yebdi\OneDrive\Documents\devWeb\amd_maj\system\CodeIgniter.php(832): App\Controllers\Home->index()
#6 C:\Users\yebdi\OneDrive\Documents\devWeb\amd_maj\system\CodeIgniter.php(419): CodeIgniter\CodeIgniter->runController(Object(App\Controllers\Home))
#7 C:\Users\yebdi\OneDrive\Documents\devWeb\amd_maj\system\CodeIgniter.php(326): CodeIgniter\CodeIgniter->handleRequest(NULL, Object(Config\Cache), false)
#8 C:\Users\yebdi\OneDrive\Documents\devWeb\amd_maj\public\index.php(37): CodeIgniter\CodeIgniter->run()
#9 C:\Users\yebdi\OneDrive\Documents\devWeb\amd_maj\system\Commands\Server\rewrite.php(43): require_once('C:\\Users\\yebdi\\...')
#10 {main}
ERROR - 2022-09-12 06:51:45 --> Error connecting to the database: Aucune connexion n’a pu être établie car l’ordinateur cible l’a expressément refusée.

CRITICAL - 2022-09-12 06:51:45 --> Unable to connect to the database.
Main connection [MySQLi]: Aucune connexion n’a pu être établie car l’ordinateur cible l’a expressément refusée.

#0 C:\Users\yebdi\OneDrive\Documents\devWeb\amd_maj\system\Database\BaseConnection.php(577): CodeIgniter\Database\BaseConnection->initialize()
#1 C:\Users\yebdi\OneDrive\Documents\devWeb\amd_maj\system\Database\BaseBuilder.php(1455): CodeIgniter\Database\BaseConnection->query('SELECT *\nFROM `...', Array, false)
#2 C:\Users\yebdi\OneDrive\Documents\devWeb\amd_maj\system\Model.php(183): CodeIgniter\Database\BaseBuilder->get()
#3 C:\Users\yebdi\OneDrive\Documents\devWeb\amd_maj\system\BaseModel.php(584): CodeIgniter\Model->doFindAll(0, 0)
#4 C:\Users\yebdi\OneDrive\Documents\devWeb\amd_maj\app\Controllers\Home.php(21): CodeIgniter\BaseModel->findAll()
#5 C:\Users\yebdi\OneDrive\Documents\devWeb\amd_maj\system\CodeIgniter.php(832): App\Controllers\Home->index()
#6 C:\Users\yebdi\OneDrive\Documents\devWeb\amd_maj\system\CodeIgniter.php(419): CodeIgniter\CodeIgniter->runController(Object(App\Controllers\Home))
#7 C:\Users\yebdi\OneDrive\Documents\devWeb\amd_maj\system\CodeIgniter.php(326): CodeIgniter\CodeIgniter->handleRequest(NULL, Object(Config\Cache), false)
#8 C:\Users\yebdi\OneDrive\Documents\devWeb\amd_maj\public\index.php(37): CodeIgniter\CodeIgniter->run()
#9 C:\Users\yebdi\OneDrive\Documents\devWeb\amd_maj\system\Commands\Server\rewrite.php(43): require_once('C:\\Users\\yebdi\\...')
#10 {main}
ERROR - 2022-09-12 06:58:24 --> Error connecting to the database: Aucune connexion n’a pu être établie car l’ordinateur cible l’a expressément refusée.

CRITICAL - 2022-09-12 06:58:24 --> Unable to connect to the database.
Main connection [MySQLi]: Aucune connexion n’a pu être établie car l’ordinateur cible l’a expressément refusée.

#0 C:\Users\yebdi\OneDrive\Documents\devWeb\amd_maj\system\Database\BaseConnection.php(577): CodeIgniter\Database\BaseConnection->initialize()
#1 C:\Users\yebdi\OneDrive\Documents\devWeb\amd_maj\system\Database\BaseBuilder.php(1455): CodeIgniter\Database\BaseConnection->query('SELECT *\nFROM `...', Array, false)
#2 C:\Users\yebdi\OneDrive\Documents\devWeb\amd_maj\system\Model.php(183): CodeIgniter\Database\BaseBuilder->get()
#3 C:\Users\yebdi\OneDrive\Documents\devWeb\amd_maj\system\BaseModel.php(584): CodeIgniter\Model->doFindAll(0, 0)
#4 C:\Users\yebdi\OneDrive\Documents\devWeb\amd_maj\app\Controllers\Home.php(21): CodeIgniter\BaseModel->findAll()
#5 C:\Users\yebdi\OneDrive\Documents\devWeb\amd_maj\system\CodeIgniter.php(832): App\Controllers\Home->index()
#6 C:\Users\yebdi\OneDrive\Documents\devWeb\amd_maj\system\CodeIgniter.php(419): CodeIgniter\CodeIgniter->runController(Object(App\Controllers\Home))
#7 C:\Users\yebdi\OneDrive\Documents\devWeb\amd_maj\system\CodeIgniter.php(326): CodeIgniter\CodeIgniter->handleRequest(NULL, Object(Config\Cache), false)
#8 C:\Users\yebdi\OneDrive\Documents\devWeb\amd_maj\public\index.php(37): CodeIgniter\CodeIgniter->run()
#9 C:\Users\yebdi\OneDrive\Documents\devWeb\amd_maj\system\Commands\Server\rewrite.php(43): require_once('C:\\Users\\yebdi\\...')
#10 {main}
CRITICAL - 2022-09-12 08:56:15 --> Too few arguments to function App\Controllers\Category::show(), 0 passed in C:\Users\yebdi\OneDrive\Documents\devWeb\amd_maj\system\CodeIgniter.php on line 832 and exactly 1 expected
#0 C:\Users\yebdi\OneDrive\Documents\devWeb\amd_maj\system\CodeIgniter.php(832): App\Controllers\Category->show()
#1 C:\Users\yebdi\OneDrive\Documents\devWeb\amd_maj\system\CodeIgniter.php(419): CodeIgniter\CodeIgniter->runController(Object(App\Controllers\Category))
#2 C:\Users\yebdi\OneDrive\Documents\devWeb\amd_maj\system\CodeIgniter.php(326): CodeIgniter\CodeIgniter->handleRequest(NULL, Object(Config\Cache), false)
#3 C:\Users\yebdi\OneDrive\Documents\devWeb\amd_maj\public\index.php(37): CodeIgniter\CodeIgniter->run()
#4 C:\Users\yebdi\OneDrive\Documents\devWeb\amd_maj\system\Commands\Server\rewrite.php(43): require_once('C:\\Users\\yebdi\\...')
#5 {main}
CRITICAL - 2022-09-12 08:56:16 --> Too few arguments to function App\Controllers\Category::show(), 0 passed in C:\Users\yebdi\OneDrive\Documents\devWeb\amd_maj\system\CodeIgniter.php on line 832 and exactly 1 expected
#0 C:\Users\yebdi\OneDrive\Documents\devWeb\amd_maj\system\CodeIgniter.php(832): App\Controllers\Category->show()
#1 C:\Users\yebdi\OneDrive\Documents\devWeb\amd_maj\system\CodeIgniter.php(419): CodeIgniter\CodeIgniter->runController(Object(App\Controllers\Category))
#2 C:\Users\yebdi\OneDrive\Documents\devWeb\amd_maj\system\CodeIgniter.php(326): CodeIgniter\CodeIgniter->handleRequest(NULL, Object(Config\Cache), false)
#3 C:\Users\yebdi\OneDrive\Documents\devWeb\amd_maj\public\index.php(37): CodeIgniter\CodeIgniter->run()
#4 C:\Users\yebdi\OneDrive\Documents\devWeb\amd_maj\system\Commands\Server\rewrite.php(43): require_once('C:\\Users\\yebdi\\...')
#5 {main}
CRITICAL - 2022-09-12 08:56:17 --> Too few arguments to function App\Controllers\Category::show(), 0 passed in C:\Users\yebdi\OneDrive\Documents\devWeb\amd_maj\system\CodeIgniter.php on line 832 and exactly 1 expected
#0 C:\Users\yebdi\OneDrive\Documents\devWeb\amd_maj\system\CodeIgniter.php(832): App\Controllers\Category->show()
#1 C:\Users\yebdi\OneDrive\Documents\devWeb\amd_maj\system\CodeIgniter.php(419): CodeIgniter\CodeIgniter->runController(Object(App\Controllers\Category))
#2 C:\Users\yebdi\OneDrive\Documents\devWeb\amd_maj\system\CodeIgniter.php(326): CodeIgniter\CodeIgniter->handleRequest(NULL, Object(Config\Cache), false)
#3 C:\Users\yebdi\OneDrive\Documents\devWeb\amd_maj\public\index.php(37): CodeIgniter\CodeIgniter->run()
#4 C:\Users\yebdi\OneDrive\Documents\devWeb\amd_maj\system\Commands\Server\rewrite.php(43): require_once('C:\\Users\\yebdi\\...')
#5 {main}
CRITICAL - 2022-09-12 08:56:17 --> Too few arguments to function App\Controllers\Category::show(), 0 passed in C:\Users\yebdi\OneDrive\Documents\devWeb\amd_maj\system\CodeIgniter.php on line 832 and exactly 1 expected
#0 C:\Users\yebdi\OneDrive\Documents\devWeb\amd_maj\system\CodeIgniter.php(832): App\Controllers\Category->show()
#1 C:\Users\yebdi\OneDrive\Documents\devWeb\amd_maj\system\CodeIgniter.php(419): CodeIgniter\CodeIgniter->runController(Object(App\Controllers\Category))
#2 C:\Users\yebdi\OneDrive\Documents\devWeb\amd_maj\system\CodeIgniter.php(326): CodeIgniter\CodeIgniter->handleRequest(NULL, Object(Config\Cache), false)
#3 C:\Users\yebdi\OneDrive\Documents\devWeb\amd_maj\public\index.php(37): CodeIgniter\CodeIgniter->run()
#4 C:\Users\yebdi\OneDrive\Documents\devWeb\amd_maj\system\Commands\Server\rewrite.php(43): require_once('C:\\Users\\yebdi\\...')
#5 {main}
CRITICAL - 2022-09-12 08:56:18 --> Too few arguments to function App\Controllers\Category::show(), 0 passed in C:\Users\yebdi\OneDrive\Documents\devWeb\amd_maj\system\CodeIgniter.php on line 832 and exactly 1 expected
#0 C:\Users\yebdi\OneDrive\Documents\devWeb\amd_maj\system\CodeIgniter.php(832): App\Controllers\Category->show()
#1 C:\Users\yebdi\OneDrive\Documents\devWeb\amd_maj\system\CodeIgniter.php(419): CodeIgniter\CodeIgniter->runController(Object(App\Controllers\Category))
#2 C:\Users\yebdi\OneDrive\Documents\devWeb\amd_maj\system\CodeIgniter.php(326): CodeIgniter\CodeIgniter->handleRequest(NULL, Object(Config\Cache), false)
#3 C:\Users\yebdi\OneDrive\Documents\devWeb\amd_maj\public\index.php(37): CodeIgniter\CodeIgniter->run()
#4 C:\Users\yebdi\OneDrive\Documents\devWeb\amd_maj\system\Commands\Server\rewrite.php(43): require_once('C:\\Users\\yebdi\\...')
#5 {main}
CRITICAL - 2022-09-12 08:56:18 --> Too few arguments to function App\Controllers\Category::show(), 0 passed in C:\Users\yebdi\OneDrive\Documents\devWeb\amd_maj\system\CodeIgniter.php on line 832 and exactly 1 expected
#0 C:\Users\yebdi\OneDrive\Documents\devWeb\amd_maj\system\CodeIgniter.php(832): App\Controllers\Category->show()
#1 C:\Users\yebdi\OneDrive\Documents\devWeb\amd_maj\system\CodeIgniter.php(419): CodeIgniter\CodeIgniter->runController(Object(App\Controllers\Category))
#2 C:\Users\yebdi\OneDrive\Documents\devWeb\amd_maj\system\CodeIgniter.php(326): CodeIgniter\CodeIgniter->handleRequest(NULL, Object(Config\Cache), false)
#3 C:\Users\yebdi\OneDrive\Documents\devWeb\amd_maj\public\index.php(37): CodeIgniter\CodeIgniter->run()
#4 C:\Users\yebdi\OneDrive\Documents\devWeb\amd_maj\system\Commands\Server\rewrite.php(43): require_once('C:\\Users\\yebdi\\...')
#5 {main}
CRITICAL - 2022-09-12 08:56:18 --> Too few arguments to function App\Controllers\Category::show(), 0 passed in C:\Users\yebdi\OneDrive\Documents\devWeb\amd_maj\system\CodeIgniter.php on line 832 and exactly 1 expected
#0 C:\Users\yebdi\OneDrive\Documents\devWeb\amd_maj\system\CodeIgniter.php(832): App\Controllers\Category->show()
#1 C:\Users\yebdi\OneDrive\Documents\devWeb\amd_maj\system\CodeIgniter.php(419): CodeIgniter\CodeIgniter->runController(Object(App\Controllers\Category))
#2 C:\Users\yebdi\OneDrive\Documents\devWeb\amd_maj\system\CodeIgniter.php(326): CodeIgniter\CodeIgniter->handleRequest(NULL, Object(Config\Cache), false)
#3 C:\Users\yebdi\OneDrive\Documents\devWeb\amd_maj\public\index.php(37): CodeIgniter\CodeIgniter->run()
#4 C:\Users\yebdi\OneDrive\Documents\devWeb\amd_maj\system\Commands\Server\rewrite.php(43): require_once('C:\\Users\\yebdi\\...')
#5 {main}
CRITICAL - 2022-09-12 08:56:18 --> Too few arguments to function App\Controllers\Category::show(), 0 passed in C:\Users\yebdi\OneDrive\Documents\devWeb\amd_maj\system\CodeIgniter.php on line 832 and exactly 1 expected
#0 C:\Users\yebdi\OneDrive\Documents\devWeb\amd_maj\system\CodeIgniter.php(832): App\Controllers\Category->show()
#1 C:\Users\yebdi\OneDrive\Documents\devWeb\amd_maj\system\CodeIgniter.php(419): CodeIgniter\CodeIgniter->runController(Object(App\Controllers\Category))
#2 C:\Users\yebdi\OneDrive\Documents\devWeb\amd_maj\system\CodeIgniter.php(326): CodeIgniter\CodeIgniter->handleRequest(NULL, Object(Config\Cache), false)
#3 C:\Users\yebdi\OneDrive\Documents\devWeb\amd_maj\public\index.php(37): CodeIgniter\CodeIgniter->run()
#4 C:\Users\yebdi\OneDrive\Documents\devWeb\amd_maj\system\Commands\Server\rewrite.php(43): require_once('C:\\Users\\yebdi\\...')
#5 {main}
CRITICAL - 2022-09-12 08:56:25 --> Too few arguments to function App\Controllers\Category::show(), 0 passed in C:\Users\yebdi\OneDrive\Documents\devWeb\amd_maj\system\CodeIgniter.php on line 832 and exactly 1 expected
#0 C:\Users\yebdi\OneDrive\Documents\devWeb\amd_maj\system\CodeIgniter.php(832): App\Controllers\Category->show()
#1 C:\Users\yebdi\OneDrive\Documents\devWeb\amd_maj\system\CodeIgniter.php(419): CodeIgniter\CodeIgniter->runController(Object(App\Controllers\Category))
#2 C:\Users\yebdi\OneDrive\Documents\devWeb\amd_maj\system\CodeIgniter.php(326): CodeIgniter\CodeIgniter->handleRequest(NULL, Object(Config\Cache), false)
#3 C:\Users\yebdi\OneDrive\Documents\devWeb\amd_maj\public\index.php(37): CodeIgniter\CodeIgniter->run()
#4 C:\Users\yebdi\OneDrive\Documents\devWeb\amd_maj\system\Commands\Server\rewrite.php(43): require_once('C:\\Users\\yebdi\\...')
#5 {main}
